[01:14:54] Explicit valence for atom # 17 H, 2, is greater than permitted
[01:14:55] Explicit valence for atom # 17 H, 2, is greater than permitted
[01:14:55] Explicit valence for atom # 17 H, 2, is greater than permitted
[01:14:56] Explicit valence for atom # 17 H, 2, is greater than permitted
[01:14:56] Explicit valence for atom # 17 H, 2, is greater than permitted
[01:14:57] Explicit valence for atom # 17 H, 2, is greater than permitted
[01:14:57] Explicit valence for atom # 17 H, 2, is greater than permitted
[01:14:58] Explicit valence for atom # 17 H, 2, is greater than permitted
[01:14:58] Explicit valence for atom # 17 H, 2, is greater than permitted
[01:14:59] Explicit valence for atom # 17 H, 2, is greater than permitted
[01:14:59] Explicit valence for atom # 17 H, 2, is greater than permitted
[01:15:00] Explicit valence for atom # 17 H, 2, is greater than permitted
[01:15:00] Explicit valence for atom # 17 H, 2, is greater than permitted
[01:15:01] Explicit valence for atom # 17 H, 2, is greater than permitted
[01:15:01] Explicit valence for atom # 17 H, 2, is greater than permitted
[01:15:01] Explicit valence for atom # 17 H, 2, is greater than permitted
[01:15:02] Explicit valence for atom # 17 H, 2, is greater than permitted
[01:15:02] Explicit valence for atom # 17 H, 2, is greater than permitted
[01:15:03] Explicit valence for atom # 17 H, 2, is greater than permitted
[01:15:03] Explicit valence for atom # 17 H, 2, is greater than permitted
[01:15:04] Explicit valence for atom # 17 H, 2, is greater than permitted
Traceback (most recent call last):
  File "/scratch/users/enf/deep-docking/cluster_utils/featurize_pdbbind_cluster_job.py", line 180, in <module>
    featurize_job(args.pdb_directories, args.pickle_out, args.featurization_type, args.box_width, args.voxel_width, args.tmp_dir, args.nb_rotations, args.nb_reflections)
  File "/scratch/users/enf/deep-docking/cluster_utils/featurize_pdbbind_cluster_job.py", line 173, in featurize_job
    featurize_3d_grid(pdb_directories, pickle_out, box_width, voxel_width, nb_rotations, nb_reflections, tmp_dir)
  File "/scratch/users/enf/deep-docking/cluster_utils/featurize_pdbbind_cluster_job.py", line 151, in featurize_3d_grid
    grid = g.transform(box, box_width, box_width, box_width, voxel_width, grid_pkl_dir, num_features=3)
  File "/scratch/users/enf/deep-docking/vs-utils/vs_utils/utils/grid_factory.py", line 63, in transform
    self.featurize_atoms()
  File "/scratch/users/enf/deep-docking/vs-utils/vs_utils/utils/grid_factory.py", line 111, in featurize_atoms
    element_int = self.periodic_table[element]
KeyError: 'R'
