/home/enf/anaconda/lib/python2.7/site-packages/mdtraj-1.4.0.dev0-py2.7-linux-x86_64.egg/mdtraj/formats/pdb/pdbstructure.py:434: UserWarning: WARNING: two consecutive residues with same number (ATOM   1196  N   GLY A 183      28.182  24.519  10.079  1.00  0.00           N  , ATOM   1195  CB  ALA A 183      25.732  25.001  12.087  1.00  0.00           C  )
  warnings.warn("WARNING: two consecutive residues with same number (%s, %s)" % (atom, self._current_residue.atoms[-1]))
/home/enf/anaconda/lib/python2.7/site-packages/mdtraj-1.4.0.dev0-py2.7-linux-x86_64.egg/mdtraj/formats/pdb/pdbstructure.py:434: UserWarning: WARNING: two consecutive residues with same number (ATOM   1423  N   ALA A 220      34.119  16.843  11.559  1.00  0.00           N  , ATOM   1422  SG  CYS A 220      33.617  14.310  15.820  1.00  0.00           S  )
  warnings.warn("WARNING: two consecutive residues with same number (%s, %s)" % (atom, self._current_residue.atoms[-1]))
/home/enf/anaconda/lib/python2.7/site-packages/mdtraj-1.4.0.dev0-py2.7-linux-x86_64.egg/mdtraj/formats/pdb/pdbstructure.py:434: UserWarning: WARNING: two consecutive residues with same number (ATOM   1907  H   GLY A 183      27.881  25.395   9.746  1.00  0.00           H  , ATOM   1906  H   ALA A 183      25.283  22.199  11.126  1.00  0.00           H  )
  warnings.warn("WARNING: two consecutive residues with same number (%s, %s)" % (atom, self._current_residue.atoms[-1]))
/home/enf/anaconda/lib/python2.7/site-packages/mdtraj-1.4.0.dev0-py2.7-linux-x86_64.egg/mdtraj/formats/pdb/pdbstructure.py:434: UserWarning: WARNING: two consecutive residues with same number (ATOM   1957  H   ALA A 220      33.212  17.161  11.774  1.00  0.00           H  , ATOM   1956  H   CYS A 220      34.174  13.150  12.586  1.00  0.00           H  )
  warnings.warn("WARNING: two consecutive residues with same number (%s, %s)" % (atom, self._current_residue.atoms[-1]))
Traceback (most recent call last):
  File "/scratch/users/enf/deep-docking/cluster_utils/featurize_pdbbind_cluster_job.py", line 180, in <module>
    featurize_job(args.pdb_directories, args.pickle_out, args.featurization_type, args.box_width, args.voxel_width, args.tmp_dir, args.nb_rotations, args.nb_reflections)
  File "/scratch/users/enf/deep-docking/cluster_utils/featurize_pdbbind_cluster_job.py", line 173, in featurize_job
    featurize_3d_grid(pdb_directories, pickle_out, box_width, voxel_width, nb_rotations, nb_reflections, tmp_dir)
  File "/scratch/users/enf/deep-docking/cluster_utils/featurize_pdbbind_cluster_job.py", line 151, in featurize_3d_grid
    grid = g.transform(box, box_width, box_width, box_width, voxel_width, grid_pkl_dir, num_features=3)
  File "/scratch/users/enf/deep-docking/vs-utils/vs_utils/utils/grid_factory.py", line 63, in transform
    self.featurize_atoms()
  File "/scratch/users/enf/deep-docking/vs-utils/vs_utils/utils/grid_factory.py", line 111, in featurize_atoms
    element_int = self.periodic_table[element]
KeyError: 'A'
