
processing 0-th pdb /scratch/users/enf/deep-docking/datasets/pdbbind/website/2cer
About to extract ligand and protein input files
Extracted Input Files:
('2cer_ligand_hyd.pdb', '2cer_ligand_hyd.pdbqt', '2cer_protein_hyd.pdb', '2cer_protein_hyd.pdbqt')
WARNING: There is no atom named "NZ"in the protein residue  LYS_332_A. Please
use standard naming conventions for all protein residues. This atom is needed to
determine pi-cation and salt-bridge interactions. If this residue is far from
the active site, this warning may not affect the NNScore.

WARNING: There is no atom named "NZ"in the protein residue  LYS_485_A. Please
use standard naming conventions for all protein residues. This atom is needed to
determine pi-cation and salt-bridge interactions. If this residue is far from
the active site, this warning may not affect the NNScore.

WARNING: There is no atom named "OE1"in the protein residue  GLU_120_A. Please
use standard naming conventions for all protein residues. This atom is needed to
determine salt-bridge interactions. If this residue is far from the active site,
this warning may not affect the NNScore.

WARNING: There is no atom named "OE2"in the protein residue  GLU_120_A. Please
use standard naming conventions for all protein residues. This atom is needed to
determine salt-bridge interactions. If this residue is far from the active site,
this warning may not affect the NNScore.

WARNING: There is no atom named "OE1"in the protein residue  GLU_331_A. Please
use standard naming conventions for all protein residues. This atom is needed to
determine salt-bridge interactions. If this residue is far from the active site,
this warning may not affect the NNScore.

WARNING: There is no atom named "OE2"in the protein residue  GLU_331_A. Please
use standard naming conventions for all protein residues. This atom is needed to
determine salt-bridge interactions. If this residue is far from the active site,
this warning may not affect the NNScore.

(9, 0)
/scratch/users/enf/deep-docking/shallow/pdbbind_full_tmp//2cer_9_0_system.pdb
(0, 0)
/scratch/users/enf/deep-docking/shallow/pdbbind_full_tmp//2cer_0_0_system.pdb
(7, 0)
/scratch/users/enf/deep-docking/shallow/pdbbind_full_tmp//2cer_7_0_system.pdb
(8, 1)
/scratch/users/enf/deep-docking/shallow/pdbbind_full_tmp//2cer_8_1_system.pdb
(7, 1)
/scratch/users/enf/deep-docking/shallow/pdbbind_full_tmp//2cer_7_1_system.pdb
(3, 0)
/scratch/users/enf/deep-docking/shallow/pdbbind_full_tmp//2cer_3_0_system.pdb
(6, 1)
/scratch/users/enf/deep-docking/shallow/pdbbind_full_tmp//2cer_6_1_system.pdb
(3, 1)
/scratch/users/enf/deep-docking/shallow/pdbbind_full_tmp//2cer_3_1_system.pdb
(6, 0)
/scratch/users/enf/deep-docking/shallow/pdbbind_full_tmp//2cer_6_0_system.pdb
(2, 1)
/scratch/users/enf/deep-docking/shallow/pdbbind_full_tmp//2cer_2_1_system.pdb
(10, 0)
/scratch/users/enf/deep-docking/shallow/pdbbind_full_tmp//2cer_10_0_system.pdb
(2, 0)
/scratch/users/enf/deep-docking/shallow/pdbbind_full_tmp//2cer_2_0_system.pdb
(5, 0)
/scratch/users/enf/deep-docking/shallow/pdbbind_full_tmp//2cer_5_0_system.pdb
(9, 1)
/scratch/users/enf/deep-docking/shallow/pdbbind_full_tmp//2cer_9_1_system.pdb
(8, 0)
/scratch/users/enf/deep-docking/shallow/pdbbind_full_tmp//2cer_8_0_system.pdb
(5, 1)
/scratch/users/enf/deep-docking/shallow/pdbbind_full_tmp//2cer_5_1_system.pdb
(1, 0)
/scratch/users/enf/deep-docking/shallow/pdbbind_full_tmp//2cer_1_0_system.pdb
(10, 1)
/scratch/users/enf/deep-docking/shallow/pdbbind_full_tmp//2cer_10_1_system.pdb
(4, 1)
/scratch/users/enf/deep-docking/shallow/pdbbind_full_tmp//2cer_4_1_system.pdb
(1, 1)
/scratch/users/enf/deep-docking/shallow/pdbbind_full_tmp//2cer_1_1_system.pdb
(4, 0)
/scratch/users/enf/deep-docking/shallow/pdbbind_full_tmp//2cer_4_0_system.pdb
Finished featurizing atoms
Correct number of features in grid!
About to compute sequence.
About to compute ligand smiles string.
Finished featurizing atoms
Correct number of features in grid!
About to compute sequence.
About to compute ligand smiles string.
Finished featurizing atoms
Correct number of features in grid!
About to compute sequence.
About to compute ligand smiles string.
Finished featurizing atoms
Correct number of features in grid!
About to compute sequence.
About to compute ligand smiles string.
Finished featurizing atoms
Correct number of features in grid!
About to compute sequence.
About to compute ligand smiles string.
Finished featurizing atoms
Correct number of features in grid!
About to compute sequence.
About to compute ligand smiles string.
Finished featurizing atoms
Correct number of features in grid!
About to compute sequence.
About to compute ligand smiles string.
Finished featurizing atoms
Correct number of features in grid!
About to compute sequence.
About to compute ligand smiles string.
Finished featurizing atoms
Correct number of features in grid!
About to compute sequence.
About to compute ligand smiles string.
Finished featurizing atoms
Correct number of features in grid!
About to compute sequence.
About to compute ligand smiles string.
Finished featurizing atoms
Correct number of features in grid!
About to compute sequence.
About to compute ligand smiles string.
Finished featurizing atoms
Correct number of features in grid!
About to compute sequence.
About to compute ligand smiles string.
Finished featurizing atoms
Correct number of features in grid!
About to compute sequence.
About to compute ligand smiles string.
Finished featurizing atoms
Correct number of features in grid!
About to compute sequence.
About to compute ligand smiles string.
Finished featurizing atoms
Correct number of features in grid!
About to compute sequence.
About to compute ligand smiles string.
Finished featurizing atoms
Correct number of features in grid!
About to compute sequence.
About to compute ligand smiles string.
Finished featurizing atoms
Correct number of features in grid!
About to compute sequence.
About to compute ligand smiles string.
Finished featurizing atoms
Correct number of features in grid!
About to compute sequence.
About to compute ligand smiles string.
Finished featurizing atoms
Correct number of features in grid!
About to compute sequence.
About to compute ligand smiles string.
Finished featurizing atoms
Correct number of features in grid!
About to compute sequence.
About to compute ligand smiles string.
Finished featurizing atoms
Correct number of features in grid!
About to compute sequence.
About to compute ligand smiles string.

processing 1-th pdb /scratch/users/enf/deep-docking/datasets/pdbbind/website/2cm8
About to extract ligand and protein input files
Extracted Input Files:
('2cm8_ligand_hyd.pdb', '2cm8_ligand_hyd.pdbqt', '2cm8_protein_hyd.pdb', '2cm8_protein_hyd.pdbqt')
WARNING: There is no atom named "C"in the protein residue  LEU_299_A. Please use
standard naming conventions for all protein residues. This atom is needed to
determine secondary structure. If this residue is far from the active site, this
warning may not affect the NNScore.

WARNING: There is no atom named "CA"in the protein residue  LEU_299_A. Please
use standard naming conventions for all protein residues. This atom is needed to
determine secondary structure. If this residue is far from the active site, this
warning may not affect the NNScore.

(9, 0)
/scratch/users/enf/deep-docking/shallow/pdbbind_full_tmp//2cm8_9_0_system.pdb
(0, 0)
/scratch/users/enf/deep-docking/shallow/pdbbind_full_tmp//2cm8_0_0_system.pdb
(7, 0)
/scratch/users/enf/deep-docking/shallow/pdbbind_full_tmp//2cm8_7_0_system.pdb
(8, 1)
/scratch/users/enf/deep-docking/shallow/pdbbind_full_tmp//2cm8_8_1_system.pdb
(7, 1)
/scratch/users/enf/deep-docking/shallow/pdbbind_full_tmp//2cm8_7_1_system.pdb
(3, 0)
/scratch/users/enf/deep-docking/shallow/pdbbind_full_tmp//2cm8_3_0_system.pdb
(6, 1)
/scratch/users/enf/deep-docking/shallow/pdbbind_full_tmp//2cm8_6_1_system.pdb
(3, 1)
/scratch/users/enf/deep-docking/shallow/pdbbind_full_tmp//2cm8_3_1_system.pdb
(6, 0)
/scratch/users/enf/deep-docking/shallow/pdbbind_full_tmp//2cm8_6_0_system.pdb
(2, 1)
/scratch/users/enf/deep-docking/shallow/pdbbind_full_tmp//2cm8_2_1_system.pdb
(10, 0)
/scratch/users/enf/deep-docking/shallow/pdbbind_full_tmp//2cm8_10_0_system.pdb
(2, 0)
/scratch/users/enf/deep-docking/shallow/pdbbind_full_tmp//2cm8_2_0_system.pdb
(5, 0)
/scratch/users/enf/deep-docking/shallow/pdbbind_full_tmp//2cm8_5_0_system.pdb
(9, 1)
/scratch/users/enf/deep-docking/shallow/pdbbind_full_tmp//2cm8_9_1_system.pdb
(8, 0)
/scratch/users/enf/deep-docking/shallow/pdbbind_full_tmp//2cm8_8_0_system.pdb
(5, 1)
/scratch/users/enf/deep-docking/shallow/pdbbind_full_tmp//2cm8_5_1_system.pdb
(1, 0)
/scratch/users/enf/deep-docking/shallow/pdbbind_full_tmp//2cm8_1_0_system.pdb
(10, 1)
/scratch/users/enf/deep-docking/shallow/pdbbind_full_tmp//2cm8_10_1_system.pdb
(4, 1)
/scratch/users/enf/deep-docking/shallow/pdbbind_full_tmp//2cm8_4_1_system.pdb
(1, 1)
/scratch/users/enf/deep-docking/shallow/pdbbind_full_tmp//2cm8_1_1_system.pdb
(4, 0)
/scratch/users/enf/deep-docking/shallow/pdbbind_full_tmp//2cm8_4_0_system.pdb
Finished featurizing atoms
Correct number of features in grid!
About to compute sequence.
About to compute ligand smiles string.
Finished featurizing atoms
Correct number of features in grid!
About to compute sequence.
About to compute ligand smiles string.
Finished featurizing atoms
Correct number of features in grid!
About to compute sequence.
About to compute ligand smiles string.
Finished featurizing atoms
Correct number of features in grid!
About to compute sequence.
About to compute ligand smiles string.
Finished featurizing atoms
Correct number of features in grid!
About to compute sequence.
About to compute ligand smiles string.
Finished featurizing atoms
Correct number of features in grid!
About to compute sequence.
About to compute ligand smiles string.
Finished featurizing atoms
Correct number of features in grid!
About to compute sequence.
About to compute ligand smiles string.
Finished featurizing atoms
Correct number of features in grid!
About to compute sequence.
About to compute ligand smiles string.
Finished featurizing atoms
Correct number of features in grid!
About to compute sequence.
About to compute ligand smiles string.
Finished featurizing atoms
Correct number of features in grid!
About to compute sequence.
About to compute ligand smiles string.
Finished featurizing atoms
Correct number of features in grid!
About to compute sequence.
About to compute ligand smiles string.
Finished featurizing atoms
Correct number of features in grid!
About to compute sequence.
About to compute ligand smiles string.
Finished featurizing atoms
Correct number of features in grid!
About to compute sequence.
About to compute ligand smiles string.
Finished featurizing atoms
Correct number of features in grid!
About to compute sequence.
About to compute ligand smiles string.
Finished featurizing atoms
Correct number of features in grid!
About to compute sequence.
About to compute ligand smiles string.
Finished featurizing atoms
Correct number of features in grid!
About to compute sequence.
About to compute ligand smiles string.
Finished featurizing atoms
Correct number of features in grid!
About to compute sequence.
About to compute ligand smiles string.
Finished featurizing atoms
Correct number of features in grid!
About to compute sequence.
About to compute ligand smiles string.
Finished featurizing atoms
Correct number of features in grid!
About to compute sequence.
About to compute ligand smiles string.
Finished featurizing atoms
Correct number of features in grid!
About to compute sequence.
About to compute ligand smiles string.
Finished featurizing atoms
Correct number of features in grid!
About to compute sequence.
About to compute ligand smiles string.

processing 2-th pdb /scratch/users/enf/deep-docking/datasets/pdbbind/website/2q70
About to extract ligand and protein input files
Extracted Input Files:
('2q70_ligand_hyd.pdb', '2q70_ligand_hyd.pdbqt', '2q70_protein_hyd.pdb', '2q70_protein_hyd.pdbqt')
WARNING: There is no atom named "OE1"in the protein residue  GLU_339_A. Please
use standard naming conventions for all protein residues. This atom is needed to
determine salt-bridge interactions. If this residue is far from the active site,
this warning may not affect the NNScore.

WARNING: There is no atom named "OE2"in the protein residue  GLU_339_A. Please
use standard naming conventions for all protein residues. This atom is needed to
determine salt-bridge interactions. If this residue is far from the active site,
this warning may not affect the NNScore.

(9, 0)
/scratch/users/enf/deep-docking/shallow/pdbbind_full_tmp//2q70_9_0_system.pdb
(0, 0)
/scratch/users/enf/deep-docking/shallow/pdbbind_full_tmp//2q70_0_0_system.pdb
(7, 0)
/scratch/users/enf/deep-docking/shallow/pdbbind_full_tmp//2q70_7_0_system.pdb
(8, 1)
/scratch/users/enf/deep-docking/shallow/pdbbind_full_tmp//2q70_8_1_system.pdb
(7, 1)
/scratch/users/enf/deep-docking/shallow/pdbbind_full_tmp//2q70_7_1_system.pdb
(3, 0)
/scratch/users/enf/deep-docking/shallow/pdbbind_full_tmp//2q70_3_0_system.pdb
(6, 1)
/scratch/users/enf/deep-docking/shallow/pdbbind_full_tmp//2q70_6_1_system.pdb
(3, 1)
/scratch/users/enf/deep-docking/shallow/pdbbind_full_tmp//2q70_3_1_system.pdb
(6, 0)
/scratch/users/enf/deep-docking/shallow/pdbbind_full_tmp//2q70_6_0_system.pdb
(2, 1)
/scratch/users/enf/deep-docking/shallow/pdbbind_full_tmp//2q70_2_1_system.pdb
(10, 0)
/scratch/users/enf/deep-docking/shallow/pdbbind_full_tmp//2q70_10_0_system.pdb
(2, 0)
/scratch/users/enf/deep-docking/shallow/pdbbind_full_tmp//2q70_2_0_system.pdb
(5, 0)
/scratch/users/enf/deep-docking/shallow/pdbbind_full_tmp//2q70_5_0_system.pdb
(9, 1)
/scratch/users/enf/deep-docking/shallow/pdbbind_full_tmp//2q70_9_1_system.pdb
(8, 0)
/scratch/users/enf/deep-docking/shallow/pdbbind_full_tmp//2q70_8_0_system.pdb
(5, 1)
/scratch/users/enf/deep-docking/shallow/pdbbind_full_tmp//2q70_5_1_system.pdb
(1, 0)
/scratch/users/enf/deep-docking/shallow/pdbbind_full_tmp//2q70_1_0_system.pdb
(10, 1)
/scratch/users/enf/deep-docking/shallow/pdbbind_full_tmp//2q70_10_1_system.pdb
(4, 1)
/scratch/users/enf/deep-docking/shallow/pdbbind_full_tmp//2q70_4_1_system.pdb
(1, 1)
/scratch/users/enf/deep-docking/shallow/pdbbind_full_tmp//2q70_1_1_system.pdb
(4, 0)
/scratch/users/enf/deep-docking/shallow/pdbbind_full_tmp//2q70_4_0_system.pdb
Finished featurizing atoms
Correct number of features in grid!
About to compute sequence.
About to compute ligand smiles string.
Finished featurizing atoms
Correct number of features in grid!
About to compute sequence.
About to compute ligand smiles string.
Finished featurizing atoms
Correct number of features in grid!
About to compute sequence.
About to compute ligand smiles string.
Finished featurizing atoms
Correct number of features in grid!
About to compute sequence.
About to compute ligand smiles string.
Finished featurizing atoms
Correct number of features in grid!
About to compute sequence.
About to compute ligand smiles string.
Finished featurizing atoms
Correct number of features in grid!
About to compute sequence.
About to compute ligand smiles string.
Finished featurizing atoms
Correct number of features in grid!
About to compute sequence.
About to compute ligand smiles string.
Finished featurizing atoms
Correct number of features in grid!
About to compute sequence.
About to compute ligand smiles string.
Finished featurizing atoms
Correct number of features in grid!
About to compute sequence.
About to compute ligand smiles string.
Finished featurizing atoms
Correct number of features in grid!
About to compute sequence.
About to compute ligand smiles string.
Finished featurizing atoms
Correct number of features in grid!
About to compute sequence.
About to compute ligand smiles string.
Finished featurizing atoms
Correct number of features in grid!
About to compute sequence.
About to compute ligand smiles string.
Finished featurizing atoms
Correct number of features in grid!
About to compute sequence.
About to compute ligand smiles string.
Finished featurizing atoms
Correct number of features in grid!
About to compute sequence.
About to compute ligand smiles string.
Finished featurizing atoms
Correct number of features in grid!
About to compute sequence.
About to compute ligand smiles string.
Finished featurizing atoms
Correct number of features in grid!
About to compute sequence.
About to compute ligand smiles string.
Finished featurizing atoms
Correct number of features in grid!
About to compute sequence.
About to compute ligand smiles string.
Finished featurizing atoms
Correct number of features in grid!
About to compute sequence.
About to compute ligand smiles string.
Finished featurizing atoms
Correct number of features in grid!
About to compute sequence.
About to compute ligand smiles string.
Finished featurizing atoms
Correct number of features in grid!
About to compute sequence.
About to compute ligand smiles string.
Finished featurizing atoms
Correct number of features in grid!
About to compute sequence.
About to compute ligand smiles string.

processing 3-th pdb /scratch/users/enf/deep-docking/datasets/pdbbind/website/3cyy
About to extract ligand and protein input files
Extracted Input Files:
('3cyy_ligand_hyd.pdb', '3cyy_ligand_hyd.pdbqt', '3cyy_protein_hyd.pdb', '3cyy_protein_hyd.pdbqt')
WARNING: There is no atom named "NZ"in the protein residue  LYS_183_A. Please
use standard naming conventions for all protein residues. This atom is needed to
determine pi-cation and salt-bridge interactions. If this residue is far from
the active site, this warning may not affect the NNScore.

WARNING: There is no atom named "NZ"in the protein residue  LYS_183_B. Please
use standard naming conventions for all protein residues. This atom is needed to
determine pi-cation and salt-bridge interactions. If this residue is far from
the active site, this warning may not affect the NNScore.

WARNING: There is no atom named "NZ"in the protein residue  LYS_186_B. Please
use standard naming conventions for all protein residues. This atom is needed to
determine pi-cation and salt-bridge interactions. If this residue is far from
the active site, this warning may not affect the NNScore.

WARNING: There is no atom named "NZ"in the protein residue  LYS_194_A. Please
use standard naming conventions for all protein residues. This atom is needed to
determine pi-cation and salt-bridge interactions. If this residue is far from
the active site, this warning may not affect the NNScore.

WARNING: There is no atom named "NZ"in the protein residue  LYS_194_B. Please
use standard naming conventions for all protein residues. This atom is needed to
determine pi-cation and salt-bridge interactions. If this residue is far from
the active site, this warning may not affect the NNScore.

(9, 0)
/scratch/users/enf/deep-docking/shallow/pdbbind_full_tmp//3cyy_9_0_system.pdb
(0, 0)
/scratch/users/enf/deep-docking/shallow/pdbbind_full_tmp//3cyy_0_0_system.pdb
(7, 0)
/scratch/users/enf/deep-docking/shallow/pdbbind_full_tmp//3cyy_7_0_system.pdb
(8, 1)
/scratch/users/enf/deep-docking/shallow/pdbbind_full_tmp//3cyy_8_1_system.pdb
(7, 1)
/scratch/users/enf/deep-docking/shallow/pdbbind_full_tmp//3cyy_7_1_system.pdb
(3, 0)
/scratch/users/enf/deep-docking/shallow/pdbbind_full_tmp//3cyy_3_0_system.pdb
(6, 1)
/scratch/users/enf/deep-docking/shallow/pdbbind_full_tmp//3cyy_6_1_system.pdb
(3, 1)
/scratch/users/enf/deep-docking/shallow/pdbbind_full_tmp//3cyy_3_1_system.pdb
(6, 0)
/scratch/users/enf/deep-docking/shallow/pdbbind_full_tmp//3cyy_6_0_system.pdb
(2, 1)
/scratch/users/enf/deep-docking/shallow/pdbbind_full_tmp//3cyy_2_1_system.pdb
(10, 0)
/scratch/users/enf/deep-docking/shallow/pdbbind_full_tmp//3cyy_10_0_system.pdb
(2, 0)
/scratch/users/enf/deep-docking/shallow/pdbbind_full_tmp//3cyy_2_0_system.pdb
(5, 0)
/scratch/users/enf/deep-docking/shallow/pdbbind_full_tmp//3cyy_5_0_system.pdb
(9, 1)
/scratch/users/enf/deep-docking/shallow/pdbbind_full_tmp//3cyy_9_1_system.pdb
(8, 0)
/scratch/users/enf/deep-docking/shallow/pdbbind_full_tmp//3cyy_8_0_system.pdb
(5, 1)
/scratch/users/enf/deep-docking/shallow/pdbbind_full_tmp//3cyy_5_1_system.pdb
(1, 0)
/scratch/users/enf/deep-docking/shallow/pdbbind_full_tmp//3cyy_1_0_system.pdb
(10, 1)
/scratch/users/enf/deep-docking/shallow/pdbbind_full_tmp//3cyy_10_1_system.pdb
(4, 1)
/scratch/users/enf/deep-docking/shallow/pdbbind_full_tmp//3cyy_4_1_system.pdb
(1, 1)
/scratch/users/enf/deep-docking/shallow/pdbbind_full_tmp//3cyy_1_1_system.pdb
(4, 0)
/scratch/users/enf/deep-docking/shallow/pdbbind_full_tmp//3cyy_4_0_system.pdb
Finished featurizing atoms
Correct number of features in grid!
About to compute sequence.
About to compute ligand smiles string.
Finished featurizing atoms
Correct number of features in grid!
About to compute sequence.
About to compute ligand smiles string.
Finished featurizing atoms
Correct number of features in grid!
About to compute sequence.
About to compute ligand smiles string.
Finished featurizing atoms
Correct number of features in grid!
About to compute sequence.
About to compute ligand smiles string.
Finished featurizing atoms
Correct number of features in grid!
About to compute sequence.
About to compute ligand smiles string.
Finished featurizing atoms
Correct number of features in grid!
About to compute sequence.
About to compute ligand smiles string.
Finished featurizing atoms
Correct number of features in grid!
About to compute sequence.
About to compute ligand smiles string.
Finished featurizing atoms
Correct number of features in grid!
About to compute sequence.
About to compute ligand smiles string.
Finished featurizing atoms
Correct number of features in grid!
About to compute sequence.
About to compute ligand smiles string.
Finished featurizing atoms
Correct number of features in grid!
About to compute sequence.
About to compute ligand smiles string.
Finished featurizing atoms
Correct number of features in grid!
About to compute sequence.
About to compute ligand smiles string.
Finished featurizing atoms
Correct number of features in grid!
About to compute sequence.
About to compute ligand smiles string.
Finished featurizing atoms
Correct number of features in grid!
About to compute sequence.
About to compute ligand smiles string.
Finished featurizing atoms
Correct number of features in grid!
About to compute sequence.
About to compute ligand smiles string.
Finished featurizing atoms
Correct number of features in grid!
About to compute sequence.
About to compute ligand smiles string.
Finished featurizing atoms
Correct number of features in grid!
About to compute sequence.
About to compute ligand smiles string.
Finished featurizing atoms
Correct number of features in grid!
About to compute sequence.
About to compute ligand smiles string.
Finished featurizing atoms
Correct number of features in grid!
About to compute sequence.
About to compute ligand smiles string.
Finished featurizing atoms
Correct number of features in grid!
About to compute sequence.
About to compute ligand smiles string.
Finished featurizing atoms
Correct number of features in grid!
About to compute sequence.
About to compute ligand smiles string.
Finished featurizing atoms
Correct number of features in grid!
About to compute sequence.
About to compute ligand smiles string.

processing 4-th pdb /scratch/users/enf/deep-docking/datasets/pdbbind/website/2dri
About to extract ligand and protein input files
Extracted Input Files:
('2dri_ligand_hyd.pdb', '2dri_ligand_hyd.pdbqt', '2dri_protein_hyd.pdb', '2dri_protein_hyd.pdbqt')
(9, 0)
/scratch/users/enf/deep-docking/shallow/pdbbind_full_tmp//2dri_9_0_system.pdb
(0, 0)
/scratch/users/enf/deep-docking/shallow/pdbbind_full_tmp//2dri_0_0_system.pdb
(7, 0)
/scratch/users/enf/deep-docking/shallow/pdbbind_full_tmp//2dri_7_0_system.pdb
(8, 1)
/scratch/users/enf/deep-docking/shallow/pdbbind_full_tmp//2dri_8_1_system.pdb
(7, 1)
/scratch/users/enf/deep-docking/shallow/pdbbind_full_tmp//2dri_7_1_system.pdb
(3, 0)
/scratch/users/enf/deep-docking/shallow/pdbbind_full_tmp//2dri_3_0_system.pdb
(6, 1)
/scratch/users/enf/deep-docking/shallow/pdbbind_full_tmp//2dri_6_1_system.pdb
(3, 1)
/scratch/users/enf/deep-docking/shallow/pdbbind_full_tmp//2dri_3_1_system.pdb
(6, 0)
/scratch/users/enf/deep-docking/shallow/pdbbind_full_tmp//2dri_6_0_system.pdb
(2, 1)
/scratch/users/enf/deep-docking/shallow/pdbbind_full_tmp//2dri_2_1_system.pdb
(10, 0)
/scratch/users/enf/deep-docking/shallow/pdbbind_full_tmp//2dri_10_0_system.pdb
(2, 0)
/scratch/users/enf/deep-docking/shallow/pdbbind_full_tmp//2dri_2_0_system.pdb
(5, 0)
/scratch/users/enf/deep-docking/shallow/pdbbind_full_tmp//2dri_5_0_system.pdb
(9, 1)
/scratch/users/enf/deep-docking/shallow/pdbbind_full_tmp//2dri_9_1_system.pdb
(8, 0)
/scratch/users/enf/deep-docking/shallow/pdbbind_full_tmp//2dri_8_0_system.pdb
(5, 1)
/scratch/users/enf/deep-docking/shallow/pdbbind_full_tmp//2dri_5_1_system.pdb
(1, 0)
/scratch/users/enf/deep-docking/shallow/pdbbind_full_tmp//2dri_1_0_system.pdb
(10, 1)
/scratch/users/enf/deep-docking/shallow/pdbbind_full_tmp//2dri_10_1_system.pdb
(4, 1)
/scratch/users/enf/deep-docking/shallow/pdbbind_full_tmp//2dri_4_1_system.pdb
(1, 1)
/scratch/users/enf/deep-docking/shallow/pdbbind_full_tmp//2dri_1_1_system.pdb
(4, 0)
/scratch/users/enf/deep-docking/shallow/pdbbind_full_tmp//2dri_4_0_system.pdb
Finished featurizing atoms
Correct number of features in grid!
About to compute sequence.
About to compute ligand smiles string.
Finished featurizing atoms
Correct number of features in grid!
About to compute sequence.
About to compute ligand smiles string.
Finished featurizing atoms
Correct number of features in grid!
About to compute sequence.
About to compute ligand smiles string.
Finished featurizing atoms
Correct number of features in grid!
About to compute sequence.
About to compute ligand smiles string.
Finished featurizing atoms
Correct number of features in grid!
About to compute sequence.
About to compute ligand smiles string.
Finished featurizing atoms
Correct number of features in grid!
About to compute sequence.
About to compute ligand smiles string.
Finished featurizing atoms
Correct number of features in grid!
About to compute sequence.
About to compute ligand smiles string.
Finished featurizing atoms
Correct number of features in grid!
About to compute sequence.
About to compute ligand smiles string.
Finished featurizing atoms
Correct number of features in grid!
About to compute sequence.
About to compute ligand smiles string.
Finished featurizing atoms
Correct number of features in grid!
About to compute sequence.
About to compute ligand smiles string.
Finished featurizing atoms
Correct number of features in grid!
About to compute sequence.
About to compute ligand smiles string.
Finished featurizing atoms
Correct number of features in grid!
About to compute sequence.
About to compute ligand smiles string.
Finished featurizing atoms
Correct number of features in grid!
About to compute sequence.
About to compute ligand smiles string.
Finished featurizing atoms
Correct number of features in grid!
About to compute sequence.
About to compute ligand smiles string.
Finished featurizing atoms
Correct number of features in grid!
About to compute sequence.
About to compute ligand smiles string.
Finished featurizing atoms
Correct number of features in grid!
About to compute sequence.
About to compute ligand smiles string.
Finished featurizing atoms
Correct number of features in grid!
About to compute sequence.
About to compute ligand smiles string.
Finished featurizing atoms
Correct number of features in grid!
About to compute sequence.
About to compute ligand smiles string.
Finished featurizing atoms
Correct number of features in grid!
About to compute sequence.
About to compute ligand smiles string.
Finished featurizing atoms
Correct number of features in grid!
About to compute sequence.
About to compute ligand smiles string.
Finished featurizing atoms
Correct number of features in grid!
About to compute sequence.
About to compute ligand smiles string.

processing 5-th pdb /scratch/users/enf/deep-docking/datasets/pdbbind/website/1utn
About to extract ligand and protein input files
Extracted Input Files:
('1utn_ligand_hyd.pdb', '1utn_ligand_hyd.pdbqt', '1utn_protein_hyd.pdb', '1utn_protein_hyd.pdbqt')
(9, 0)
/scratch/users/enf/deep-docking/shallow/pdbbind_full_tmp//1utn_9_0_system.pdb
(0, 0)
/scratch/users/enf/deep-docking/shallow/pdbbind_full_tmp//1utn_0_0_system.pdb
(7, 0)
/scratch/users/enf/deep-docking/shallow/pdbbind_full_tmp//1utn_7_0_system.pdb
(8, 1)
/scratch/users/enf/deep-docking/shallow/pdbbind_full_tmp//1utn_8_1_system.pdb
(7, 1)
/scratch/users/enf/deep-docking/shallow/pdbbind_full_tmp//1utn_7_1_system.pdb
(3, 0)
/scratch/users/enf/deep-docking/shallow/pdbbind_full_tmp//1utn_3_0_system.pdb
(6, 1)
/scratch/users/enf/deep-docking/shallow/pdbbind_full_tmp//1utn_6_1_system.pdb
(3, 1)
/scratch/users/enf/deep-docking/shallow/pdbbind_full_tmp//1utn_3_1_system.pdb
(6, 0)
/scratch/users/enf/deep-docking/shallow/pdbbind_full_tmp//1utn_6_0_system.pdb
(2, 1)
/scratch/users/enf/deep-docking/shallow/pdbbind_full_tmp//1utn_2_1_system.pdb
(10, 0)
/scratch/users/enf/deep-docking/shallow/pdbbind_full_tmp//1utn_10_0_system.pdb
(2, 0)
/scratch/users/enf/deep-docking/shallow/pdbbind_full_tmp//1utn_2_0_system.pdb
(5, 0)
/scratch/users/enf/deep-docking/shallow/pdbbind_full_tmp//1utn_5_0_system.pdb
(9, 1)
/scratch/users/enf/deep-docking/shallow/pdbbind_full_tmp//1utn_9_1_system.pdb
(8, 0)
/scratch/users/enf/deep-docking/shallow/pdbbind_full_tmp//1utn_8_0_system.pdb
(5, 1)
/scratch/users/enf/deep-docking/shallow/pdbbind_full_tmp//1utn_5_1_system.pdb
(1, 0)
/scratch/users/enf/deep-docking/shallow/pdbbind_full_tmp//1utn_1_0_system.pdb
(10, 1)
/scratch/users/enf/deep-docking/shallow/pdbbind_full_tmp//1utn_10_1_system.pdb
(4, 1)
/scratch/users/enf/deep-docking/shallow/pdbbind_full_tmp//1utn_4_1_system.pdb
(1, 1)
/scratch/users/enf/deep-docking/shallow/pdbbind_full_tmp//1utn_1_1_system.pdb
(4, 0)
/scratch/users/enf/deep-docking/shallow/pdbbind_full_tmp//1utn_4_0_system.pdb
Finished featurizing atoms
Correct number of features in grid!
About to compute sequence.
About to compute ligand smiles string.
Finished featurizing atoms
Correct number of features in grid!
About to compute sequence.
About to compute ligand smiles string.
Finished featurizing atoms
Correct number of features in grid!
About to compute sequence.
About to compute ligand smiles string.
Finished featurizing atoms
Correct number of features in grid!
About to compute sequence.
About to compute ligand smiles string.
Finished featurizing atoms
Correct number of features in grid!
About to compute sequence.
About to compute ligand smiles string.
Finished featurizing atoms
Correct number of features in grid!
About to compute sequence.
About to compute ligand smiles string.
Finished featurizing atoms
Correct number of features in grid!
About to compute sequence.
About to compute ligand smiles string.
Finished featurizing atoms
Correct number of features in grid!
About to compute sequence.
About to compute ligand smiles string.
Finished featurizing atoms
Correct number of features in grid!
About to compute sequence.
About to compute ligand smiles string.
Finished featurizing atoms
Correct number of features in grid!
About to compute sequence.
About to compute ligand smiles string.
Finished featurizing atoms
Correct number of features in grid!
About to compute sequence.
About to compute ligand smiles string.
Finished featurizing atoms
Correct number of features in grid!
About to compute sequence.
About to compute ligand smiles string.
Finished featurizing atoms
Correct number of features in grid!
About to compute sequence.
About to compute ligand smiles string.
Finished featurizing atoms
Correct number of features in grid!
About to compute sequence.
About to compute ligand smiles string.
Finished featurizing atoms
Correct number of features in grid!
About to compute sequence.
About to compute ligand smiles string.
Finished featurizing atoms
Correct number of features in grid!
About to compute sequence.
About to compute ligand smiles string.
Finished featurizing atoms
Correct number of features in grid!
About to compute sequence.
About to compute ligand smiles string.
Finished featurizing atoms
Correct number of features in grid!
About to compute sequence.
About to compute ligand smiles string.
Finished featurizing atoms
Correct number of features in grid!
About to compute sequence.
About to compute ligand smiles string.
Finished featurizing atoms
Correct number of features in grid!
About to compute sequence.
About to compute ligand smiles string.
Finished featurizing atoms
Correct number of features in grid!
About to compute sequence.
About to compute ligand smiles string.

processing 6-th pdb /scratch/users/enf/deep-docking/datasets/pdbbind/website/3d14
About to extract ligand and protein input files
Extracted Input Files:
('3d14_ligand_hyd.pdb', '3d14_ligand_hyd.pdbqt', '3d14_protein_hyd.pdb', '3d14_protein_hyd.pdbqt')
WARNING: There is no atom named "NH1"in the protein residue  ARG_193_A. Please
use standard naming conventions for all protein residues. This atom is needed to
determine pi-cation and salt-bridge interactions. If this residue is far from
the active site, this warning may not affect the NNScore.

WARNING: There is no atom named "NH2"in the protein residue  ARG_193_A. Please
use standard naming conventions for all protein residues. This atom is needed to
determine pi-cation and salt-bridge interactions. If this residue is far from
the active site, this warning may not affect the NNScore.

WARNING: There is no atom named "NZ"in the protein residue  LYS_263_A. Please
use standard naming conventions for all protein residues. This atom is needed to
determine pi-cation and salt-bridge interactions. If this residue is far from
the active site, this warning may not affect the NNScore.

WARNING: There is no atom named "NZ"in the protein residue  LYS_156_A. Please
use standard naming conventions for all protein residues. This atom is needed to
determine pi-cation and salt-bridge interactions. If this residue is far from
the active site, this warning may not affect the NNScore.

WARNING: There is no atom named "NZ"in the protein residue  LYS_184_A. Please
use standard naming conventions for all protein residues. This atom is needed to
determine pi-cation and salt-bridge interactions. If this residue is far from
the active site, this warning may not affect the NNScore.

(9, 0)
/scratch/users/enf/deep-docking/shallow/pdbbind_full_tmp//3d14_9_0_system.pdb
(0, 0)
/scratch/users/enf/deep-docking/shallow/pdbbind_full_tmp//3d14_0_0_system.pdb
(7, 0)
/scratch/users/enf/deep-docking/shallow/pdbbind_full_tmp//3d14_7_0_system.pdb
(8, 1)
/scratch/users/enf/deep-docking/shallow/pdbbind_full_tmp//3d14_8_1_system.pdb
(7, 1)
/scratch/users/enf/deep-docking/shallow/pdbbind_full_tmp//3d14_7_1_system.pdb
(3, 0)
/scratch/users/enf/deep-docking/shallow/pdbbind_full_tmp//3d14_3_0_system.pdb
(6, 1)
/scratch/users/enf/deep-docking/shallow/pdbbind_full_tmp//3d14_6_1_system.pdb
(3, 1)
/scratch/users/enf/deep-docking/shallow/pdbbind_full_tmp//3d14_3_1_system.pdb
(6, 0)
/scratch/users/enf/deep-docking/shallow/pdbbind_full_tmp//3d14_6_0_system.pdb
(2, 1)
/scratch/users/enf/deep-docking/shallow/pdbbind_full_tmp//3d14_2_1_system.pdb
(10, 0)
/scratch/users/enf/deep-docking/shallow/pdbbind_full_tmp//3d14_10_0_system.pdb
(2, 0)
/scratch/users/enf/deep-docking/shallow/pdbbind_full_tmp//3d14_2_0_system.pdb
(5, 0)
/scratch/users/enf/deep-docking/shallow/pdbbind_full_tmp//3d14_5_0_system.pdb
(9, 1)
/scratch/users/enf/deep-docking/shallow/pdbbind_full_tmp//3d14_9_1_system.pdb
(8, 0)
/scratch/users/enf/deep-docking/shallow/pdbbind_full_tmp//3d14_8_0_system.pdb
(5, 1)
/scratch/users/enf/deep-docking/shallow/pdbbind_full_tmp//3d14_5_1_system.pdb
(1, 0)
/scratch/users/enf/deep-docking/shallow/pdbbind_full_tmp//3d14_1_0_system.pdb
(10, 1)
/scratch/users/enf/deep-docking/shallow/pdbbind_full_tmp//3d14_10_1_system.pdb
(4, 1)
/scratch/users/enf/deep-docking/shallow/pdbbind_full_tmp//3d14_4_1_system.pdb
(1, 1)
/scratch/users/enf/deep-docking/shallow/pdbbind_full_tmp//3d14_1_1_system.pdb
(4, 0)
/scratch/users/enf/deep-docking/shallow/pdbbind_full_tmp//3d14_4_0_system.pdb
Finished featurizing atoms
Correct number of features in grid!
About to compute sequence.
About to compute ligand smiles string.
Finished featurizing atoms
Correct number of features in grid!
About to compute sequence.
About to compute ligand smiles string.
Finished featurizing atoms
Correct number of features in grid!
About to compute sequence.
About to compute ligand smiles string.
Finished featurizing atoms
Correct number of features in grid!
About to compute sequence.
About to compute ligand smiles string.
Finished featurizing atoms
Correct number of features in grid!
About to compute sequence.
About to compute ligand smiles string.
Finished featurizing atoms
Correct number of features in grid!
About to compute sequence.
About to compute ligand smiles string.
Finished featurizing atoms
Correct number of features in grid!
About to compute sequence.
About to compute ligand smiles string.
Finished featurizing atoms
Correct number of features in grid!
About to compute sequence.
About to compute ligand smiles string.
Finished featurizing atoms
Correct number of features in grid!
About to compute sequence.
About to compute ligand smiles string.
Finished featurizing atoms
Correct number of features in grid!
About to compute sequence.
About to compute ligand smiles string.
Finished featurizing atoms
Correct number of features in grid!
About to compute sequence.
About to compute ligand smiles string.
Finished featurizing atoms
Correct number of features in grid!
About to compute sequence.
About to compute ligand smiles string.
Finished featurizing atoms
Correct number of features in grid!
About to compute sequence.
About to compute ligand smiles string.
Finished featurizing atoms
Correct number of features in grid!
About to compute sequence.
About to compute ligand smiles string.
Finished featurizing atoms
Correct number of features in grid!
About to compute sequence.
About to compute ligand smiles string.
Finished featurizing atoms
Correct number of features in grid!
About to compute sequence.
About to compute ligand smiles string.
Finished featurizing atoms
Correct number of features in grid!
About to compute sequence.
About to compute ligand smiles string.
Finished featurizing atoms
Correct number of features in grid!
About to compute sequence.
About to compute ligand smiles string.
Finished featurizing atoms
Correct number of features in grid!
About to compute sequence.
About to compute ligand smiles string.
Finished featurizing atoms
Correct number of features in grid!
About to compute sequence.
About to compute ligand smiles string.
Finished featurizing atoms
Correct number of features in grid!
About to compute sequence.
About to compute ligand smiles string.

processing 7-th pdb /scratch/users/enf/deep-docking/datasets/pdbbind/website/3f7i
About to extract ligand and protein input files
Extracted Input Files:
('3f7i_ligand_hyd.pdb', '3f7i_ligand_hyd.pdbqt', '3f7i_protein_hyd.pdb', '3f7i_protein_hyd.pdbqt')
(9, 0)
/scratch/users/enf/deep-docking/shallow/pdbbind_full_tmp//3f7i_9_0_system.pdb
(0, 0)
/scratch/users/enf/deep-docking/shallow/pdbbind_full_tmp//3f7i_0_0_system.pdb
(7, 0)
/scratch/users/enf/deep-docking/shallow/pdbbind_full_tmp//3f7i_7_0_system.pdb
(8, 1)
/scratch/users/enf/deep-docking/shallow/pdbbind_full_tmp//3f7i_8_1_system.pdb
(7, 1)
/scratch/users/enf/deep-docking/shallow/pdbbind_full_tmp//3f7i_7_1_system.pdb
(3, 0)
/scratch/users/enf/deep-docking/shallow/pdbbind_full_tmp//3f7i_3_0_system.pdb
(6, 1)
/scratch/users/enf/deep-docking/shallow/pdbbind_full_tmp//3f7i_6_1_system.pdb
(3, 1)
/scratch/users/enf/deep-docking/shallow/pdbbind_full_tmp//3f7i_3_1_system.pdb
(6, 0)
/scratch/users/enf/deep-docking/shallow/pdbbind_full_tmp//3f7i_6_0_system.pdb
(2, 1)
/scratch/users/enf/deep-docking/shallow/pdbbind_full_tmp//3f7i_2_1_system.pdb
(10, 0)
/scratch/users/enf/deep-docking/shallow/pdbbind_full_tmp//3f7i_10_0_system.pdb
(2, 0)
/scratch/users/enf/deep-docking/shallow/pdbbind_full_tmp//3f7i_2_0_system.pdb
(5, 0)
/scratch/users/enf/deep-docking/shallow/pdbbind_full_tmp//3f7i_5_0_system.pdb
(9, 1)
/scratch/users/enf/deep-docking/shallow/pdbbind_full_tmp//3f7i_9_1_system.pdb
(8, 0)
/scratch/users/enf/deep-docking/shallow/pdbbind_full_tmp//3f7i_8_0_system.pdb
(5, 1)
/scratch/users/enf/deep-docking/shallow/pdbbind_full_tmp//3f7i_5_1_system.pdb
(1, 0)
/scratch/users/enf/deep-docking/shallow/pdbbind_full_tmp//3f7i_1_0_system.pdb
(10, 1)
/scratch/users/enf/deep-docking/shallow/pdbbind_full_tmp//3f7i_10_1_system.pdb
(4, 1)
/scratch/users/enf/deep-docking/shallow/pdbbind_full_tmp//3f7i_4_1_system.pdb
(1, 1)
/scratch/users/enf/deep-docking/shallow/pdbbind_full_tmp//3f7i_1_1_system.pdb
(4, 0)
/scratch/users/enf/deep-docking/shallow/pdbbind_full_tmp//3f7i_4_0_system.pdb
Finished featurizing atoms
Correct number of features in grid!
About to compute sequence.
About to compute ligand smiles string.
Finished featurizing atoms
Correct number of features in grid!
About to compute sequence.
About to compute ligand smiles string.
Finished featurizing atoms
Correct number of features in grid!
About to compute sequence.
About to compute ligand smiles string.
Finished featurizing atoms
Correct number of features in grid!
About to compute sequence.
About to compute ligand smiles string.
Finished featurizing atoms
Correct number of features in grid!
About to compute sequence.
About to compute ligand smiles string.
Finished featurizing atoms
Correct number of features in grid!
About to compute sequence.
About to compute ligand smiles string.
Finished featurizing atoms
Correct number of features in grid!
About to compute sequence.
About to compute ligand smiles string.
Finished featurizing atoms
Correct number of features in grid!
About to compute sequence.
About to compute ligand smiles string.
Finished featurizing atoms
Correct number of features in grid!
About to compute sequence.
About to compute ligand smiles string.
Finished featurizing atoms
Correct number of features in grid!
About to compute sequence.
About to compute ligand smiles string.
Finished featurizing atoms
Correct number of features in grid!
About to compute sequence.
About to compute ligand smiles string.
Finished featurizing atoms
Correct number of features in grid!
About to compute sequence.
About to compute ligand smiles string.
Finished featurizing atoms
Correct number of features in grid!
About to compute sequence.
About to compute ligand smiles string.
Finished featurizing atoms
Correct number of features in grid!
About to compute sequence.
About to compute ligand smiles string.
Finished featurizing atoms
Correct number of features in grid!
About to compute sequence.
About to compute ligand smiles string.
Finished featurizing atoms
Correct number of features in grid!
About to compute sequence.
About to compute ligand smiles string.
Finished featurizing atoms
Correct number of features in grid!
About to compute sequence.
About to compute ligand smiles string.
Finished featurizing atoms
Correct number of features in grid!
About to compute sequence.
About to compute ligand smiles string.
Finished featurizing atoms
Correct number of features in grid!
About to compute sequence.
About to compute ligand smiles string.
Finished featurizing atoms
Correct number of features in grid!
About to compute sequence.
About to compute ligand smiles string.
Finished featurizing atoms
Correct number of features in grid!
About to compute sequence.
About to compute ligand smiles string.

processing 8-th pdb /scratch/users/enf/deep-docking/datasets/pdbbind/website/3t2c
About to extract ligand and protein input files
Extracted Input Files:
('3t2c_ligand_hyd.pdb', '3t2c_ligand_hyd.pdbqt', '3t2c_protein_hyd.pdb', '3t2c_protein_hyd.pdbqt')
WARNING: There is no atom named "NZ"in the protein residue  LYS_367_H. Please
use standard naming conventions for all protein residues. This atom is needed to
determine pi-cation and salt-bridge interactions. If this residue is far from
the active site, this warning may not affect the NNScore.

WARNING: There is no atom named "NZ"in the protein residue  LYS_367_D. Please
use standard naming conventions for all protein residues. This atom is needed to
determine pi-cation and salt-bridge interactions. If this residue is far from
the active site, this warning may not affect the NNScore.

WARNING: There is no atom named "NZ"in the protein residue  LYS_367_E. Please
use standard naming conventions for all protein residues. This atom is needed to
determine pi-cation and salt-bridge interactions. If this residue is far from
the active site, this warning may not affect the NNScore.

WARNING: There is no atom named "NZ"in the protein residue  LYS_367_F. Please
use standard naming conventions for all protein residues. This atom is needed to
determine pi-cation and salt-bridge interactions. If this residue is far from
the active site, this warning may not affect the NNScore.

WARNING: There is no atom named "NZ"in the protein residue  LYS_367_A. Please
use standard naming conventions for all protein residues. This atom is needed to
determine pi-cation and salt-bridge interactions. If this residue is far from
the active site, this warning may not affect the NNScore.

WARNING: There is no atom named "NZ"in the protein residue  LYS_367_B. Please
use standard naming conventions for all protein residues. This atom is needed to
determine pi-cation and salt-bridge interactions. If this residue is far from
the active site, this warning may not affect the NNScore.

WARNING: There is no atom named "NZ"in the protein residue  LYS_367_C. Please
use standard naming conventions for all protein residues. This atom is needed to
determine pi-cation and salt-bridge interactions. If this residue is far from
the active site, this warning may not affect the NNScore.

WARNING: There is no atom named "NZ"in the protein residue  LYS_369_E. Please
use standard naming conventions for all protein residues. This atom is needed to
determine pi-cation and salt-bridge interactions. If this residue is far from
the active site, this warning may not affect the NNScore.

WARNING: There is no atom named "NZ"in the protein residue  LYS_367_G. Please
use standard naming conventions for all protein residues. This atom is needed to
determine pi-cation and salt-bridge interactions. If this residue is far from
the active site, this warning may not affect the NNScore.

WARNING: There is no atom named "NZ"in the protein residue  LYS_369_F. Please
use standard naming conventions for all protein residues. This atom is needed to
determine pi-cation and salt-bridge interactions. If this residue is far from
the active site, this warning may not affect the NNScore.

WARNING: There is no atom named "NZ"in the protein residue  LYS_369_G. Please
use standard naming conventions for all protein residues. This atom is needed to
determine pi-cation and salt-bridge interactions. If this residue is far from
the active site, this warning may not affect the NNScore.

WARNING: There is no atom named "NZ"in the protein residue  LYS_369_H. Please
use standard naming conventions for all protein residues. This atom is needed to
determine pi-cation and salt-bridge interactions. If this residue is far from
the active site, this warning may not affect the NNScore.

WARNING: There is no atom named "NZ"in the protein residue  LYS_369_D. Please
use standard naming conventions for all protein residues. This atom is needed to
determine pi-cation and salt-bridge interactions. If this residue is far from
the active site, this warning may not affect the NNScore.

WARNING: There is no atom named "NZ"in the protein residue  LYS_369_B. Please
use standard naming conventions for all protein residues. This atom is needed to
determine pi-cation and salt-bridge interactions. If this residue is far from
the active site, this warning may not affect the NNScore.

WARNING: There is no atom named "NZ"in the protein residue  LYS_369_C. Please
use standard naming conventions for all protein residues. This atom is needed to
determine pi-cation and salt-bridge interactions. If this residue is far from
the active site, this warning may not affect the NNScore.

WARNING: There is no atom named "NZ"in the protein residue  LYS_369_A. Please
use standard naming conventions for all protein residues. This atom is needed to
determine pi-cation and salt-bridge interactions. If this residue is far from
the active site, this warning may not affect the NNScore.

(9, 0)
/scratch/users/enf/deep-docking/shallow/pdbbind_full_tmp//3t2c_9_0_system.pdb
(0, 0)
/scratch/users/enf/deep-docking/shallow/pdbbind_full_tmp//3t2c_0_0_system.pdb
(7, 0)
/scratch/users/enf/deep-docking/shallow/pdbbind_full_tmp//3t2c_7_0_system.pdb
(8, 1)
/scratch/users/enf/deep-docking/shallow/pdbbind_full_tmp//3t2c_8_1_system.pdb
(7, 1)
/scratch/users/enf/deep-docking/shallow/pdbbind_full_tmp//3t2c_7_1_system.pdb
(3, 0)
/scratch/users/enf/deep-docking/shallow/pdbbind_full_tmp//3t2c_3_0_system.pdb
(6, 1)
/scratch/users/enf/deep-docking/shallow/pdbbind_full_tmp//3t2c_6_1_system.pdb
(3, 1)
/scratch/users/enf/deep-docking/shallow/pdbbind_full_tmp//3t2c_3_1_system.pdb
(6, 0)
/scratch/users/enf/deep-docking/shallow/pdbbind_full_tmp//3t2c_6_0_system.pdb
(2, 1)
/scratch/users/enf/deep-docking/shallow/pdbbind_full_tmp//3t2c_2_1_system.pdb
(10, 0)
/scratch/users/enf/deep-docking/shallow/pdbbind_full_tmp//3t2c_10_0_system.pdb
(2, 0)
/scratch/users/enf/deep-docking/shallow/pdbbind_full_tmp//3t2c_2_0_system.pdb
(5, 0)
/scratch/users/enf/deep-docking/shallow/pdbbind_full_tmp//3t2c_5_0_system.pdb
(9, 1)
/scratch/users/enf/deep-docking/shallow/pdbbind_full_tmp//3t2c_9_1_system.pdb
(8, 0)
/scratch/users/enf/deep-docking/shallow/pdbbind_full_tmp//3t2c_8_0_system.pdb
(5, 1)
/scratch/users/enf/deep-docking/shallow/pdbbind_full_tmp//3t2c_5_1_system.pdb
(1, 0)
/scratch/users/enf/deep-docking/shallow/pdbbind_full_tmp//3t2c_1_0_system.pdb
(10, 1)
/scratch/users/enf/deep-docking/shallow/pdbbind_full_tmp//3t2c_10_1_system.pdb
(4, 1)
/scratch/users/enf/deep-docking/shallow/pdbbind_full_tmp//3t2c_4_1_system.pdb
(1, 1)
/scratch/users/enf/deep-docking/shallow/pdbbind_full_tmp//3t2c_1_1_system.pdb
(4, 0)
/scratch/users/enf/deep-docking/shallow/pdbbind_full_tmp//3t2c_4_0_system.pdb
Finished featurizing atoms
Correct number of features in grid!
About to compute sequence.
About to compute ligand smiles string.
Finished featurizing atoms
Correct number of features in grid!
About to compute sequence.
About to compute ligand smiles string.
Finished featurizing atoms
Correct number of features in grid!
About to compute sequence.
About to compute ligand smiles string.
Finished featurizing atoms
Correct number of features in grid!
About to compute sequence.
About to compute ligand smiles string.
Finished featurizing atoms
Correct number of features in grid!
About to compute sequence.
About to compute ligand smiles string.
Finished featurizing atoms
Correct number of features in grid!
About to compute sequence.
About to compute ligand smiles string.
Finished featurizing atoms
Correct number of features in grid!
About to compute sequence.
About to compute ligand smiles string.
Finished featurizing atoms
Correct number of features in grid!
About to compute sequence.
About to compute ligand smiles string.
Finished featurizing atoms
Correct number of features in grid!
About to compute sequence.
About to compute ligand smiles string.
Finished featurizing atoms
Correct number of features in grid!
About to compute sequence.
About to compute ligand smiles string.
Finished featurizing atoms
Correct number of features in grid!
About to compute sequence.
About to compute ligand smiles string.
Finished featurizing atoms
Correct number of features in grid!
About to compute sequence.
About to compute ligand smiles string.
Finished featurizing atoms
Correct number of features in grid!
About to compute sequence.
About to compute ligand smiles string.
Finished featurizing atoms
Correct number of features in grid!
About to compute sequence.
About to compute ligand smiles string.
Finished featurizing atoms
Correct number of features in grid!
About to compute sequence.
About to compute ligand smiles string.
Finished featurizing atoms
Correct number of features in grid!
About to compute sequence.
About to compute ligand smiles string.
Finished featurizing atoms
Correct number of features in grid!
About to compute sequence.
About to compute ligand smiles string.
Finished featurizing atoms
Correct number of features in grid!
About to compute sequence.
About to compute ligand smiles string.
Finished featurizing atoms
Correct number of features in grid!
About to compute sequence.
About to compute ligand smiles string.
Finished featurizing atoms
Correct number of features in grid!
About to compute sequence.
About to compute ligand smiles string.
Finished featurizing atoms
Correct number of features in grid!
About to compute sequence.
About to compute ligand smiles string.

processing 9-th pdb /scratch/users/enf/deep-docking/datasets/pdbbind/website/2f71
About to extract ligand and protein input files
Extracted Input Files:
('2f71_ligand_hyd.pdb', '2f71_ligand_hyd.pdbqt', '2f71_protein_hyd.pdb', '2f71_protein_hyd.pdbqt')
(9, 0)
/scratch/users/enf/deep-docking/shallow/pdbbind_full_tmp//2f71_9_0_system.pdb
(0, 0)
/scratch/users/enf/deep-docking/shallow/pdbbind_full_tmp//2f71_0_0_system.pdb
(7, 0)
/scratch/users/enf/deep-docking/shallow/pdbbind_full_tmp//2f71_7_0_system.pdb
(8, 1)
/scratch/users/enf/deep-docking/shallow/pdbbind_full_tmp//2f71_8_1_system.pdb
(7, 1)
/scratch/users/enf/deep-docking/shallow/pdbbind_full_tmp//2f71_7_1_system.pdb
(3, 0)
/scratch/users/enf/deep-docking/shallow/pdbbind_full_tmp//2f71_3_0_system.pdb
(6, 1)
/scratch/users/enf/deep-docking/shallow/pdbbind_full_tmp//2f71_6_1_system.pdb
(3, 1)
/scratch/users/enf/deep-docking/shallow/pdbbind_full_tmp//2f71_3_1_system.pdb
(6, 0)
/scratch/users/enf/deep-docking/shallow/pdbbind_full_tmp//2f71_6_0_system.pdb
(2, 1)
/scratch/users/enf/deep-docking/shallow/pdbbind_full_tmp//2f71_2_1_system.pdb
(10, 0)
/scratch/users/enf/deep-docking/shallow/pdbbind_full_tmp//2f71_10_0_system.pdb
(2, 0)
/scratch/users/enf/deep-docking/shallow/pdbbind_full_tmp//2f71_2_0_system.pdb
(5, 0)
/scratch/users/enf/deep-docking/shallow/pdbbind_full_tmp//2f71_5_0_system.pdb
(9, 1)
/scratch/users/enf/deep-docking/shallow/pdbbind_full_tmp//2f71_9_1_system.pdb
(8, 0)
/scratch/users/enf/deep-docking/shallow/pdbbind_full_tmp//2f71_8_0_system.pdb
(5, 1)
/scratch/users/enf/deep-docking/shallow/pdbbind_full_tmp//2f71_5_1_system.pdb
(1, 0)
/scratch/users/enf/deep-docking/shallow/pdbbind_full_tmp//2f71_1_0_system.pdb
(10, 1)
/scratch/users/enf/deep-docking/shallow/pdbbind_full_tmp//2f71_10_1_system.pdb
(4, 1)
/scratch/users/enf/deep-docking/shallow/pdbbind_full_tmp//2f71_4_1_system.pdb
(1, 1)
/scratch/users/enf/deep-docking/shallow/pdbbind_full_tmp//2f71_1_1_system.pdb
(4, 0)
/scratch/users/enf/deep-docking/shallow/pdbbind_full_tmp//2f71_4_0_system.pdb
Finished featurizing atoms
Correct number of features in grid!
About to compute sequence.
About to compute ligand smiles string.
Finished featurizing atoms
Correct number of features in grid!
About to compute sequence.
About to compute ligand smiles string.
Finished featurizing atoms
Correct number of features in grid!
About to compute sequence.
About to compute ligand smiles string.
Finished featurizing atoms
Correct number of features in grid!
About to compute sequence.
About to compute ligand smiles string.
Finished featurizing atoms
Correct number of features in grid!
About to compute sequence.
About to compute ligand smiles string.
Finished featurizing atoms
Correct number of features in grid!
About to compute sequence.
About to compute ligand smiles string.
Finished featurizing atoms
Correct number of features in grid!
About to compute sequence.
About to compute ligand smiles string.
Finished featurizing atoms
Correct number of features in grid!
About to compute sequence.
About to compute ligand smiles string.
Finished featurizing atoms
Correct number of features in grid!
About to compute sequence.
About to compute ligand smiles string.
Finished featurizing atoms
Correct number of features in grid!
About to compute sequence.
About to compute ligand smiles string.
Finished featurizing atoms
Correct number of features in grid!
About to compute sequence.
About to compute ligand smiles string.
Finished featurizing atoms
Correct number of features in grid!
About to compute sequence.
About to compute ligand smiles string.
Finished featurizing atoms
Correct number of features in grid!
About to compute sequence.
About to compute ligand smiles string.
Finished featurizing atoms
Correct number of features in grid!
About to compute sequence.
About to compute ligand smiles string.
Finished featurizing atoms
Correct number of features in grid!
About to compute sequence.
About to compute ligand smiles string.
Finished featurizing atoms
Correct number of features in grid!
About to compute sequence.
About to compute ligand smiles string.
Finished featurizing atoms
Correct number of features in grid!
About to compute sequence.
About to compute ligand smiles string.
Finished featurizing atoms
Correct number of features in grid!
About to compute sequence.
About to compute ligand smiles string.
Finished featurizing atoms
Correct number of features in grid!
About to compute sequence.
About to compute ligand smiles string.
Finished featurizing atoms
Correct number of features in grid!
About to compute sequence.
About to compute ligand smiles string.
Finished featurizing atoms
Correct number of features in grid!
About to compute sequence.
About to compute ligand smiles string.

processing 10-th pdb /scratch/users/enf/deep-docking/datasets/pdbbind/website/1o4o
About to extract ligand and protein input files
Extracted Input Files:
('1o4o_ligand_hyd.pdb', '1o4o_ligand_hyd.pdbqt', '1o4o_protein_hyd.pdb', '1o4o_protein_hyd.pdbqt')
(9, 0)
/scratch/users/enf/deep-docking/shallow/pdbbind_full_tmp//1o4o_9_0_system.pdb
(0, 0)
/scratch/users/enf/deep-docking/shallow/pdbbind_full_tmp//1o4o_0_0_system.pdb
(7, 0)
/scratch/users/enf/deep-docking/shallow/pdbbind_full_tmp//1o4o_7_0_system.pdb
(8, 1)
/scratch/users/enf/deep-docking/shallow/pdbbind_full_tmp//1o4o_8_1_system.pdb
(7, 1)
/scratch/users/enf/deep-docking/shallow/pdbbind_full_tmp//1o4o_7_1_system.pdb
(3, 0)
/scratch/users/enf/deep-docking/shallow/pdbbind_full_tmp//1o4o_3_0_system.pdb
(6, 1)
/scratch/users/enf/deep-docking/shallow/pdbbind_full_tmp//1o4o_6_1_system.pdb
(3, 1)
/scratch/users/enf/deep-docking/shallow/pdbbind_full_tmp//1o4o_3_1_system.pdb
(6, 0)
/scratch/users/enf/deep-docking/shallow/pdbbind_full_tmp//1o4o_6_0_system.pdb
(2, 1)
/scratch/users/enf/deep-docking/shallow/pdbbind_full_tmp//1o4o_2_1_system.pdb
(10, 0)
/scratch/users/enf/deep-docking/shallow/pdbbind_full_tmp//1o4o_10_0_system.pdb
(2, 0)
/scratch/users/enf/deep-docking/shallow/pdbbind_full_tmp//1o4o_2_0_system.pdb
(5, 0)
/scratch/users/enf/deep-docking/shallow/pdbbind_full_tmp//1o4o_5_0_system.pdb
(9, 1)
/scratch/users/enf/deep-docking/shallow/pdbbind_full_tmp//1o4o_9_1_system.pdb
(8, 0)
/scratch/users/enf/deep-docking/shallow/pdbbind_full_tmp//1o4o_8_0_system.pdb
(5, 1)
/scratch/users/enf/deep-docking/shallow/pdbbind_full_tmp//1o4o_5_1_system.pdb
(1, 0)
/scratch/users/enf/deep-docking/shallow/pdbbind_full_tmp//1o4o_1_0_system.pdb
(10, 1)
/scratch/users/enf/deep-docking/shallow/pdbbind_full_tmp//1o4o_10_1_system.pdb
(4, 1)
/scratch/users/enf/deep-docking/shallow/pdbbind_full_tmp//1o4o_4_1_system.pdb
(1, 1)
/scratch/users/enf/deep-docking/shallow/pdbbind_full_tmp//1o4o_1_1_system.pdb
(4, 0)
/scratch/users/enf/deep-docking/shallow/pdbbind_full_tmp//1o4o_4_0_system.pdb
Finished featurizing atoms
Correct number of features in grid!
About to compute sequence.
About to compute ligand smiles string.
Finished featurizing atoms
Correct number of features in grid!
About to compute sequence.
About to compute ligand smiles string.
Finished featurizing atoms
Correct number of features in grid!
About to compute sequence.
About to compute ligand smiles string.
Finished featurizing atoms
Correct number of features in grid!
About to compute sequence.
About to compute ligand smiles string.
Finished featurizing atoms
Correct number of features in grid!
About to compute sequence.
About to compute ligand smiles string.
Finished featurizing atoms
Correct number of features in grid!
About to compute sequence.
About to compute ligand smiles string.
Finished featurizing atoms
Correct number of features in grid!
About to compute sequence.
About to compute ligand smiles string.
Finished featurizing atoms
Correct number of features in grid!
About to compute sequence.
About to compute ligand smiles string.
Finished featurizing atoms
Correct number of features in grid!
About to compute sequence.
About to compute ligand smiles string.
Finished featurizing atoms
Correct number of features in grid!
About to compute sequence.
About to compute ligand smiles string.
Finished featurizing atoms
Correct number of features in grid!
About to compute sequence.
About to compute ligand smiles string.
Finished featurizing atoms
Correct number of features in grid!
About to compute sequence.
About to compute ligand smiles string.
Finished featurizing atoms
Correct number of features in grid!
About to compute sequence.
About to compute ligand smiles string.
Finished featurizing atoms
Correct number of features in grid!
About to compute sequence.
About to compute ligand smiles string.
Finished featurizing atoms
Correct number of features in grid!
About to compute sequence.
About to compute ligand smiles string.
Finished featurizing atoms
Correct number of features in grid!
About to compute sequence.
About to compute ligand smiles string.
Finished featurizing atoms
Correct number of features in grid!
About to compute sequence.
About to compute ligand smiles string.
Finished featurizing atoms
Correct number of features in grid!
About to compute sequence.
About to compute ligand smiles string.
Finished featurizing atoms
Correct number of features in grid!
About to compute sequence.
About to compute ligand smiles string.
Finished featurizing atoms
Correct number of features in grid!
About to compute sequence.
About to compute ligand smiles string.
Finished featurizing atoms
Correct number of features in grid!
About to compute sequence.
About to compute ligand smiles string.

processing 11-th pdb /scratch/users/enf/deep-docking/datasets/pdbbind/website/4j3l
About to extract ligand and protein input files
Extracted Input Files:
('4j3l_ligand_hyd.pdb', '4j3l_ligand_hyd.pdbqt', '4j3l_protein_hyd.pdb', '4j3l_protein_hyd.pdbqt')
(9, 0)
/scratch/users/enf/deep-docking/shallow/pdbbind_full_tmp//4j3l_9_0_system.pdb
(0, 0)
/scratch/users/enf/deep-docking/shallow/pdbbind_full_tmp//4j3l_0_0_system.pdb
(7, 0)
/scratch/users/enf/deep-docking/shallow/pdbbind_full_tmp//4j3l_7_0_system.pdb
(8, 1)
/scratch/users/enf/deep-docking/shallow/pdbbind_full_tmp//4j3l_8_1_system.pdb
(7, 1)
/scratch/users/enf/deep-docking/shallow/pdbbind_full_tmp//4j3l_7_1_system.pdb
(3, 0)
/scratch/users/enf/deep-docking/shallow/pdbbind_full_tmp//4j3l_3_0_system.pdb
(6, 1)
/scratch/users/enf/deep-docking/shallow/pdbbind_full_tmp//4j3l_6_1_system.pdb
(3, 1)
/scratch/users/enf/deep-docking/shallow/pdbbind_full_tmp//4j3l_3_1_system.pdb
(6, 0)
/scratch/users/enf/deep-docking/shallow/pdbbind_full_tmp//4j3l_6_0_system.pdb
(2, 1)
/scratch/users/enf/deep-docking/shallow/pdbbind_full_tmp//4j3l_2_1_system.pdb
(10, 0)
/scratch/users/enf/deep-docking/shallow/pdbbind_full_tmp//4j3l_10_0_system.pdb
(2, 0)
/scratch/users/enf/deep-docking/shallow/pdbbind_full_tmp//4j3l_2_0_system.pdb
(5, 0)
/scratch/users/enf/deep-docking/shallow/pdbbind_full_tmp//4j3l_5_0_system.pdb
(9, 1)
/scratch/users/enf/deep-docking/shallow/pdbbind_full_tmp//4j3l_9_1_system.pdb
(8, 0)
/scratch/users/enf/deep-docking/shallow/pdbbind_full_tmp//4j3l_8_0_system.pdb
(5, 1)
/scratch/users/enf/deep-docking/shallow/pdbbind_full_tmp//4j3l_5_1_system.pdb
(1, 0)
/scratch/users/enf/deep-docking/shallow/pdbbind_full_tmp//4j3l_1_0_system.pdb
(10, 1)
/scratch/users/enf/deep-docking/shallow/pdbbind_full_tmp//4j3l_10_1_system.pdb
(4, 1)
/scratch/users/enf/deep-docking/shallow/pdbbind_full_tmp//4j3l_4_1_system.pdb
(1, 1)
/scratch/users/enf/deep-docking/shallow/pdbbind_full_tmp//4j3l_1_1_system.pdb
(4, 0)
/scratch/users/enf/deep-docking/shallow/pdbbind_full_tmp//4j3l_4_0_system.pdb
Finished featurizing atoms
Correct number of features in grid!
About to compute sequence.
About to compute ligand smiles string.
Finished featurizing atoms
Correct number of features in grid!
About to compute sequence.
About to compute ligand smiles string.
Finished featurizing atoms
Correct number of features in grid!
About to compute sequence.
About to compute ligand smiles string.
Finished featurizing atoms
Correct number of features in grid!
About to compute sequence.
About to compute ligand smiles string.
Finished featurizing atoms
Correct number of features in grid!
About to compute sequence.
About to compute ligand smiles string.
Finished featurizing atoms
Correct number of features in grid!
About to compute sequence.
About to compute ligand smiles string.
Finished featurizing atoms
Correct number of features in grid!
About to compute sequence.
About to compute ligand smiles string.
Finished featurizing atoms
Correct number of features in grid!
About to compute sequence.
About to compute ligand smiles string.
Finished featurizing atoms
Correct number of features in grid!
About to compute sequence.
About to compute ligand smiles string.
Finished featurizing atoms
Correct number of features in grid!
About to compute sequence.
About to compute ligand smiles string.
Finished featurizing atoms
Correct number of features in grid!
About to compute sequence.
About to compute ligand smiles string.
Finished featurizing atoms
Correct number of features in grid!
About to compute sequence.
About to compute ligand smiles string.
Finished featurizing atoms
Correct number of features in grid!
About to compute sequence.
About to compute ligand smiles string.
Finished featurizing atoms
Correct number of features in grid!
About to compute sequence.
About to compute ligand smiles string.
Finished featurizing atoms
Correct number of features in grid!
About to compute sequence.
About to compute ligand smiles string.
Finished featurizing atoms
Correct number of features in grid!
About to compute sequence.
About to compute ligand smiles string.
Finished featurizing atoms
Correct number of features in grid!
About to compute sequence.
About to compute ligand smiles string.
Finished featurizing atoms
Correct number of features in grid!
About to compute sequence.
About to compute ligand smiles string.
Finished featurizing atoms
Correct number of features in grid!
About to compute sequence.
About to compute ligand smiles string.
Finished featurizing atoms
Correct number of features in grid!
About to compute sequence.
About to compute ligand smiles string.
Finished featurizing atoms
Correct number of features in grid!
About to compute sequence.
About to compute ligand smiles string.

processing 12-th pdb /scratch/users/enf/deep-docking/datasets/pdbbind/website/3zc6
About to extract ligand and protein input files
Extracted Input Files:
('3zc6_ligand_hyd.pdb', '3zc6_ligand_hyd.pdbqt', '3zc6_protein_hyd.pdb', '3zc6_protein_hyd.pdbqt')
(9, 0)
/scratch/users/enf/deep-docking/shallow/pdbbind_full_tmp//3zc6_9_0_system.pdb
(0, 0)
/scratch/users/enf/deep-docking/shallow/pdbbind_full_tmp//3zc6_0_0_system.pdb
(7, 0)
/scratch/users/enf/deep-docking/shallow/pdbbind_full_tmp//3zc6_7_0_system.pdb
(8, 1)
/scratch/users/enf/deep-docking/shallow/pdbbind_full_tmp//3zc6_8_1_system.pdb
(7, 1)
/scratch/users/enf/deep-docking/shallow/pdbbind_full_tmp//3zc6_7_1_system.pdb
(3, 0)
/scratch/users/enf/deep-docking/shallow/pdbbind_full_tmp//3zc6_3_0_system.pdb
(6, 1)
/scratch/users/enf/deep-docking/shallow/pdbbind_full_tmp//3zc6_6_1_system.pdb
(3, 1)
/scratch/users/enf/deep-docking/shallow/pdbbind_full_tmp//3zc6_3_1_system.pdb
(6, 0)
/scratch/users/enf/deep-docking/shallow/pdbbind_full_tmp//3zc6_6_0_system.pdb
(2, 1)
/scratch/users/enf/deep-docking/shallow/pdbbind_full_tmp//3zc6_2_1_system.pdb
(10, 0)
/scratch/users/enf/deep-docking/shallow/pdbbind_full_tmp//3zc6_10_0_system.pdb
(2, 0)
/scratch/users/enf/deep-docking/shallow/pdbbind_full_tmp//3zc6_2_0_system.pdb
(5, 0)
/scratch/users/enf/deep-docking/shallow/pdbbind_full_tmp//3zc6_5_0_system.pdb
(9, 1)
/scratch/users/enf/deep-docking/shallow/pdbbind_full_tmp//3zc6_9_1_system.pdb
(8, 0)
/scratch/users/enf/deep-docking/shallow/pdbbind_full_tmp//3zc6_8_0_system.pdb
(5, 1)
/scratch/users/enf/deep-docking/shallow/pdbbind_full_tmp//3zc6_5_1_system.pdb
(1, 0)
/scratch/users/enf/deep-docking/shallow/pdbbind_full_tmp//3zc6_1_0_system.pdb
(10, 1)
/scratch/users/enf/deep-docking/shallow/pdbbind_full_tmp//3zc6_10_1_system.pdb
(4, 1)
/scratch/users/enf/deep-docking/shallow/pdbbind_full_tmp//3zc6_4_1_system.pdb
(1, 1)
/scratch/users/enf/deep-docking/shallow/pdbbind_full_tmp//3zc6_1_1_system.pdb
(4, 0)
/scratch/users/enf/deep-docking/shallow/pdbbind_full_tmp//3zc6_4_0_system.pdb
Finished featurizing atoms
Correct number of features in grid!
About to compute sequence.
About to compute ligand smiles string.
Finished featurizing atoms
Correct number of features in grid!
About to compute sequence.
About to compute ligand smiles string.
Finished featurizing atoms
Correct number of features in grid!
About to compute sequence.
About to compute ligand smiles string.
Finished featurizing atoms
Correct number of features in grid!
About to compute sequence.
About to compute ligand smiles string.
Finished featurizing atoms
Correct number of features in grid!
About to compute sequence.
About to compute ligand smiles string.
Finished featurizing atoms
Correct number of features in grid!
About to compute sequence.
About to compute ligand smiles string.
Finished featurizing atoms
Correct number of features in grid!
About to compute sequence.
About to compute ligand smiles string.
Finished featurizing atoms
Correct number of features in grid!
About to compute sequence.
About to compute ligand smiles string.
Finished featurizing atoms
Correct number of features in grid!
About to compute sequence.
About to compute ligand smiles string.
Finished featurizing atoms
Correct number of features in grid!
About to compute sequence.
About to compute ligand smiles string.
Finished featurizing atoms
Correct number of features in grid!
About to compute sequence.
About to compute ligand smiles string.
Finished featurizing atoms
Correct number of features in grid!
About to compute sequence.
About to compute ligand smiles string.
Finished featurizing atoms
Correct number of features in grid!
About to compute sequence.
About to compute ligand smiles string.
Finished featurizing atoms
Correct number of features in grid!
About to compute sequence.
About to compute ligand smiles string.
Finished featurizing atoms
Correct number of features in grid!
About to compute sequence.
About to compute ligand smiles string.
Finished featurizing atoms
Correct number of features in grid!
About to compute sequence.
About to compute ligand smiles string.
Finished featurizing atoms
Correct number of features in grid!
About to compute sequence.
About to compute ligand smiles string.
Finished featurizing atoms
Correct number of features in grid!
About to compute sequence.
About to compute ligand smiles string.
Finished featurizing atoms
Correct number of features in grid!
About to compute sequence.
About to compute ligand smiles string.
Finished featurizing atoms
Correct number of features in grid!
About to compute sequence.
About to compute ligand smiles string.
Finished featurizing atoms
Correct number of features in grid!
About to compute sequence.
About to compute ligand smiles string.

processing 13-th pdb /scratch/users/enf/deep-docking/datasets/pdbbind/website/3p8o
About to extract ligand and protein input files
Extracted Input Files:
('3p8o_ligand_hyd.pdb', '3p8o_ligand_hyd.pdbqt', '3p8o_protein_hyd.pdb', '3p8o_protein_hyd.pdbqt')
WARNING: There is no atom named "NH1"in the protein residue  ARG_180_A. Please
use standard naming conventions for all protein residues. This atom is needed to
determine pi-cation and salt-bridge interactions. If this residue is far from
the active site, this warning may not affect the NNScore.

WARNING: There is no atom named "NH2"in the protein residue  ARG_180_A. Please
use standard naming conventions for all protein residues. This atom is needed to
determine pi-cation and salt-bridge interactions. If this residue is far from
the active site, this warning may not affect the NNScore.

(9, 0)
/scratch/users/enf/deep-docking/shallow/pdbbind_full_tmp//3p8o_9_0_system.pdb
(0, 0)
/scratch/users/enf/deep-docking/shallow/pdbbind_full_tmp//3p8o_0_0_system.pdb
(7, 0)
/scratch/users/enf/deep-docking/shallow/pdbbind_full_tmp//3p8o_7_0_system.pdb
(8, 1)
/scratch/users/enf/deep-docking/shallow/pdbbind_full_tmp//3p8o_8_1_system.pdb
(7, 1)
/scratch/users/enf/deep-docking/shallow/pdbbind_full_tmp//3p8o_7_1_system.pdb
(3, 0)
/scratch/users/enf/deep-docking/shallow/pdbbind_full_tmp//3p8o_3_0_system.pdb
(6, 1)
/scratch/users/enf/deep-docking/shallow/pdbbind_full_tmp//3p8o_6_1_system.pdb
(3, 1)
/scratch/users/enf/deep-docking/shallow/pdbbind_full_tmp//3p8o_3_1_system.pdb
(6, 0)
/scratch/users/enf/deep-docking/shallow/pdbbind_full_tmp//3p8o_6_0_system.pdb
(2, 1)
/scratch/users/enf/deep-docking/shallow/pdbbind_full_tmp//3p8o_2_1_system.pdb
(10, 0)
/scratch/users/enf/deep-docking/shallow/pdbbind_full_tmp//3p8o_10_0_system.pdb
(2, 0)
/scratch/users/enf/deep-docking/shallow/pdbbind_full_tmp//3p8o_2_0_system.pdb
(5, 0)
/scratch/users/enf/deep-docking/shallow/pdbbind_full_tmp//3p8o_5_0_system.pdb
(9, 1)
/scratch/users/enf/deep-docking/shallow/pdbbind_full_tmp//3p8o_9_1_system.pdb
(8, 0)
/scratch/users/enf/deep-docking/shallow/pdbbind_full_tmp//3p8o_8_0_system.pdb
(5, 1)
/scratch/users/enf/deep-docking/shallow/pdbbind_full_tmp//3p8o_5_1_system.pdb
(1, 0)
/scratch/users/enf/deep-docking/shallow/pdbbind_full_tmp//3p8o_1_0_system.pdb
(10, 1)
/scratch/users/enf/deep-docking/shallow/pdbbind_full_tmp//3p8o_10_1_system.pdb
(4, 1)
/scratch/users/enf/deep-docking/shallow/pdbbind_full_tmp//3p8o_4_1_system.pdb
(1, 1)
/scratch/users/enf/deep-docking/shallow/pdbbind_full_tmp//3p8o_1_1_system.pdb
(4, 0)
/scratch/users/enf/deep-docking/shallow/pdbbind_full_tmp//3p8o_4_0_system.pdb
Finished featurizing atoms
Correct number of features in grid!
About to compute sequence.
About to compute ligand smiles string.
Finished featurizing atoms
Correct number of features in grid!
About to compute sequence.
About to compute ligand smiles string.
Finished featurizing atoms
Correct number of features in grid!
About to compute sequence.
About to compute ligand smiles string.
Finished featurizing atoms
Correct number of features in grid!
About to compute sequence.
About to compute ligand smiles string.
Finished featurizing atoms
Correct number of features in grid!
About to compute sequence.
About to compute ligand smiles string.
Finished featurizing atoms
Correct number of features in grid!
About to compute sequence.
About to compute ligand smiles string.
Finished featurizing atoms
Correct number of features in grid!
About to compute sequence.
About to compute ligand smiles string.
Finished featurizing atoms
Correct number of features in grid!
About to compute sequence.
About to compute ligand smiles string.
Finished featurizing atoms
Correct number of features in grid!
About to compute sequence.
About to compute ligand smiles string.
Finished featurizing atoms
Correct number of features in grid!
About to compute sequence.
About to compute ligand smiles string.
Finished featurizing atoms
Correct number of features in grid!
About to compute sequence.
About to compute ligand smiles string.
Finished featurizing atoms
Correct number of features in grid!
About to compute sequence.
About to compute ligand smiles string.
Finished featurizing atoms
Correct number of features in grid!
About to compute sequence.
About to compute ligand smiles string.
Finished featurizing atoms
Correct number of features in grid!
About to compute sequence.
About to compute ligand smiles string.
Finished featurizing atoms
Correct number of features in grid!
About to compute sequence.
About to compute ligand smiles string.
Finished featurizing atoms
Correct number of features in grid!
About to compute sequence.
About to compute ligand smiles string.
Finished featurizing atoms
Correct number of features in grid!
About to compute sequence.
About to compute ligand smiles string.
Finished featurizing atoms
Correct number of features in grid!
About to compute sequence.
About to compute ligand smiles string.
Finished featurizing atoms
Correct number of features in grid!
About to compute sequence.
About to compute ligand smiles string.
Finished featurizing atoms
Correct number of features in grid!
About to compute sequence.
About to compute ligand smiles string.
Finished featurizing atoms
Correct number of features in grid!
About to compute sequence.
About to compute ligand smiles string.

processing 14-th pdb /scratch/users/enf/deep-docking/datasets/pdbbind/website/1g52
About to extract ligand and protein input files
Extracted Input Files:
('1g52_ligand_hyd.pdb', '1g52_ligand_hyd.pdbqt', '1g52_protein_hyd.pdb', '1g52_protein_hyd.pdbqt')
(9, 0)
/scratch/users/enf/deep-docking/shallow/pdbbind_full_tmp//1g52_9_0_system.pdb
(0, 0)
/scratch/users/enf/deep-docking/shallow/pdbbind_full_tmp//1g52_0_0_system.pdb
(7, 0)
/scratch/users/enf/deep-docking/shallow/pdbbind_full_tmp//1g52_7_0_system.pdb
(8, 1)
/scratch/users/enf/deep-docking/shallow/pdbbind_full_tmp//1g52_8_1_system.pdb
(7, 1)
/scratch/users/enf/deep-docking/shallow/pdbbind_full_tmp//1g52_7_1_system.pdb
(3, 0)
/scratch/users/enf/deep-docking/shallow/pdbbind_full_tmp//1g52_3_0_system.pdb
(6, 1)
/scratch/users/enf/deep-docking/shallow/pdbbind_full_tmp//1g52_6_1_system.pdb
(3, 1)
/scratch/users/enf/deep-docking/shallow/pdbbind_full_tmp//1g52_3_1_system.pdb
(6, 0)
/scratch/users/enf/deep-docking/shallow/pdbbind_full_tmp//1g52_6_0_system.pdb
(2, 1)
/scratch/users/enf/deep-docking/shallow/pdbbind_full_tmp//1g52_2_1_system.pdb
(10, 0)
/scratch/users/enf/deep-docking/shallow/pdbbind_full_tmp//1g52_10_0_system.pdb
(2, 0)
/scratch/users/enf/deep-docking/shallow/pdbbind_full_tmp//1g52_2_0_system.pdb
(5, 0)
/scratch/users/enf/deep-docking/shallow/pdbbind_full_tmp//1g52_5_0_system.pdb
(9, 1)
/scratch/users/enf/deep-docking/shallow/pdbbind_full_tmp//1g52_9_1_system.pdb
(8, 0)
/scratch/users/enf/deep-docking/shallow/pdbbind_full_tmp//1g52_8_0_system.pdb
(5, 1)
/scratch/users/enf/deep-docking/shallow/pdbbind_full_tmp//1g52_5_1_system.pdb
(1, 0)
/scratch/users/enf/deep-docking/shallow/pdbbind_full_tmp//1g52_1_0_system.pdb
(10, 1)
/scratch/users/enf/deep-docking/shallow/pdbbind_full_tmp//1g52_10_1_system.pdb
(4, 1)
/scratch/users/enf/deep-docking/shallow/pdbbind_full_tmp//1g52_4_1_system.pdb
(1, 1)
/scratch/users/enf/deep-docking/shallow/pdbbind_full_tmp//1g52_1_1_system.pdb
(4, 0)
/scratch/users/enf/deep-docking/shallow/pdbbind_full_tmp//1g52_4_0_system.pdb
Finished featurizing atoms
Correct number of features in grid!
About to compute sequence.
About to compute ligand smiles string.
Finished featurizing atoms
Correct number of features in grid!
About to compute sequence.
About to compute ligand smiles string.
Finished featurizing atoms
Correct number of features in grid!
About to compute sequence.
About to compute ligand smiles string.
Finished featurizing atoms
Correct number of features in grid!
About to compute sequence.
About to compute ligand smiles string.
Finished featurizing atoms
Correct number of features in grid!
About to compute sequence.
About to compute ligand smiles string.
Finished featurizing atoms
Correct number of features in grid!
About to compute sequence.
About to compute ligand smiles string.
Finished featurizing atoms
Correct number of features in grid!
About to compute sequence.
About to compute ligand smiles string.
Finished featurizing atoms
Correct number of features in grid!
About to compute sequence.
About to compute ligand smiles string.
Finished featurizing atoms
Correct number of features in grid!
About to compute sequence.
About to compute ligand smiles string.
Finished featurizing atoms
Correct number of features in grid!
About to compute sequence.
About to compute ligand smiles string.
Finished featurizing atoms
Correct number of features in grid!
About to compute sequence.
About to compute ligand smiles string.
Finished featurizing atoms
Correct number of features in grid!
About to compute sequence.
About to compute ligand smiles string.
Finished featurizing atoms
Correct number of features in grid!
About to compute sequence.
About to compute ligand smiles string.
Finished featurizing atoms
Correct number of features in grid!
About to compute sequence.
About to compute ligand smiles string.
Finished featurizing atoms
Correct number of features in grid!
About to compute sequence.
About to compute ligand smiles string.
Finished featurizing atoms
Correct number of features in grid!
About to compute sequence.
About to compute ligand smiles string.
Finished featurizing atoms
Correct number of features in grid!
About to compute sequence.
About to compute ligand smiles string.
Finished featurizing atoms
Correct number of features in grid!
About to compute sequence.
About to compute ligand smiles string.
Finished featurizing atoms
Correct number of features in grid!
About to compute sequence.
About to compute ligand smiles string.
Finished featurizing atoms
Correct number of features in grid!
About to compute sequence.
About to compute ligand smiles string.
Finished featurizing atoms
Correct number of features in grid!
About to compute sequence.
About to compute ligand smiles string.

processing 15-th pdb /scratch/users/enf/deep-docking/datasets/pdbbind/website/1exv
About to extract ligand and protein input files
Extracted Input Files:
('1exv_ligand_hyd.pdb', '1exv_ligand_hyd.pdbqt', '1exv_protein_hyd.pdb', '1exv_protein_hyd.pdbqt')
(9, 0)
/scratch/users/enf/deep-docking/shallow/pdbbind_full_tmp//1exv_9_0_system.pdb
(0, 0)
/scratch/users/enf/deep-docking/shallow/pdbbind_full_tmp//1exv_0_0_system.pdb
(7, 0)
/scratch/users/enf/deep-docking/shallow/pdbbind_full_tmp//1exv_7_0_system.pdb
(8, 1)
/scratch/users/enf/deep-docking/shallow/pdbbind_full_tmp//1exv_8_1_system.pdb
(7, 1)
/scratch/users/enf/deep-docking/shallow/pdbbind_full_tmp//1exv_7_1_system.pdb
(3, 0)
/scratch/users/enf/deep-docking/shallow/pdbbind_full_tmp//1exv_3_0_system.pdb
(6, 1)
/scratch/users/enf/deep-docking/shallow/pdbbind_full_tmp//1exv_6_1_system.pdb
(3, 1)
/scratch/users/enf/deep-docking/shallow/pdbbind_full_tmp//1exv_3_1_system.pdb
(6, 0)
/scratch/users/enf/deep-docking/shallow/pdbbind_full_tmp//1exv_6_0_system.pdb
(2, 1)
/scratch/users/enf/deep-docking/shallow/pdbbind_full_tmp//1exv_2_1_system.pdb
(10, 0)
/scratch/users/enf/deep-docking/shallow/pdbbind_full_tmp//1exv_10_0_system.pdb
(2, 0)
/scratch/users/enf/deep-docking/shallow/pdbbind_full_tmp//1exv_2_0_system.pdb
(5, 0)
/scratch/users/enf/deep-docking/shallow/pdbbind_full_tmp//1exv_5_0_system.pdb
(9, 1)
/scratch/users/enf/deep-docking/shallow/pdbbind_full_tmp//1exv_9_1_system.pdb
(8, 0)
/scratch/users/enf/deep-docking/shallow/pdbbind_full_tmp//1exv_8_0_system.pdb
(5, 1)
/scratch/users/enf/deep-docking/shallow/pdbbind_full_tmp//1exv_5_1_system.pdb
(1, 0)
/scratch/users/enf/deep-docking/shallow/pdbbind_full_tmp//1exv_1_0_system.pdb
(10, 1)
/scratch/users/enf/deep-docking/shallow/pdbbind_full_tmp//1exv_10_1_system.pdb
(4, 1)
/scratch/users/enf/deep-docking/shallow/pdbbind_full_tmp//1exv_4_1_system.pdb
(1, 1)
/scratch/users/enf/deep-docking/shallow/pdbbind_full_tmp//1exv_1_1_system.pdb
(4, 0)
/scratch/users/enf/deep-docking/shallow/pdbbind_full_tmp//1exv_4_0_system.pdb
Finished featurizing atoms
Correct number of features in grid!
About to compute sequence.
About to compute ligand smiles string.
Finished featurizing atoms
Correct number of features in grid!
About to compute sequence.
About to compute ligand smiles string.
Finished featurizing atoms
Correct number of features in grid!
About to compute sequence.
About to compute ligand smiles string.
Finished featurizing atoms
Correct number of features in grid!
About to compute sequence.
About to compute ligand smiles string.
Finished featurizing atoms
Correct number of features in grid!
About to compute sequence.
About to compute ligand smiles string.
Finished featurizing atoms
Correct number of features in grid!
About to compute sequence.
About to compute ligand smiles string.
Finished featurizing atoms
Correct number of features in grid!
About to compute sequence.
About to compute ligand smiles string.
Finished featurizing atoms
Correct number of features in grid!
About to compute sequence.
About to compute ligand smiles string.
Finished featurizing atoms
Correct number of features in grid!
About to compute sequence.
About to compute ligand smiles string.
Finished featurizing atoms
Correct number of features in grid!
About to compute sequence.
About to compute ligand smiles string.
Finished featurizing atoms
Correct number of features in grid!
About to compute sequence.
About to compute ligand smiles string.
Finished featurizing atoms
Correct number of features in grid!
About to compute sequence.
About to compute ligand smiles string.
Finished featurizing atoms
Correct number of features in grid!
About to compute sequence.
About to compute ligand smiles string.
Finished featurizing atoms
Correct number of features in grid!
About to compute sequence.
About to compute ligand smiles string.
Finished featurizing atoms
Correct number of features in grid!
About to compute sequence.
About to compute ligand smiles string.
Finished featurizing atoms
Correct number of features in grid!
About to compute sequence.
About to compute ligand smiles string.
Finished featurizing atoms
Correct number of features in grid!
About to compute sequence.
About to compute ligand smiles string.
Finished featurizing atoms
Correct number of features in grid!
About to compute sequence.
About to compute ligand smiles string.
Finished featurizing atoms
Correct number of features in grid!
About to compute sequence.
About to compute ligand smiles string.
Finished featurizing atoms
Correct number of features in grid!
About to compute sequence.
About to compute ligand smiles string.
Finished featurizing atoms
Correct number of features in grid!
About to compute sequence.
About to compute ligand smiles string.

processing 16-th pdb /scratch/users/enf/deep-docking/datasets/pdbbind/website/3o8g
About to extract ligand and protein input files
Extracted Input Files:
('3o8g_ligand_hyd.pdb', '3o8g_ligand_hyd.pdbqt', '3o8g_protein_hyd.pdb', '3o8g_protein_hyd.pdbqt')
(9, 0)
/scratch/users/enf/deep-docking/shallow/pdbbind_full_tmp//3o8g_9_0_system.pdb
(0, 0)
/scratch/users/enf/deep-docking/shallow/pdbbind_full_tmp//3o8g_0_0_system.pdb
(7, 0)
/scratch/users/enf/deep-docking/shallow/pdbbind_full_tmp//3o8g_7_0_system.pdb
(8, 1)
/scratch/users/enf/deep-docking/shallow/pdbbind_full_tmp//3o8g_8_1_system.pdb
(7, 1)
/scratch/users/enf/deep-docking/shallow/pdbbind_full_tmp//3o8g_7_1_system.pdb
(3, 0)
/scratch/users/enf/deep-docking/shallow/pdbbind_full_tmp//3o8g_3_0_system.pdb
(6, 1)
/scratch/users/enf/deep-docking/shallow/pdbbind_full_tmp//3o8g_6_1_system.pdb
(3, 1)
/scratch/users/enf/deep-docking/shallow/pdbbind_full_tmp//3o8g_3_1_system.pdb
(6, 0)
/scratch/users/enf/deep-docking/shallow/pdbbind_full_tmp//3o8g_6_0_system.pdb
(2, 1)
/scratch/users/enf/deep-docking/shallow/pdbbind_full_tmp//3o8g_2_1_system.pdb
(10, 0)
/scratch/users/enf/deep-docking/shallow/pdbbind_full_tmp//3o8g_10_0_system.pdb
(2, 0)
/scratch/users/enf/deep-docking/shallow/pdbbind_full_tmp//3o8g_2_0_system.pdb
(5, 0)
/scratch/users/enf/deep-docking/shallow/pdbbind_full_tmp//3o8g_5_0_system.pdb
(9, 1)
/scratch/users/enf/deep-docking/shallow/pdbbind_full_tmp//3o8g_9_1_system.pdb
(8, 0)
/scratch/users/enf/deep-docking/shallow/pdbbind_full_tmp//3o8g_8_0_system.pdb
(5, 1)
/scratch/users/enf/deep-docking/shallow/pdbbind_full_tmp//3o8g_5_1_system.pdb
(1, 0)
/scratch/users/enf/deep-docking/shallow/pdbbind_full_tmp//3o8g_1_0_system.pdb
(10, 1)
/scratch/users/enf/deep-docking/shallow/pdbbind_full_tmp//3o8g_10_1_system.pdb
(4, 1)
/scratch/users/enf/deep-docking/shallow/pdbbind_full_tmp//3o8g_4_1_system.pdb
(1, 1)
/scratch/users/enf/deep-docking/shallow/pdbbind_full_tmp//3o8g_1_1_system.pdb
(4, 0)
/scratch/users/enf/deep-docking/shallow/pdbbind_full_tmp//3o8g_4_0_system.pdb
Finished featurizing atoms
Correct number of features in grid!
About to compute sequence.
About to compute ligand smiles string.
Finished featurizing atoms
Correct number of features in grid!
About to compute sequence.
About to compute ligand smiles string.
Finished featurizing atoms
Correct number of features in grid!
About to compute sequence.
About to compute ligand smiles string.
Finished featurizing atoms
Correct number of features in grid!
About to compute sequence.
About to compute ligand smiles string.
Finished featurizing atoms
Correct number of features in grid!
About to compute sequence.
About to compute ligand smiles string.
Finished featurizing atoms
Correct number of features in grid!
About to compute sequence.
About to compute ligand smiles string.
Finished featurizing atoms
Correct number of features in grid!
About to compute sequence.
About to compute ligand smiles string.
Finished featurizing atoms
Correct number of features in grid!
About to compute sequence.
About to compute ligand smiles string.
Finished featurizing atoms
Correct number of features in grid!
About to compute sequence.
About to compute ligand smiles string.
Finished featurizing atoms
Correct number of features in grid!
About to compute sequence.
About to compute ligand smiles string.
Finished featurizing atoms
Correct number of features in grid!
About to compute sequence.
About to compute ligand smiles string.
Finished featurizing atoms
Correct number of features in grid!
About to compute sequence.
About to compute ligand smiles string.
Finished featurizing atoms
Correct number of features in grid!
About to compute sequence.
About to compute ligand smiles string.
Finished featurizing atoms
Correct number of features in grid!
About to compute sequence.
About to compute ligand smiles string.
Finished featurizing atoms
Correct number of features in grid!
About to compute sequence.
About to compute ligand smiles string.
Finished featurizing atoms
Correct number of features in grid!
About to compute sequence.
About to compute ligand smiles string.
Finished featurizing atoms
Correct number of features in grid!
About to compute sequence.
About to compute ligand smiles string.
Finished featurizing atoms
Correct number of features in grid!
About to compute sequence.
About to compute ligand smiles string.
Finished featurizing atoms
Correct number of features in grid!
About to compute sequence.
About to compute ligand smiles string.
Finished featurizing atoms
Correct number of features in grid!
About to compute sequence.
About to compute ligand smiles string.
Finished featurizing atoms
Correct number of features in grid!
About to compute sequence.
About to compute ligand smiles string.

processing 17-th pdb /scratch/users/enf/deep-docking/datasets/pdbbind/website/4mbi
About to extract ligand and protein input files
Extracted Input Files:
('4mbi_ligand_hyd.pdb', '4mbi_ligand_hyd.pdbqt', '4mbi_protein_hyd.pdb', '4mbi_protein_hyd.pdbqt')
(9, 0)
/scratch/users/enf/deep-docking/shallow/pdbbind_full_tmp//4mbi_9_0_system.pdb
(0, 0)
/scratch/users/enf/deep-docking/shallow/pdbbind_full_tmp//4mbi_0_0_system.pdb
(7, 0)
/scratch/users/enf/deep-docking/shallow/pdbbind_full_tmp//4mbi_7_0_system.pdb
(8, 1)
/scratch/users/enf/deep-docking/shallow/pdbbind_full_tmp//4mbi_8_1_system.pdb
(7, 1)
/scratch/users/enf/deep-docking/shallow/pdbbind_full_tmp//4mbi_7_1_system.pdb
(3, 0)
/scratch/users/enf/deep-docking/shallow/pdbbind_full_tmp//4mbi_3_0_system.pdb
(6, 1)
/scratch/users/enf/deep-docking/shallow/pdbbind_full_tmp//4mbi_6_1_system.pdb
(3, 1)
/scratch/users/enf/deep-docking/shallow/pdbbind_full_tmp//4mbi_3_1_system.pdb
(6, 0)
/scratch/users/enf/deep-docking/shallow/pdbbind_full_tmp//4mbi_6_0_system.pdb
(2, 1)
/scratch/users/enf/deep-docking/shallow/pdbbind_full_tmp//4mbi_2_1_system.pdb
(10, 0)
/scratch/users/enf/deep-docking/shallow/pdbbind_full_tmp//4mbi_10_0_system.pdb
(2, 0)
/scratch/users/enf/deep-docking/shallow/pdbbind_full_tmp//4mbi_2_0_system.pdb
(5, 0)
/scratch/users/enf/deep-docking/shallow/pdbbind_full_tmp//4mbi_5_0_system.pdb
(9, 1)
/scratch/users/enf/deep-docking/shallow/pdbbind_full_tmp//4mbi_9_1_system.pdb
(8, 0)
/scratch/users/enf/deep-docking/shallow/pdbbind_full_tmp//4mbi_8_0_system.pdb
(5, 1)
/scratch/users/enf/deep-docking/shallow/pdbbind_full_tmp//4mbi_5_1_system.pdb
(1, 0)
/scratch/users/enf/deep-docking/shallow/pdbbind_full_tmp//4mbi_1_0_system.pdb
(10, 1)
/scratch/users/enf/deep-docking/shallow/pdbbind_full_tmp//4mbi_10_1_system.pdb
(4, 1)
/scratch/users/enf/deep-docking/shallow/pdbbind_full_tmp//4mbi_4_1_system.pdb
(1, 1)
/scratch/users/enf/deep-docking/shallow/pdbbind_full_tmp//4mbi_1_1_system.pdb
(4, 0)
/scratch/users/enf/deep-docking/shallow/pdbbind_full_tmp//4mbi_4_0_system.pdb
Finished featurizing atoms
Correct number of features in grid!
About to compute sequence.
About to compute ligand smiles string.
Finished featurizing atoms
Correct number of features in grid!
About to compute sequence.
About to compute ligand smiles string.
Finished featurizing atoms
Correct number of features in grid!
About to compute sequence.
About to compute ligand smiles string.
Finished featurizing atoms
Correct number of features in grid!
About to compute sequence.
About to compute ligand smiles string.
Finished featurizing atoms
Correct number of features in grid!
About to compute sequence.
About to compute ligand smiles string.
Finished featurizing atoms
Correct number of features in grid!
About to compute sequence.
About to compute ligand smiles string.
Finished featurizing atoms
Correct number of features in grid!
About to compute sequence.
About to compute ligand smiles string.
Finished featurizing atoms
Correct number of features in grid!
About to compute sequence.
About to compute ligand smiles string.
Finished featurizing atoms
Correct number of features in grid!
About to compute sequence.
About to compute ligand smiles string.
Finished featurizing atoms
Correct number of features in grid!
About to compute sequence.
About to compute ligand smiles string.
Finished featurizing atoms
Correct number of features in grid!
About to compute sequence.
About to compute ligand smiles string.
Finished featurizing atoms
Correct number of features in grid!
About to compute sequence.
About to compute ligand smiles string.
Finished featurizing atoms
Correct number of features in grid!
About to compute sequence.
About to compute ligand smiles string.
Finished featurizing atoms
Correct number of features in grid!
About to compute sequence.
About to compute ligand smiles string.
Finished featurizing atoms
Correct number of features in grid!
About to compute sequence.
About to compute ligand smiles string.
Finished featurizing atoms
Correct number of features in grid!
About to compute sequence.
About to compute ligand smiles string.
Finished featurizing atoms
Correct number of features in grid!
About to compute sequence.
About to compute ligand smiles string.
Finished featurizing atoms
Correct number of features in grid!
About to compute sequence.
About to compute ligand smiles string.
Finished featurizing atoms
Correct number of features in grid!
About to compute sequence.
About to compute ligand smiles string.
Finished featurizing atoms
Correct number of features in grid!
About to compute sequence.
About to compute ligand smiles string.
Finished featurizing atoms
Correct number of features in grid!
About to compute sequence.
About to compute ligand smiles string.

processing 18-th pdb /scratch/users/enf/deep-docking/datasets/pdbbind/website/1csh
About to extract ligand and protein input files
Extracted Input Files:
('1csh_ligand_hyd.pdb', '1csh_ligand_hyd.pdbqt', '1csh_protein_hyd.pdb', '1csh_protein_hyd.pdbqt')
(9, 0)
/scratch/users/enf/deep-docking/shallow/pdbbind_full_tmp//1csh_9_0_system.pdb
(0, 0)
/scratch/users/enf/deep-docking/shallow/pdbbind_full_tmp//1csh_0_0_system.pdb
(7, 0)
/scratch/users/enf/deep-docking/shallow/pdbbind_full_tmp//1csh_7_0_system.pdb
(8, 1)
/scratch/users/enf/deep-docking/shallow/pdbbind_full_tmp//1csh_8_1_system.pdb
(7, 1)
/scratch/users/enf/deep-docking/shallow/pdbbind_full_tmp//1csh_7_1_system.pdb
(3, 0)
/scratch/users/enf/deep-docking/shallow/pdbbind_full_tmp//1csh_3_0_system.pdb
(6, 1)
/scratch/users/enf/deep-docking/shallow/pdbbind_full_tmp//1csh_6_1_system.pdb
(3, 1)
/scratch/users/enf/deep-docking/shallow/pdbbind_full_tmp//1csh_3_1_system.pdb
(6, 0)
/scratch/users/enf/deep-docking/shallow/pdbbind_full_tmp//1csh_6_0_system.pdb
(2, 1)
/scratch/users/enf/deep-docking/shallow/pdbbind_full_tmp//1csh_2_1_system.pdb
(10, 0)
/scratch/users/enf/deep-docking/shallow/pdbbind_full_tmp//1csh_10_0_system.pdb
(2, 0)
/scratch/users/enf/deep-docking/shallow/pdbbind_full_tmp//1csh_2_0_system.pdb
(5, 0)
/scratch/users/enf/deep-docking/shallow/pdbbind_full_tmp//1csh_5_0_system.pdb
(9, 1)
/scratch/users/enf/deep-docking/shallow/pdbbind_full_tmp//1csh_9_1_system.pdb
(8, 0)
/scratch/users/enf/deep-docking/shallow/pdbbind_full_tmp//1csh_8_0_system.pdb
(5, 1)
/scratch/users/enf/deep-docking/shallow/pdbbind_full_tmp//1csh_5_1_system.pdb
(1, 0)
/scratch/users/enf/deep-docking/shallow/pdbbind_full_tmp//1csh_1_0_system.pdb
(10, 1)
/scratch/users/enf/deep-docking/shallow/pdbbind_full_tmp//1csh_10_1_system.pdb
(4, 1)
/scratch/users/enf/deep-docking/shallow/pdbbind_full_tmp//1csh_4_1_system.pdb
(1, 1)
/scratch/users/enf/deep-docking/shallow/pdbbind_full_tmp//1csh_1_1_system.pdb
(4, 0)
/scratch/users/enf/deep-docking/shallow/pdbbind_full_tmp//1csh_4_0_system.pdb
