
processing 0-th pdb /scratch/users/enf/deep-docking/datasets/pdbbind/website/1q4l
About to extract ligand and protein input files
Extracted Input Files:
('1q4l_ligand_hyd.pdb', '1q4l_ligand_hyd.pdbqt', '1q4l_protein_hyd.pdb', '1q4l_protein_hyd.pdbqt')
(9, 0)
/scratch/users/enf/deep-docking/shallow/pdbbind_full_tmp//1q4l_9_0_system.pdb
(0, 0)
/scratch/users/enf/deep-docking/shallow/pdbbind_full_tmp//1q4l_0_0_system.pdb
(7, 0)
/scratch/users/enf/deep-docking/shallow/pdbbind_full_tmp//1q4l_7_0_system.pdb
(8, 1)
/scratch/users/enf/deep-docking/shallow/pdbbind_full_tmp//1q4l_8_1_system.pdb
(7, 1)
/scratch/users/enf/deep-docking/shallow/pdbbind_full_tmp//1q4l_7_1_system.pdb
(3, 0)
/scratch/users/enf/deep-docking/shallow/pdbbind_full_tmp//1q4l_3_0_system.pdb
(6, 1)
/scratch/users/enf/deep-docking/shallow/pdbbind_full_tmp//1q4l_6_1_system.pdb
(3, 1)
/scratch/users/enf/deep-docking/shallow/pdbbind_full_tmp//1q4l_3_1_system.pdb
(6, 0)
/scratch/users/enf/deep-docking/shallow/pdbbind_full_tmp//1q4l_6_0_system.pdb
(2, 1)
/scratch/users/enf/deep-docking/shallow/pdbbind_full_tmp//1q4l_2_1_system.pdb
(10, 0)
/scratch/users/enf/deep-docking/shallow/pdbbind_full_tmp//1q4l_10_0_system.pdb
(2, 0)
/scratch/users/enf/deep-docking/shallow/pdbbind_full_tmp//1q4l_2_0_system.pdb
(5, 0)
/scratch/users/enf/deep-docking/shallow/pdbbind_full_tmp//1q4l_5_0_system.pdb
(9, 1)
/scratch/users/enf/deep-docking/shallow/pdbbind_full_tmp//1q4l_9_1_system.pdb
(8, 0)
/scratch/users/enf/deep-docking/shallow/pdbbind_full_tmp//1q4l_8_0_system.pdb
(5, 1)
/scratch/users/enf/deep-docking/shallow/pdbbind_full_tmp//1q4l_5_1_system.pdb
(1, 0)
/scratch/users/enf/deep-docking/shallow/pdbbind_full_tmp//1q4l_1_0_system.pdb
(10, 1)
/scratch/users/enf/deep-docking/shallow/pdbbind_full_tmp//1q4l_10_1_system.pdb
(4, 1)
/scratch/users/enf/deep-docking/shallow/pdbbind_full_tmp//1q4l_4_1_system.pdb
(1, 1)
/scratch/users/enf/deep-docking/shallow/pdbbind_full_tmp//1q4l_1_1_system.pdb
(4, 0)
/scratch/users/enf/deep-docking/shallow/pdbbind_full_tmp//1q4l_4_0_system.pdb
Finished featurizing atoms
Correct number of features in grid!
About to compute sequence.
About to compute ligand smiles string.
Finished featurizing atoms
Correct number of features in grid!
About to compute sequence.
About to compute ligand smiles string.
Finished featurizing atoms
Correct number of features in grid!
About to compute sequence.
About to compute ligand smiles string.
Finished featurizing atoms
Correct number of features in grid!
About to compute sequence.
About to compute ligand smiles string.
Finished featurizing atoms
Correct number of features in grid!
About to compute sequence.
About to compute ligand smiles string.
Finished featurizing atoms
Correct number of features in grid!
About to compute sequence.
About to compute ligand smiles string.
Finished featurizing atoms
Correct number of features in grid!
About to compute sequence.
About to compute ligand smiles string.
Finished featurizing atoms
Correct number of features in grid!
About to compute sequence.
About to compute ligand smiles string.
Finished featurizing atoms
Correct number of features in grid!
About to compute sequence.
About to compute ligand smiles string.
Finished featurizing atoms
Correct number of features in grid!
About to compute sequence.
About to compute ligand smiles string.
Finished featurizing atoms
Correct number of features in grid!
About to compute sequence.
About to compute ligand smiles string.
Finished featurizing atoms
Correct number of features in grid!
About to compute sequence.
About to compute ligand smiles string.
Finished featurizing atoms
Correct number of features in grid!
About to compute sequence.
About to compute ligand smiles string.
Finished featurizing atoms
Correct number of features in grid!
About to compute sequence.
About to compute ligand smiles string.
Finished featurizing atoms
Correct number of features in grid!
About to compute sequence.
About to compute ligand smiles string.
Finished featurizing atoms
Correct number of features in grid!
About to compute sequence.
About to compute ligand smiles string.
Finished featurizing atoms
Correct number of features in grid!
About to compute sequence.
About to compute ligand smiles string.
Finished featurizing atoms
Correct number of features in grid!
About to compute sequence.
About to compute ligand smiles string.
Finished featurizing atoms
Correct number of features in grid!
About to compute sequence.
About to compute ligand smiles string.
Finished featurizing atoms
Correct number of features in grid!
About to compute sequence.
About to compute ligand smiles string.
Finished featurizing atoms
Correct number of features in grid!
About to compute sequence.
About to compute ligand smiles string.

processing 1-th pdb /scratch/users/enf/deep-docking/datasets/pdbbind/website/3zhx
About to extract ligand and protein input files
Extracted Input Files:
('3zhx_ligand_hyd.pdb', '3zhx_ligand_hyd.pdbqt', '3zhx_protein_hyd.pdb', '3zhx_protein_hyd.pdbqt')
(9, 0)
/scratch/users/enf/deep-docking/shallow/pdbbind_full_tmp//3zhx_9_0_system.pdb
(0, 0)
/scratch/users/enf/deep-docking/shallow/pdbbind_full_tmp//3zhx_0_0_system.pdb
(7, 0)
/scratch/users/enf/deep-docking/shallow/pdbbind_full_tmp//3zhx_7_0_system.pdb
(8, 1)
/scratch/users/enf/deep-docking/shallow/pdbbind_full_tmp//3zhx_8_1_system.pdb
(7, 1)
/scratch/users/enf/deep-docking/shallow/pdbbind_full_tmp//3zhx_7_1_system.pdb
(3, 0)
/scratch/users/enf/deep-docking/shallow/pdbbind_full_tmp//3zhx_3_0_system.pdb
(6, 1)
/scratch/users/enf/deep-docking/shallow/pdbbind_full_tmp//3zhx_6_1_system.pdb
(3, 1)
/scratch/users/enf/deep-docking/shallow/pdbbind_full_tmp//3zhx_3_1_system.pdb
(6, 0)
/scratch/users/enf/deep-docking/shallow/pdbbind_full_tmp//3zhx_6_0_system.pdb
(2, 1)
/scratch/users/enf/deep-docking/shallow/pdbbind_full_tmp//3zhx_2_1_system.pdb
(10, 0)
/scratch/users/enf/deep-docking/shallow/pdbbind_full_tmp//3zhx_10_0_system.pdb
(2, 0)
/scratch/users/enf/deep-docking/shallow/pdbbind_full_tmp//3zhx_2_0_system.pdb
(5, 0)
/scratch/users/enf/deep-docking/shallow/pdbbind_full_tmp//3zhx_5_0_system.pdb
(9, 1)
/scratch/users/enf/deep-docking/shallow/pdbbind_full_tmp//3zhx_9_1_system.pdb
(8, 0)
/scratch/users/enf/deep-docking/shallow/pdbbind_full_tmp//3zhx_8_0_system.pdb
(5, 1)
/scratch/users/enf/deep-docking/shallow/pdbbind_full_tmp//3zhx_5_1_system.pdb
(1, 0)
/scratch/users/enf/deep-docking/shallow/pdbbind_full_tmp//3zhx_1_0_system.pdb
(10, 1)
/scratch/users/enf/deep-docking/shallow/pdbbind_full_tmp//3zhx_10_1_system.pdb
(4, 1)
/scratch/users/enf/deep-docking/shallow/pdbbind_full_tmp//3zhx_4_1_system.pdb
(1, 1)
/scratch/users/enf/deep-docking/shallow/pdbbind_full_tmp//3zhx_1_1_system.pdb
(4, 0)
/scratch/users/enf/deep-docking/shallow/pdbbind_full_tmp//3zhx_4_0_system.pdb
Finished featurizing atoms
Correct number of features in grid!
About to compute sequence.
About to compute ligand smiles string.
Finished featurizing atoms
Correct number of features in grid!
About to compute sequence.
About to compute ligand smiles string.
Finished featurizing atoms
Correct number of features in grid!
About to compute sequence.
About to compute ligand smiles string.
Finished featurizing atoms
Correct number of features in grid!
About to compute sequence.
About to compute ligand smiles string.
Finished featurizing atoms
Correct number of features in grid!
About to compute sequence.
About to compute ligand smiles string.
Finished featurizing atoms
Correct number of features in grid!
About to compute sequence.
About to compute ligand smiles string.
Finished featurizing atoms
Correct number of features in grid!
About to compute sequence.
About to compute ligand smiles string.
Finished featurizing atoms
Correct number of features in grid!
About to compute sequence.
About to compute ligand smiles string.
Finished featurizing atoms
Correct number of features in grid!
About to compute sequence.
About to compute ligand smiles string.
Finished featurizing atoms
Correct number of features in grid!
About to compute sequence.
About to compute ligand smiles string.
Finished featurizing atoms
Correct number of features in grid!
About to compute sequence.
About to compute ligand smiles string.
Finished featurizing atoms
Correct number of features in grid!
About to compute sequence.
About to compute ligand smiles string.
Finished featurizing atoms
Correct number of features in grid!
About to compute sequence.
About to compute ligand smiles string.
Finished featurizing atoms
Correct number of features in grid!
About to compute sequence.
About to compute ligand smiles string.
Finished featurizing atoms
Correct number of features in grid!
About to compute sequence.
About to compute ligand smiles string.
Finished featurizing atoms
Correct number of features in grid!
About to compute sequence.
About to compute ligand smiles string.
Finished featurizing atoms
Correct number of features in grid!
About to compute sequence.
About to compute ligand smiles string.
Finished featurizing atoms
Correct number of features in grid!
About to compute sequence.
About to compute ligand smiles string.
Finished featurizing atoms
Correct number of features in grid!
About to compute sequence.
About to compute ligand smiles string.
Finished featurizing atoms
Correct number of features in grid!
About to compute sequence.
About to compute ligand smiles string.
Finished featurizing atoms
Correct number of features in grid!
About to compute sequence.
About to compute ligand smiles string.

processing 2-th pdb /scratch/users/enf/deep-docking/datasets/pdbbind/website/4i60
About to extract ligand and protein input files
Extracted Input Files:
('4i60_ligand_hyd.pdb', '4i60_ligand_hyd.pdbqt', '4i60_protein_hyd.pdb', '4i60_protein_hyd.pdbqt')
(9, 0)
/scratch/users/enf/deep-docking/shallow/pdbbind_full_tmp//4i60_9_0_system.pdb
(0, 0)
/scratch/users/enf/deep-docking/shallow/pdbbind_full_tmp//4i60_0_0_system.pdb
(7, 0)
/scratch/users/enf/deep-docking/shallow/pdbbind_full_tmp//4i60_7_0_system.pdb
(8, 1)
/scratch/users/enf/deep-docking/shallow/pdbbind_full_tmp//4i60_8_1_system.pdb
(7, 1)
/scratch/users/enf/deep-docking/shallow/pdbbind_full_tmp//4i60_7_1_system.pdb
(3, 0)
/scratch/users/enf/deep-docking/shallow/pdbbind_full_tmp//4i60_3_0_system.pdb
(6, 1)
/scratch/users/enf/deep-docking/shallow/pdbbind_full_tmp//4i60_6_1_system.pdb
(3, 1)
/scratch/users/enf/deep-docking/shallow/pdbbind_full_tmp//4i60_3_1_system.pdb
(6, 0)
/scratch/users/enf/deep-docking/shallow/pdbbind_full_tmp//4i60_6_0_system.pdb
(2, 1)
/scratch/users/enf/deep-docking/shallow/pdbbind_full_tmp//4i60_2_1_system.pdb
(10, 0)
/scratch/users/enf/deep-docking/shallow/pdbbind_full_tmp//4i60_10_0_system.pdb
(2, 0)
/scratch/users/enf/deep-docking/shallow/pdbbind_full_tmp//4i60_2_0_system.pdb
(5, 0)
/scratch/users/enf/deep-docking/shallow/pdbbind_full_tmp//4i60_5_0_system.pdb
(9, 1)
/scratch/users/enf/deep-docking/shallow/pdbbind_full_tmp//4i60_9_1_system.pdb
(8, 0)
/scratch/users/enf/deep-docking/shallow/pdbbind_full_tmp//4i60_8_0_system.pdb
(5, 1)
/scratch/users/enf/deep-docking/shallow/pdbbind_full_tmp//4i60_5_1_system.pdb
(1, 0)
/scratch/users/enf/deep-docking/shallow/pdbbind_full_tmp//4i60_1_0_system.pdb
(10, 1)
/scratch/users/enf/deep-docking/shallow/pdbbind_full_tmp//4i60_10_1_system.pdb
(4, 1)
/scratch/users/enf/deep-docking/shallow/pdbbind_full_tmp//4i60_4_1_system.pdb
(1, 1)
/scratch/users/enf/deep-docking/shallow/pdbbind_full_tmp//4i60_1_1_system.pdb
(4, 0)
/scratch/users/enf/deep-docking/shallow/pdbbind_full_tmp//4i60_4_0_system.pdb
