
processing 0-th pdb /scratch/users/enf/deep-docking/datasets/pdbbind/website/4jv6
About to extract ligand and protein input files
Extracted Input Files:
('4jv6_ligand_hyd.pdb', '4jv6_ligand_hyd.pdbqt', '4jv6_protein_hyd.pdb', '4jv6_protein_hyd.pdbqt')
(9, 0)
/scratch/users/enf/deep-docking/shallow/pdbbind_full_tmp//4jv6_9_0_system.pdb
(0, 0)
/scratch/users/enf/deep-docking/shallow/pdbbind_full_tmp//4jv6_0_0_system.pdb
(7, 0)
/scratch/users/enf/deep-docking/shallow/pdbbind_full_tmp//4jv6_7_0_system.pdb
(8, 1)
/scratch/users/enf/deep-docking/shallow/pdbbind_full_tmp//4jv6_8_1_system.pdb
(7, 1)
/scratch/users/enf/deep-docking/shallow/pdbbind_full_tmp//4jv6_7_1_system.pdb
(3, 0)
/scratch/users/enf/deep-docking/shallow/pdbbind_full_tmp//4jv6_3_0_system.pdb
(6, 1)
/scratch/users/enf/deep-docking/shallow/pdbbind_full_tmp//4jv6_6_1_system.pdb
(3, 1)
/scratch/users/enf/deep-docking/shallow/pdbbind_full_tmp//4jv6_3_1_system.pdb
(6, 0)
/scratch/users/enf/deep-docking/shallow/pdbbind_full_tmp//4jv6_6_0_system.pdb
(2, 1)
/scratch/users/enf/deep-docking/shallow/pdbbind_full_tmp//4jv6_2_1_system.pdb
(10, 0)
/scratch/users/enf/deep-docking/shallow/pdbbind_full_tmp//4jv6_10_0_system.pdb
(2, 0)
/scratch/users/enf/deep-docking/shallow/pdbbind_full_tmp//4jv6_2_0_system.pdb
(5, 0)
/scratch/users/enf/deep-docking/shallow/pdbbind_full_tmp//4jv6_5_0_system.pdb
(9, 1)
/scratch/users/enf/deep-docking/shallow/pdbbind_full_tmp//4jv6_9_1_system.pdb
(8, 0)
/scratch/users/enf/deep-docking/shallow/pdbbind_full_tmp//4jv6_8_0_system.pdb
(5, 1)
/scratch/users/enf/deep-docking/shallow/pdbbind_full_tmp//4jv6_5_1_system.pdb
(1, 0)
/scratch/users/enf/deep-docking/shallow/pdbbind_full_tmp//4jv6_1_0_system.pdb
(10, 1)
/scratch/users/enf/deep-docking/shallow/pdbbind_full_tmp//4jv6_10_1_system.pdb
(4, 1)
/scratch/users/enf/deep-docking/shallow/pdbbind_full_tmp//4jv6_4_1_system.pdb
(1, 1)
/scratch/users/enf/deep-docking/shallow/pdbbind_full_tmp//4jv6_1_1_system.pdb
(4, 0)
/scratch/users/enf/deep-docking/shallow/pdbbind_full_tmp//4jv6_4_0_system.pdb
Finished featurizing atoms
Correct number of features in grid!
About to compute sequence.
About to compute ligand smiles string.
Finished featurizing atoms
Correct number of features in grid!
About to compute sequence.
About to compute ligand smiles string.
Finished featurizing atoms
Correct number of features in grid!
About to compute sequence.
About to compute ligand smiles string.
Finished featurizing atoms
Correct number of features in grid!
About to compute sequence.
About to compute ligand smiles string.
Finished featurizing atoms
Correct number of features in grid!
About to compute sequence.
About to compute ligand smiles string.
Finished featurizing atoms
Correct number of features in grid!
About to compute sequence.
About to compute ligand smiles string.
Finished featurizing atoms
Correct number of features in grid!
About to compute sequence.
About to compute ligand smiles string.
Finished featurizing atoms
Correct number of features in grid!
About to compute sequence.
About to compute ligand smiles string.
Finished featurizing atoms
Correct number of features in grid!
About to compute sequence.
About to compute ligand smiles string.
Finished featurizing atoms
Correct number of features in grid!
About to compute sequence.
About to compute ligand smiles string.
Finished featurizing atoms
Correct number of features in grid!
About to compute sequence.
About to compute ligand smiles string.
Finished featurizing atoms
Correct number of features in grid!
About to compute sequence.
About to compute ligand smiles string.
Finished featurizing atoms
Correct number of features in grid!
About to compute sequence.
About to compute ligand smiles string.
Finished featurizing atoms
Correct number of features in grid!
About to compute sequence.
About to compute ligand smiles string.
Finished featurizing atoms
Correct number of features in grid!
About to compute sequence.
About to compute ligand smiles string.
Finished featurizing atoms
Correct number of features in grid!
About to compute sequence.
About to compute ligand smiles string.
Finished featurizing atoms
Correct number of features in grid!
About to compute sequence.
About to compute ligand smiles string.
Finished featurizing atoms
Correct number of features in grid!
About to compute sequence.
About to compute ligand smiles string.
Finished featurizing atoms
Correct number of features in grid!
About to compute sequence.
About to compute ligand smiles string.
Finished featurizing atoms
Correct number of features in grid!
About to compute sequence.
About to compute ligand smiles string.
Finished featurizing atoms
Correct number of features in grid!
About to compute sequence.
About to compute ligand smiles string.

processing 1-th pdb /scratch/users/enf/deep-docking/datasets/pdbbind/website/1t5a
About to extract ligand and protein input files
Extracted Input Files:
('1t5a_ligand_hyd.pdb', '1t5a_ligand_hyd.pdbqt', '1t5a_protein_hyd.pdb', '1t5a_protein_hyd.pdbqt')
(9, 0)
/scratch/users/enf/deep-docking/shallow/pdbbind_full_tmp//1t5a_9_0_system.pdb
(0, 0)
/scratch/users/enf/deep-docking/shallow/pdbbind_full_tmp//1t5a_0_0_system.pdb
(7, 0)
/scratch/users/enf/deep-docking/shallow/pdbbind_full_tmp//1t5a_7_0_system.pdb
(8, 1)
/scratch/users/enf/deep-docking/shallow/pdbbind_full_tmp//1t5a_8_1_system.pdb
(7, 1)
/scratch/users/enf/deep-docking/shallow/pdbbind_full_tmp//1t5a_7_1_system.pdb
(3, 0)
/scratch/users/enf/deep-docking/shallow/pdbbind_full_tmp//1t5a_3_0_system.pdb
(6, 1)
/scratch/users/enf/deep-docking/shallow/pdbbind_full_tmp//1t5a_6_1_system.pdb
(3, 1)
/scratch/users/enf/deep-docking/shallow/pdbbind_full_tmp//1t5a_3_1_system.pdb
(6, 0)
/scratch/users/enf/deep-docking/shallow/pdbbind_full_tmp//1t5a_6_0_system.pdb
(2, 1)
/scratch/users/enf/deep-docking/shallow/pdbbind_full_tmp//1t5a_2_1_system.pdb
(10, 0)
/scratch/users/enf/deep-docking/shallow/pdbbind_full_tmp//1t5a_10_0_system.pdb
(2, 0)
/scratch/users/enf/deep-docking/shallow/pdbbind_full_tmp//1t5a_2_0_system.pdb
(5, 0)
/scratch/users/enf/deep-docking/shallow/pdbbind_full_tmp//1t5a_5_0_system.pdb
(9, 1)
/scratch/users/enf/deep-docking/shallow/pdbbind_full_tmp//1t5a_9_1_system.pdb
(8, 0)
/scratch/users/enf/deep-docking/shallow/pdbbind_full_tmp//1t5a_8_0_system.pdb
(5, 1)
/scratch/users/enf/deep-docking/shallow/pdbbind_full_tmp//1t5a_5_1_system.pdb
(1, 0)
/scratch/users/enf/deep-docking/shallow/pdbbind_full_tmp//1t5a_1_0_system.pdb
(10, 1)
/scratch/users/enf/deep-docking/shallow/pdbbind_full_tmp//1t5a_10_1_system.pdb
(4, 1)
/scratch/users/enf/deep-docking/shallow/pdbbind_full_tmp//1t5a_4_1_system.pdb
(1, 1)
/scratch/users/enf/deep-docking/shallow/pdbbind_full_tmp//1t5a_1_1_system.pdb
(4, 0)
/scratch/users/enf/deep-docking/shallow/pdbbind_full_tmp//1t5a_4_0_system.pdb
Finished featurizing atoms
Correct number of features in grid!
About to compute sequence.
About to compute ligand smiles string.
Finished featurizing atoms
Correct number of features in grid!
About to compute sequence.
About to compute ligand smiles string.
Finished featurizing atoms
Correct number of features in grid!
About to compute sequence.
About to compute ligand smiles string.
Finished featurizing atoms
Correct number of features in grid!
About to compute sequence.
About to compute ligand smiles string.
Finished featurizing atoms
Correct number of features in grid!
About to compute sequence.
About to compute ligand smiles string.
Finished featurizing atoms
Correct number of features in grid!
About to compute sequence.
About to compute ligand smiles string.
Finished featurizing atoms
Correct number of features in grid!
About to compute sequence.
About to compute ligand smiles string.
Finished featurizing atoms
Correct number of features in grid!
About to compute sequence.
About to compute ligand smiles string.
Finished featurizing atoms
Correct number of features in grid!
About to compute sequence.
About to compute ligand smiles string.
Finished featurizing atoms
Correct number of features in grid!
About to compute sequence.
About to compute ligand smiles string.
Finished featurizing atoms
Correct number of features in grid!
About to compute sequence.
About to compute ligand smiles string.
Finished featurizing atoms
Correct number of features in grid!
About to compute sequence.
About to compute ligand smiles string.
Finished featurizing atoms
Correct number of features in grid!
About to compute sequence.
About to compute ligand smiles string.
Finished featurizing atoms
Correct number of features in grid!
About to compute sequence.
About to compute ligand smiles string.
Finished featurizing atoms
Correct number of features in grid!
About to compute sequence.
About to compute ligand smiles string.
Finished featurizing atoms
Correct number of features in grid!
About to compute sequence.
About to compute ligand smiles string.
Finished featurizing atoms
Correct number of features in grid!
About to compute sequence.
About to compute ligand smiles string.
Finished featurizing atoms
Correct number of features in grid!
About to compute sequence.
About to compute ligand smiles string.
Finished featurizing atoms
Correct number of features in grid!
About to compute sequence.
About to compute ligand smiles string.
Finished featurizing atoms
Correct number of features in grid!
About to compute sequence.
About to compute ligand smiles string.
Finished featurizing atoms
Correct number of features in grid!
About to compute sequence.
About to compute ligand smiles string.

processing 2-th pdb /scratch/users/enf/deep-docking/datasets/pdbbind/website/1o1s
About to extract ligand and protein input files
Extracted Input Files:
('1o1s_ligand_hyd.pdb', '1o1s_ligand_hyd.pdbqt', '1o1s_protein_hyd.pdb', '1o1s_protein_hyd.pdbqt')
(9, 0)
/scratch/users/enf/deep-docking/shallow/pdbbind_full_tmp//1o1s_9_0_system.pdb
(0, 0)
/scratch/users/enf/deep-docking/shallow/pdbbind_full_tmp//1o1s_0_0_system.pdb
(7, 0)
/scratch/users/enf/deep-docking/shallow/pdbbind_full_tmp//1o1s_7_0_system.pdb
(8, 1)
/scratch/users/enf/deep-docking/shallow/pdbbind_full_tmp//1o1s_8_1_system.pdb
(7, 1)
/scratch/users/enf/deep-docking/shallow/pdbbind_full_tmp//1o1s_7_1_system.pdb
(3, 0)
/scratch/users/enf/deep-docking/shallow/pdbbind_full_tmp//1o1s_3_0_system.pdb
(6, 1)
/scratch/users/enf/deep-docking/shallow/pdbbind_full_tmp//1o1s_6_1_system.pdb
(3, 1)
/scratch/users/enf/deep-docking/shallow/pdbbind_full_tmp//1o1s_3_1_system.pdb
(6, 0)
/scratch/users/enf/deep-docking/shallow/pdbbind_full_tmp//1o1s_6_0_system.pdb
(2, 1)
/scratch/users/enf/deep-docking/shallow/pdbbind_full_tmp//1o1s_2_1_system.pdb
(10, 0)
/scratch/users/enf/deep-docking/shallow/pdbbind_full_tmp//1o1s_10_0_system.pdb
(2, 0)
/scratch/users/enf/deep-docking/shallow/pdbbind_full_tmp//1o1s_2_0_system.pdb
(5, 0)
/scratch/users/enf/deep-docking/shallow/pdbbind_full_tmp//1o1s_5_0_system.pdb
(9, 1)
/scratch/users/enf/deep-docking/shallow/pdbbind_full_tmp//1o1s_9_1_system.pdb
(8, 0)
/scratch/users/enf/deep-docking/shallow/pdbbind_full_tmp//1o1s_8_0_system.pdb
(5, 1)
/scratch/users/enf/deep-docking/shallow/pdbbind_full_tmp//1o1s_5_1_system.pdb
(1, 0)
/scratch/users/enf/deep-docking/shallow/pdbbind_full_tmp//1o1s_1_0_system.pdb
(10, 1)
/scratch/users/enf/deep-docking/shallow/pdbbind_full_tmp//1o1s_10_1_system.pdb
(4, 1)
/scratch/users/enf/deep-docking/shallow/pdbbind_full_tmp//1o1s_4_1_system.pdb
(1, 1)
/scratch/users/enf/deep-docking/shallow/pdbbind_full_tmp//1o1s_1_1_system.pdb
(4, 0)
/scratch/users/enf/deep-docking/shallow/pdbbind_full_tmp//1o1s_4_0_system.pdb
Finished featurizing atoms
Correct number of features in grid!
About to compute sequence.
About to compute ligand smiles string.
Finished featurizing atoms
Correct number of features in grid!
About to compute sequence.
About to compute ligand smiles string.
Finished featurizing atoms
Correct number of features in grid!
About to compute sequence.
About to compute ligand smiles string.
Finished featurizing atoms
Correct number of features in grid!
About to compute sequence.
About to compute ligand smiles string.
Finished featurizing atoms
Correct number of features in grid!
About to compute sequence.
About to compute ligand smiles string.
Finished featurizing atoms
Correct number of features in grid!
About to compute sequence.
About to compute ligand smiles string.
Finished featurizing atoms
Correct number of features in grid!
About to compute sequence.
About to compute ligand smiles string.
Finished featurizing atoms
Correct number of features in grid!
About to compute sequence.
About to compute ligand smiles string.
Finished featurizing atoms
Correct number of features in grid!
About to compute sequence.
About to compute ligand smiles string.
Finished featurizing atoms
Correct number of features in grid!
About to compute sequence.
About to compute ligand smiles string.
Finished featurizing atoms
Correct number of features in grid!
About to compute sequence.
About to compute ligand smiles string.
Finished featurizing atoms
Correct number of features in grid!
About to compute sequence.
About to compute ligand smiles string.
Finished featurizing atoms
Correct number of features in grid!
About to compute sequence.
About to compute ligand smiles string.
Finished featurizing atoms
Correct number of features in grid!
About to compute sequence.
About to compute ligand smiles string.
Finished featurizing atoms
Correct number of features in grid!
About to compute sequence.
About to compute ligand smiles string.
Finished featurizing atoms
Correct number of features in grid!
About to compute sequence.
About to compute ligand smiles string.
Finished featurizing atoms
Correct number of features in grid!
About to compute sequence.
About to compute ligand smiles string.
Finished featurizing atoms
Correct number of features in grid!
About to compute sequence.
About to compute ligand smiles string.
Finished featurizing atoms
Correct number of features in grid!
About to compute sequence.
About to compute ligand smiles string.
Finished featurizing atoms
Correct number of features in grid!
About to compute sequence.
About to compute ligand smiles string.
Finished featurizing atoms
Correct number of features in grid!
About to compute sequence.
About to compute ligand smiles string.

processing 3-th pdb /scratch/users/enf/deep-docking/datasets/pdbbind/website/2r9x
About to extract ligand and protein input files
Extracted Input Files:
('2r9x_ligand_hyd.pdb', '2r9x_ligand_hyd.pdbqt', '2r9x_protein_hyd.pdb', '2r9x_protein_hyd.pdbqt')
WARNING: There is no atom named "CA"in the protein residue  ARG_14_A. Please use
standard naming conventions for all protein residues. This atom is needed to
determine secondary structure. If this residue is far from the active site, this
warning may not affect the NNScore.

WARNING: There is no atom named "NH1"in the protein residue  ARG_14_A. Please
use standard naming conventions for all protein residues. This atom is needed to
determine pi-cation and salt-bridge interactions. If this residue is far from
the active site, this warning may not affect the NNScore.

WARNING: There is no atom named "NH2"in the protein residue  ARG_14_A. Please
use standard naming conventions for all protein residues. This atom is needed to
determine pi-cation and salt-bridge interactions. If this residue is far from
the active site, this warning may not affect the NNScore.

(9, 0)
/scratch/users/enf/deep-docking/shallow/pdbbind_full_tmp//2r9x_9_0_system.pdb
(0, 0)
/scratch/users/enf/deep-docking/shallow/pdbbind_full_tmp//2r9x_0_0_system.pdb
(7, 0)
/scratch/users/enf/deep-docking/shallow/pdbbind_full_tmp//2r9x_7_0_system.pdb
(8, 1)
/scratch/users/enf/deep-docking/shallow/pdbbind_full_tmp//2r9x_8_1_system.pdb
(7, 1)
/scratch/users/enf/deep-docking/shallow/pdbbind_full_tmp//2r9x_7_1_system.pdb
(3, 0)
/scratch/users/enf/deep-docking/shallow/pdbbind_full_tmp//2r9x_3_0_system.pdb
(6, 1)
/scratch/users/enf/deep-docking/shallow/pdbbind_full_tmp//2r9x_6_1_system.pdb
(3, 1)
/scratch/users/enf/deep-docking/shallow/pdbbind_full_tmp//2r9x_3_1_system.pdb
(6, 0)
/scratch/users/enf/deep-docking/shallow/pdbbind_full_tmp//2r9x_6_0_system.pdb
(2, 1)
/scratch/users/enf/deep-docking/shallow/pdbbind_full_tmp//2r9x_2_1_system.pdb
(10, 0)
/scratch/users/enf/deep-docking/shallow/pdbbind_full_tmp//2r9x_10_0_system.pdb
(2, 0)
/scratch/users/enf/deep-docking/shallow/pdbbind_full_tmp//2r9x_2_0_system.pdb
(5, 0)
/scratch/users/enf/deep-docking/shallow/pdbbind_full_tmp//2r9x_5_0_system.pdb
(9, 1)
/scratch/users/enf/deep-docking/shallow/pdbbind_full_tmp//2r9x_9_1_system.pdb
(8, 0)
/scratch/users/enf/deep-docking/shallow/pdbbind_full_tmp//2r9x_8_0_system.pdb
(5, 1)
/scratch/users/enf/deep-docking/shallow/pdbbind_full_tmp//2r9x_5_1_system.pdb
(1, 0)
/scratch/users/enf/deep-docking/shallow/pdbbind_full_tmp//2r9x_1_0_system.pdb
(10, 1)
/scratch/users/enf/deep-docking/shallow/pdbbind_full_tmp//2r9x_10_1_system.pdb
(4, 1)
/scratch/users/enf/deep-docking/shallow/pdbbind_full_tmp//2r9x_4_1_system.pdb
(1, 1)
/scratch/users/enf/deep-docking/shallow/pdbbind_full_tmp//2r9x_1_1_system.pdb
(4, 0)
/scratch/users/enf/deep-docking/shallow/pdbbind_full_tmp//2r9x_4_0_system.pdb
Finished featurizing atoms
Correct number of features in grid!
About to compute sequence.
About to compute ligand smiles string.
Finished featurizing atoms
Correct number of features in grid!
About to compute sequence.
About to compute ligand smiles string.
Finished featurizing atoms
Correct number of features in grid!
About to compute sequence.
About to compute ligand smiles string.
Finished featurizing atoms
Correct number of features in grid!
About to compute sequence.
About to compute ligand smiles string.
Finished featurizing atoms
Correct number of features in grid!
About to compute sequence.
About to compute ligand smiles string.
Finished featurizing atoms
Correct number of features in grid!
About to compute sequence.
About to compute ligand smiles string.
Finished featurizing atoms
Correct number of features in grid!
About to compute sequence.
About to compute ligand smiles string.
Finished featurizing atoms
Correct number of features in grid!
About to compute sequence.
About to compute ligand smiles string.
Finished featurizing atoms
Correct number of features in grid!
About to compute sequence.
About to compute ligand smiles string.
Finished featurizing atoms
Correct number of features in grid!
About to compute sequence.
About to compute ligand smiles string.
Finished featurizing atoms
Correct number of features in grid!
About to compute sequence.
About to compute ligand smiles string.
Finished featurizing atoms
Correct number of features in grid!
About to compute sequence.
About to compute ligand smiles string.
Finished featurizing atoms
Correct number of features in grid!
About to compute sequence.
About to compute ligand smiles string.
Finished featurizing atoms
Correct number of features in grid!
About to compute sequence.
About to compute ligand smiles string.
Finished featurizing atoms
Correct number of features in grid!
About to compute sequence.
About to compute ligand smiles string.
Finished featurizing atoms
Correct number of features in grid!
About to compute sequence.
About to compute ligand smiles string.
Finished featurizing atoms
Correct number of features in grid!
About to compute sequence.
About to compute ligand smiles string.
Finished featurizing atoms
Correct number of features in grid!
About to compute sequence.
About to compute ligand smiles string.
Finished featurizing atoms
Correct number of features in grid!
About to compute sequence.
About to compute ligand smiles string.
Finished featurizing atoms
Correct number of features in grid!
About to compute sequence.
About to compute ligand smiles string.
Finished featurizing atoms
Correct number of features in grid!
About to compute sequence.
About to compute ligand smiles string.

processing 4-th pdb /scratch/users/enf/deep-docking/datasets/pdbbind/website/1l8g
About to extract ligand and protein input files
Extracted Input Files:
('1l8g_ligand_hyd.pdb', '1l8g_ligand_hyd.pdbqt', '1l8g_protein_hyd.pdb', '1l8g_protein_hyd.pdbqt')
(9, 0)
/scratch/users/enf/deep-docking/shallow/pdbbind_full_tmp//1l8g_9_0_system.pdb
(0, 0)
/scratch/users/enf/deep-docking/shallow/pdbbind_full_tmp//1l8g_0_0_system.pdb
(7, 0)
/scratch/users/enf/deep-docking/shallow/pdbbind_full_tmp//1l8g_7_0_system.pdb
(8, 1)
/scratch/users/enf/deep-docking/shallow/pdbbind_full_tmp//1l8g_8_1_system.pdb
(7, 1)
/scratch/users/enf/deep-docking/shallow/pdbbind_full_tmp//1l8g_7_1_system.pdb
(3, 0)
/scratch/users/enf/deep-docking/shallow/pdbbind_full_tmp//1l8g_3_0_system.pdb
(6, 1)
/scratch/users/enf/deep-docking/shallow/pdbbind_full_tmp//1l8g_6_1_system.pdb
(3, 1)
/scratch/users/enf/deep-docking/shallow/pdbbind_full_tmp//1l8g_3_1_system.pdb
(6, 0)
/scratch/users/enf/deep-docking/shallow/pdbbind_full_tmp//1l8g_6_0_system.pdb
(2, 1)
/scratch/users/enf/deep-docking/shallow/pdbbind_full_tmp//1l8g_2_1_system.pdb
(10, 0)
/scratch/users/enf/deep-docking/shallow/pdbbind_full_tmp//1l8g_10_0_system.pdb
(2, 0)
/scratch/users/enf/deep-docking/shallow/pdbbind_full_tmp//1l8g_2_0_system.pdb
(5, 0)
/scratch/users/enf/deep-docking/shallow/pdbbind_full_tmp//1l8g_5_0_system.pdb
(9, 1)
/scratch/users/enf/deep-docking/shallow/pdbbind_full_tmp//1l8g_9_1_system.pdb
(8, 0)
/scratch/users/enf/deep-docking/shallow/pdbbind_full_tmp//1l8g_8_0_system.pdb
(5, 1)
/scratch/users/enf/deep-docking/shallow/pdbbind_full_tmp//1l8g_5_1_system.pdb
(1, 0)
/scratch/users/enf/deep-docking/shallow/pdbbind_full_tmp//1l8g_1_0_system.pdb
(10, 1)
/scratch/users/enf/deep-docking/shallow/pdbbind_full_tmp//1l8g_10_1_system.pdb
(4, 1)
/scratch/users/enf/deep-docking/shallow/pdbbind_full_tmp//1l8g_4_1_system.pdb
(1, 1)
/scratch/users/enf/deep-docking/shallow/pdbbind_full_tmp//1l8g_1_1_system.pdb
(4, 0)
/scratch/users/enf/deep-docking/shallow/pdbbind_full_tmp//1l8g_4_0_system.pdb
Finished featurizing atoms
Correct number of features in grid!
About to compute sequence.
About to compute ligand smiles string.
Finished featurizing atoms
Correct number of features in grid!
About to compute sequence.
About to compute ligand smiles string.
Finished featurizing atoms
Correct number of features in grid!
About to compute sequence.
About to compute ligand smiles string.
Finished featurizing atoms
Correct number of features in grid!
About to compute sequence.
About to compute ligand smiles string.
Finished featurizing atoms
Correct number of features in grid!
About to compute sequence.
About to compute ligand smiles string.
Finished featurizing atoms
Correct number of features in grid!
About to compute sequence.
About to compute ligand smiles string.
Finished featurizing atoms
Correct number of features in grid!
About to compute sequence.
About to compute ligand smiles string.
Finished featurizing atoms
Correct number of features in grid!
About to compute sequence.
About to compute ligand smiles string.
Finished featurizing atoms
Correct number of features in grid!
About to compute sequence.
About to compute ligand smiles string.
Finished featurizing atoms
Correct number of features in grid!
About to compute sequence.
About to compute ligand smiles string.
Finished featurizing atoms
Correct number of features in grid!
About to compute sequence.
About to compute ligand smiles string.
Finished featurizing atoms
Correct number of features in grid!
About to compute sequence.
About to compute ligand smiles string.
Finished featurizing atoms
Correct number of features in grid!
About to compute sequence.
About to compute ligand smiles string.
Finished featurizing atoms
Correct number of features in grid!
About to compute sequence.
About to compute ligand smiles string.
Finished featurizing atoms
Correct number of features in grid!
About to compute sequence.
About to compute ligand smiles string.
Finished featurizing atoms
Correct number of features in grid!
About to compute sequence.
About to compute ligand smiles string.
Finished featurizing atoms
Correct number of features in grid!
About to compute sequence.
About to compute ligand smiles string.
Finished featurizing atoms
Correct number of features in grid!
About to compute sequence.
About to compute ligand smiles string.
Finished featurizing atoms
Correct number of features in grid!
About to compute sequence.
About to compute ligand smiles string.
Finished featurizing atoms
Correct number of features in grid!
About to compute sequence.
About to compute ligand smiles string.
Finished featurizing atoms
Correct number of features in grid!
About to compute sequence.
About to compute ligand smiles string.

processing 5-th pdb /scratch/users/enf/deep-docking/datasets/pdbbind/website/4b0j
About to extract ligand and protein input files
Extracted Input Files:
('4b0j_ligand_hyd.pdb', '4b0j_ligand_hyd.pdbqt', '4b0j_protein_hyd.pdb', '4b0j_protein_hyd.pdbqt')
(9, 0)
/scratch/users/enf/deep-docking/shallow/pdbbind_full_tmp//4b0j_9_0_system.pdb
(0, 0)
/scratch/users/enf/deep-docking/shallow/pdbbind_full_tmp//4b0j_0_0_system.pdb
(7, 0)
/scratch/users/enf/deep-docking/shallow/pdbbind_full_tmp//4b0j_7_0_system.pdb
(8, 1)
/scratch/users/enf/deep-docking/shallow/pdbbind_full_tmp//4b0j_8_1_system.pdb
(7, 1)
/scratch/users/enf/deep-docking/shallow/pdbbind_full_tmp//4b0j_7_1_system.pdb
(3, 0)
/scratch/users/enf/deep-docking/shallow/pdbbind_full_tmp//4b0j_3_0_system.pdb
(6, 1)
/scratch/users/enf/deep-docking/shallow/pdbbind_full_tmp//4b0j_6_1_system.pdb
(3, 1)
/scratch/users/enf/deep-docking/shallow/pdbbind_full_tmp//4b0j_3_1_system.pdb
(6, 0)
/scratch/users/enf/deep-docking/shallow/pdbbind_full_tmp//4b0j_6_0_system.pdb
(2, 1)
/scratch/users/enf/deep-docking/shallow/pdbbind_full_tmp//4b0j_2_1_system.pdb
(10, 0)
/scratch/users/enf/deep-docking/shallow/pdbbind_full_tmp//4b0j_10_0_system.pdb
(2, 0)
/scratch/users/enf/deep-docking/shallow/pdbbind_full_tmp//4b0j_2_0_system.pdb
(5, 0)
/scratch/users/enf/deep-docking/shallow/pdbbind_full_tmp//4b0j_5_0_system.pdb
(9, 1)
/scratch/users/enf/deep-docking/shallow/pdbbind_full_tmp//4b0j_9_1_system.pdb
(8, 0)
/scratch/users/enf/deep-docking/shallow/pdbbind_full_tmp//4b0j_8_0_system.pdb
(5, 1)
/scratch/users/enf/deep-docking/shallow/pdbbind_full_tmp//4b0j_5_1_system.pdb
(1, 0)
/scratch/users/enf/deep-docking/shallow/pdbbind_full_tmp//4b0j_1_0_system.pdb
(10, 1)
/scratch/users/enf/deep-docking/shallow/pdbbind_full_tmp//4b0j_10_1_system.pdb
(4, 1)
/scratch/users/enf/deep-docking/shallow/pdbbind_full_tmp//4b0j_4_1_system.pdb
(1, 1)
/scratch/users/enf/deep-docking/shallow/pdbbind_full_tmp//4b0j_1_1_system.pdb
(4, 0)
/scratch/users/enf/deep-docking/shallow/pdbbind_full_tmp//4b0j_4_0_system.pdb
Finished featurizing atoms
Correct number of features in grid!
About to compute sequence.
About to compute ligand smiles string.
Finished featurizing atoms
Correct number of features in grid!
About to compute sequence.
About to compute ligand smiles string.
Finished featurizing atoms
Correct number of features in grid!
About to compute sequence.
About to compute ligand smiles string.
Finished featurizing atoms
Correct number of features in grid!
About to compute sequence.
About to compute ligand smiles string.
Finished featurizing atoms
Correct number of features in grid!
About to compute sequence.
About to compute ligand smiles string.
Finished featurizing atoms
Correct number of features in grid!
About to compute sequence.
About to compute ligand smiles string.
Finished featurizing atoms
Correct number of features in grid!
About to compute sequence.
About to compute ligand smiles string.
Finished featurizing atoms
Correct number of features in grid!
About to compute sequence.
About to compute ligand smiles string.
Finished featurizing atoms
Correct number of features in grid!
About to compute sequence.
About to compute ligand smiles string.
Finished featurizing atoms
Correct number of features in grid!
About to compute sequence.
About to compute ligand smiles string.
Finished featurizing atoms
Correct number of features in grid!
About to compute sequence.
About to compute ligand smiles string.
Finished featurizing atoms
Correct number of features in grid!
About to compute sequence.
About to compute ligand smiles string.
Finished featurizing atoms
Correct number of features in grid!
About to compute sequence.
About to compute ligand smiles string.
Finished featurizing atoms
Correct number of features in grid!
About to compute sequence.
About to compute ligand smiles string.
Finished featurizing atoms
Correct number of features in grid!
About to compute sequence.
About to compute ligand smiles string.
Finished featurizing atoms
Correct number of features in grid!
About to compute sequence.
About to compute ligand smiles string.
Finished featurizing atoms
Correct number of features in grid!
About to compute sequence.
About to compute ligand smiles string.
Finished featurizing atoms
Correct number of features in grid!
About to compute sequence.
About to compute ligand smiles string.
Finished featurizing atoms
Correct number of features in grid!
About to compute sequence.
About to compute ligand smiles string.
Finished featurizing atoms
Correct number of features in grid!
About to compute sequence.
About to compute ligand smiles string.
Finished featurizing atoms
Correct number of features in grid!
About to compute sequence.
About to compute ligand smiles string.

processing 6-th pdb /scratch/users/enf/deep-docking/datasets/pdbbind/website/2b7a
About to extract ligand and protein input files
Extracted Input Files:
('2b7a_ligand_hyd.pdb', '2b7a_ligand_hyd.pdbqt', '2b7a_protein_hyd.pdb', '2b7a_protein_hyd.pdbqt')
WARNING: There is no atom named "NZ"in the protein residue  LYS_69_A. Please use
standard naming conventions for all protein residues. This atom is needed to
determine pi-cation and salt-bridge interactions. If this residue is far from
the active site, this warning may not affect the NNScore.

(9, 0)
/scratch/users/enf/deep-docking/shallow/pdbbind_full_tmp//2b7a_9_0_system.pdb
(0, 0)
/scratch/users/enf/deep-docking/shallow/pdbbind_full_tmp//2b7a_0_0_system.pdb
(7, 0)
/scratch/users/enf/deep-docking/shallow/pdbbind_full_tmp//2b7a_7_0_system.pdb
(8, 1)
/scratch/users/enf/deep-docking/shallow/pdbbind_full_tmp//2b7a_8_1_system.pdb
(7, 1)
/scratch/users/enf/deep-docking/shallow/pdbbind_full_tmp//2b7a_7_1_system.pdb
(3, 0)
/scratch/users/enf/deep-docking/shallow/pdbbind_full_tmp//2b7a_3_0_system.pdb
(6, 1)
/scratch/users/enf/deep-docking/shallow/pdbbind_full_tmp//2b7a_6_1_system.pdb
(3, 1)
/scratch/users/enf/deep-docking/shallow/pdbbind_full_tmp//2b7a_3_1_system.pdb
(6, 0)
/scratch/users/enf/deep-docking/shallow/pdbbind_full_tmp//2b7a_6_0_system.pdb
(2, 1)
/scratch/users/enf/deep-docking/shallow/pdbbind_full_tmp//2b7a_2_1_system.pdb
(10, 0)
/scratch/users/enf/deep-docking/shallow/pdbbind_full_tmp//2b7a_10_0_system.pdb
(2, 0)
/scratch/users/enf/deep-docking/shallow/pdbbind_full_tmp//2b7a_2_0_system.pdb
(5, 0)
/scratch/users/enf/deep-docking/shallow/pdbbind_full_tmp//2b7a_5_0_system.pdb
(9, 1)
/scratch/users/enf/deep-docking/shallow/pdbbind_full_tmp//2b7a_9_1_system.pdb
(8, 0)
/scratch/users/enf/deep-docking/shallow/pdbbind_full_tmp//2b7a_8_0_system.pdb
(5, 1)
/scratch/users/enf/deep-docking/shallow/pdbbind_full_tmp//2b7a_5_1_system.pdb
(1, 0)
/scratch/users/enf/deep-docking/shallow/pdbbind_full_tmp//2b7a_1_0_system.pdb
(10, 1)
/scratch/users/enf/deep-docking/shallow/pdbbind_full_tmp//2b7a_10_1_system.pdb
(4, 1)
/scratch/users/enf/deep-docking/shallow/pdbbind_full_tmp//2b7a_4_1_system.pdb
(1, 1)
/scratch/users/enf/deep-docking/shallow/pdbbind_full_tmp//2b7a_1_1_system.pdb
(4, 0)
/scratch/users/enf/deep-docking/shallow/pdbbind_full_tmp//2b7a_4_0_system.pdb
Finished featurizing atoms
Correct number of features in grid!
About to compute sequence.
About to compute ligand smiles string.
Finished featurizing atoms
Correct number of features in grid!
About to compute sequence.
About to compute ligand smiles string.
Finished featurizing atoms
Correct number of features in grid!
About to compute sequence.
About to compute ligand smiles string.
Finished featurizing atoms
Correct number of features in grid!
About to compute sequence.
About to compute ligand smiles string.
Finished featurizing atoms
Correct number of features in grid!
About to compute sequence.
About to compute ligand smiles string.
Finished featurizing atoms
Correct number of features in grid!
About to compute sequence.
About to compute ligand smiles string.
Finished featurizing atoms
Correct number of features in grid!
About to compute sequence.
About to compute ligand smiles string.
Finished featurizing atoms
Correct number of features in grid!
About to compute sequence.
About to compute ligand smiles string.
Finished featurizing atoms
Correct number of features in grid!
About to compute sequence.
About to compute ligand smiles string.
Finished featurizing atoms
Correct number of features in grid!
About to compute sequence.
About to compute ligand smiles string.
Finished featurizing atoms
Correct number of features in grid!
About to compute sequence.
About to compute ligand smiles string.
Finished featurizing atoms
Correct number of features in grid!
About to compute sequence.
About to compute ligand smiles string.
Finished featurizing atoms
Correct number of features in grid!
About to compute sequence.
About to compute ligand smiles string.
Finished featurizing atoms
Correct number of features in grid!
About to compute sequence.
About to compute ligand smiles string.
Finished featurizing atoms
Correct number of features in grid!
About to compute sequence.
About to compute ligand smiles string.
Finished featurizing atoms
Correct number of features in grid!
About to compute sequence.
About to compute ligand smiles string.
Finished featurizing atoms
Correct number of features in grid!
About to compute sequence.
About to compute ligand smiles string.
Finished featurizing atoms
Correct number of features in grid!
About to compute sequence.
About to compute ligand smiles string.
Finished featurizing atoms
Correct number of features in grid!
About to compute sequence.
About to compute ligand smiles string.
Finished featurizing atoms
Correct number of features in grid!
About to compute sequence.
About to compute ligand smiles string.
Finished featurizing atoms
Correct number of features in grid!
About to compute sequence.
About to compute ligand smiles string.

processing 7-th pdb /scratch/users/enf/deep-docking/datasets/pdbbind/website/1uyf
About to extract ligand and protein input files
Extracted Input Files:
('1uyf_ligand_hyd.pdb', '1uyf_ligand_hyd.pdbqt', '1uyf_protein_hyd.pdb', '1uyf_protein_hyd.pdbqt')
(9, 0)
/scratch/users/enf/deep-docking/shallow/pdbbind_full_tmp//1uyf_9_0_system.pdb
(0, 0)
/scratch/users/enf/deep-docking/shallow/pdbbind_full_tmp//1uyf_0_0_system.pdb
(7, 0)
/scratch/users/enf/deep-docking/shallow/pdbbind_full_tmp//1uyf_7_0_system.pdb
(8, 1)
/scratch/users/enf/deep-docking/shallow/pdbbind_full_tmp//1uyf_8_1_system.pdb
(7, 1)
/scratch/users/enf/deep-docking/shallow/pdbbind_full_tmp//1uyf_7_1_system.pdb
(3, 0)
/scratch/users/enf/deep-docking/shallow/pdbbind_full_tmp//1uyf_3_0_system.pdb
(6, 1)
/scratch/users/enf/deep-docking/shallow/pdbbind_full_tmp//1uyf_6_1_system.pdb
(3, 1)
/scratch/users/enf/deep-docking/shallow/pdbbind_full_tmp//1uyf_3_1_system.pdb
(6, 0)
/scratch/users/enf/deep-docking/shallow/pdbbind_full_tmp//1uyf_6_0_system.pdb
(2, 1)
/scratch/users/enf/deep-docking/shallow/pdbbind_full_tmp//1uyf_2_1_system.pdb
(10, 0)
/scratch/users/enf/deep-docking/shallow/pdbbind_full_tmp//1uyf_10_0_system.pdb
(2, 0)
/scratch/users/enf/deep-docking/shallow/pdbbind_full_tmp//1uyf_2_0_system.pdb
(5, 0)
/scratch/users/enf/deep-docking/shallow/pdbbind_full_tmp//1uyf_5_0_system.pdb
(9, 1)
/scratch/users/enf/deep-docking/shallow/pdbbind_full_tmp//1uyf_9_1_system.pdb
(8, 0)
/scratch/users/enf/deep-docking/shallow/pdbbind_full_tmp//1uyf_8_0_system.pdb
(5, 1)
/scratch/users/enf/deep-docking/shallow/pdbbind_full_tmp//1uyf_5_1_system.pdb
(1, 0)
/scratch/users/enf/deep-docking/shallow/pdbbind_full_tmp//1uyf_1_0_system.pdb
(10, 1)
/scratch/users/enf/deep-docking/shallow/pdbbind_full_tmp//1uyf_10_1_system.pdb
(4, 1)
/scratch/users/enf/deep-docking/shallow/pdbbind_full_tmp//1uyf_4_1_system.pdb
(1, 1)
/scratch/users/enf/deep-docking/shallow/pdbbind_full_tmp//1uyf_1_1_system.pdb
(4, 0)
/scratch/users/enf/deep-docking/shallow/pdbbind_full_tmp//1uyf_4_0_system.pdb
Finished featurizing atoms
Correct number of features in grid!
About to compute sequence.
About to compute ligand smiles string.
Finished featurizing atoms
Correct number of features in grid!
About to compute sequence.
About to compute ligand smiles string.
Finished featurizing atoms
Correct number of features in grid!
About to compute sequence.
About to compute ligand smiles string.
Finished featurizing atoms
Correct number of features in grid!
About to compute sequence.
About to compute ligand smiles string.
Finished featurizing atoms
Correct number of features in grid!
About to compute sequence.
About to compute ligand smiles string.
Finished featurizing atoms
Correct number of features in grid!
About to compute sequence.
About to compute ligand smiles string.
Finished featurizing atoms
Correct number of features in grid!
About to compute sequence.
About to compute ligand smiles string.
Finished featurizing atoms
Correct number of features in grid!
About to compute sequence.
About to compute ligand smiles string.
Finished featurizing atoms
Correct number of features in grid!
About to compute sequence.
About to compute ligand smiles string.
Finished featurizing atoms
Correct number of features in grid!
About to compute sequence.
About to compute ligand smiles string.
Finished featurizing atoms
Correct number of features in grid!
About to compute sequence.
About to compute ligand smiles string.
Finished featurizing atoms
Correct number of features in grid!
About to compute sequence.
About to compute ligand smiles string.
Finished featurizing atoms
Correct number of features in grid!
About to compute sequence.
About to compute ligand smiles string.
Finished featurizing atoms
Correct number of features in grid!
About to compute sequence.
About to compute ligand smiles string.
Finished featurizing atoms
Correct number of features in grid!
About to compute sequence.
About to compute ligand smiles string.
Finished featurizing atoms
Correct number of features in grid!
About to compute sequence.
About to compute ligand smiles string.
Finished featurizing atoms
Correct number of features in grid!
About to compute sequence.
About to compute ligand smiles string.
Finished featurizing atoms
Correct number of features in grid!
About to compute sequence.
About to compute ligand smiles string.
Finished featurizing atoms
Correct number of features in grid!
About to compute sequence.
About to compute ligand smiles string.
Finished featurizing atoms
Correct number of features in grid!
About to compute sequence.
About to compute ligand smiles string.
Finished featurizing atoms
Correct number of features in grid!
About to compute sequence.
About to compute ligand smiles string.

processing 8-th pdb /scratch/users/enf/deep-docking/datasets/pdbbind/website/2w1c
About to extract ligand and protein input files
Extracted Input Files:
('2w1c_ligand_hyd.pdb', '2w1c_ligand_hyd.pdbqt', '2w1c_protein_hyd.pdb', '2w1c_protein_hyd.pdbqt')
WARNING: There is no atom named "C"in the protein residue  HIS_390_A. Please use
standard naming conventions for all protein residues. This atom is needed to
determine secondary structure. If this residue is far from the active site, this
warning may not affect the NNScore.

WARNING: There is no atom named "CA"in the protein residue  HIS_390_A. Please
use standard naming conventions for all protein residues. This atom is needed to
determine secondary structure. If this residue is far from the active site, this
warning may not affect the NNScore.

WARNING: There is no atom named "NE2"in the protein residue  HIS_390_A. Please
use standard naming conventions for all protein residues. This atom is needed to
determine pi-cation and salt-bridge interactions. If this residue is far from
the active site, this warning may not affect the NNScore.

WARNING: There is no atom named "ND1"in the protein residue  HIS_390_A. Please
use standard naming conventions for all protein residues. This atom is needed to
determine pi-cation and salt-bridge interactions. If this residue is far from
the active site, this warning may not affect the NNScore.

WARNING: There is no atom named "CG"in the protein residue  HIS_390_A. Please
use standard naming conventions for all protein residues. This atom is needed to
determine pi-pi and pi-cation interactions. If this residue is far from the
active site, this warning may not affect the NNScore.

WARNING: There is no atom named "ND1"in the protein residue  HIS_390_A. Please
use standard naming conventions for all protein residues. This atom is needed to
determine pi-pi and pi-cation interactions. If this residue is far from the
active site, this warning may not affect the NNScore.

WARNING: There is no atom named "CD2"in the protein residue  HIS_390_A. Please
use standard naming conventions for all protein residues. This atom is needed to
determine pi-pi and pi-cation interactions. If this residue is far from the
active site, this warning may not affect the NNScore.

WARNING: There is no atom named "CE2"in the protein residue  HIS_390_A. Please
use standard naming conventions for all protein residues. This atom is needed to
determine pi-pi and pi-cation interactions. If this residue is far from the
active site, this warning may not affect the NNScore.

WARNING: There is no atom named "NE2"in the protein residue  HIS_390_A. Please
use standard naming conventions for all protein residues. This atom is needed to
determine pi-pi and pi-cation interactions. If this residue is far from the
active site, this warning may not affect the NNScore.

WARNING: There is no atom named "OE1"in the protein residue  GLU_336_A. Please
use standard naming conventions for all protein residues. This atom is needed to
determine salt-bridge interactions. If this residue is far from the active site,
this warning may not affect the NNScore.

WARNING: There is no atom named "OE2"in the protein residue  GLU_336_A. Please
use standard naming conventions for all protein residues. This atom is needed to
determine salt-bridge interactions. If this residue is far from the active site,
this warning may not affect the NNScore.

(9, 0)
/scratch/users/enf/deep-docking/shallow/pdbbind_full_tmp//2w1c_9_0_system.pdb
(0, 0)
/scratch/users/enf/deep-docking/shallow/pdbbind_full_tmp//2w1c_0_0_system.pdb
(7, 0)
/scratch/users/enf/deep-docking/shallow/pdbbind_full_tmp//2w1c_7_0_system.pdb
(8, 1)
/scratch/users/enf/deep-docking/shallow/pdbbind_full_tmp//2w1c_8_1_system.pdb
(7, 1)
/scratch/users/enf/deep-docking/shallow/pdbbind_full_tmp//2w1c_7_1_system.pdb
(3, 0)
/scratch/users/enf/deep-docking/shallow/pdbbind_full_tmp//2w1c_3_0_system.pdb
(6, 1)
/scratch/users/enf/deep-docking/shallow/pdbbind_full_tmp//2w1c_6_1_system.pdb
(3, 1)
/scratch/users/enf/deep-docking/shallow/pdbbind_full_tmp//2w1c_3_1_system.pdb
(6, 0)
/scratch/users/enf/deep-docking/shallow/pdbbind_full_tmp//2w1c_6_0_system.pdb
(2, 1)
/scratch/users/enf/deep-docking/shallow/pdbbind_full_tmp//2w1c_2_1_system.pdb
(10, 0)
/scratch/users/enf/deep-docking/shallow/pdbbind_full_tmp//2w1c_10_0_system.pdb
(2, 0)
/scratch/users/enf/deep-docking/shallow/pdbbind_full_tmp//2w1c_2_0_system.pdb
(5, 0)
/scratch/users/enf/deep-docking/shallow/pdbbind_full_tmp//2w1c_5_0_system.pdb
(9, 1)
/scratch/users/enf/deep-docking/shallow/pdbbind_full_tmp//2w1c_9_1_system.pdb
(8, 0)
/scratch/users/enf/deep-docking/shallow/pdbbind_full_tmp//2w1c_8_0_system.pdb
(5, 1)
/scratch/users/enf/deep-docking/shallow/pdbbind_full_tmp//2w1c_5_1_system.pdb
(1, 0)
/scratch/users/enf/deep-docking/shallow/pdbbind_full_tmp//2w1c_1_0_system.pdb
(10, 1)
/scratch/users/enf/deep-docking/shallow/pdbbind_full_tmp//2w1c_10_1_system.pdb
(4, 1)
/scratch/users/enf/deep-docking/shallow/pdbbind_full_tmp//2w1c_4_1_system.pdb
(1, 1)
/scratch/users/enf/deep-docking/shallow/pdbbind_full_tmp//2w1c_1_1_system.pdb
(4, 0)
/scratch/users/enf/deep-docking/shallow/pdbbind_full_tmp//2w1c_4_0_system.pdb
Finished featurizing atoms
Correct number of features in grid!
About to compute sequence.
About to compute ligand smiles string.
Finished featurizing atoms
Correct number of features in grid!
About to compute sequence.
About to compute ligand smiles string.
Finished featurizing atoms
Correct number of features in grid!
About to compute sequence.
About to compute ligand smiles string.
Finished featurizing atoms
Correct number of features in grid!
About to compute sequence.
About to compute ligand smiles string.
Finished featurizing atoms
Correct number of features in grid!
About to compute sequence.
About to compute ligand smiles string.
Finished featurizing atoms
Correct number of features in grid!
About to compute sequence.
About to compute ligand smiles string.
Finished featurizing atoms
Correct number of features in grid!
About to compute sequence.
About to compute ligand smiles string.
Finished featurizing atoms
Correct number of features in grid!
About to compute sequence.
About to compute ligand smiles string.
Finished featurizing atoms
Correct number of features in grid!
About to compute sequence.
About to compute ligand smiles string.
Finished featurizing atoms
Correct number of features in grid!
About to compute sequence.
About to compute ligand smiles string.
Finished featurizing atoms
Correct number of features in grid!
About to compute sequence.
About to compute ligand smiles string.
Finished featurizing atoms
Correct number of features in grid!
About to compute sequence.
About to compute ligand smiles string.
Finished featurizing atoms
Correct number of features in grid!
About to compute sequence.
About to compute ligand smiles string.
Finished featurizing atoms
Correct number of features in grid!
About to compute sequence.
About to compute ligand smiles string.
Finished featurizing atoms
Correct number of features in grid!
About to compute sequence.
About to compute ligand smiles string.
Finished featurizing atoms
Correct number of features in grid!
About to compute sequence.
About to compute ligand smiles string.
Finished featurizing atoms
Correct number of features in grid!
About to compute sequence.
About to compute ligand smiles string.
Finished featurizing atoms
Correct number of features in grid!
About to compute sequence.
About to compute ligand smiles string.
Finished featurizing atoms
Correct number of features in grid!
About to compute sequence.
About to compute ligand smiles string.
Finished featurizing atoms
Correct number of features in grid!
About to compute sequence.
About to compute ligand smiles string.
Finished featurizing atoms
Correct number of features in grid!
About to compute sequence.
About to compute ligand smiles string.

processing 9-th pdb /scratch/users/enf/deep-docking/datasets/pdbbind/website/3fv1
About to extract ligand and protein input files
Extracted Input Files:
('3fv1_ligand_hyd.pdb', '3fv1_ligand_hyd.pdbqt', '3fv1_protein_hyd.pdb', '3fv1_protein_hyd.pdbqt')
WARNING: There is no atom named "NH1"in the protein residue  ARG_785_A. Please
use standard naming conventions for all protein residues. This atom is needed to
determine pi-cation and salt-bridge interactions. If this residue is far from
the active site, this warning may not affect the NNScore.

WARNING: There is no atom named "NH2"in the protein residue  ARG_785_A. Please
use standard naming conventions for all protein residues. This atom is needed to
determine pi-cation and salt-bridge interactions. If this residue is far from
the active site, this warning may not affect the NNScore.

(9, 0)
/scratch/users/enf/deep-docking/shallow/pdbbind_full_tmp//3fv1_9_0_system.pdb
(0, 0)
/scratch/users/enf/deep-docking/shallow/pdbbind_full_tmp//3fv1_0_0_system.pdb
(7, 0)
/scratch/users/enf/deep-docking/shallow/pdbbind_full_tmp//3fv1_7_0_system.pdb
(8, 1)
/scratch/users/enf/deep-docking/shallow/pdbbind_full_tmp//3fv1_8_1_system.pdb
(7, 1)
/scratch/users/enf/deep-docking/shallow/pdbbind_full_tmp//3fv1_7_1_system.pdb
(3, 0)
/scratch/users/enf/deep-docking/shallow/pdbbind_full_tmp//3fv1_3_0_system.pdb
(6, 1)
/scratch/users/enf/deep-docking/shallow/pdbbind_full_tmp//3fv1_6_1_system.pdb
(3, 1)
/scratch/users/enf/deep-docking/shallow/pdbbind_full_tmp//3fv1_3_1_system.pdb
(6, 0)
/scratch/users/enf/deep-docking/shallow/pdbbind_full_tmp//3fv1_6_0_system.pdb
(2, 1)
/scratch/users/enf/deep-docking/shallow/pdbbind_full_tmp//3fv1_2_1_system.pdb
(10, 0)
/scratch/users/enf/deep-docking/shallow/pdbbind_full_tmp//3fv1_10_0_system.pdb
(2, 0)
/scratch/users/enf/deep-docking/shallow/pdbbind_full_tmp//3fv1_2_0_system.pdb
(5, 0)
/scratch/users/enf/deep-docking/shallow/pdbbind_full_tmp//3fv1_5_0_system.pdb
(9, 1)
/scratch/users/enf/deep-docking/shallow/pdbbind_full_tmp//3fv1_9_1_system.pdb
(8, 0)
/scratch/users/enf/deep-docking/shallow/pdbbind_full_tmp//3fv1_8_0_system.pdb
(5, 1)
/scratch/users/enf/deep-docking/shallow/pdbbind_full_tmp//3fv1_5_1_system.pdb
(1, 0)
/scratch/users/enf/deep-docking/shallow/pdbbind_full_tmp//3fv1_1_0_system.pdb
(10, 1)
/scratch/users/enf/deep-docking/shallow/pdbbind_full_tmp//3fv1_10_1_system.pdb
(4, 1)
/scratch/users/enf/deep-docking/shallow/pdbbind_full_tmp//3fv1_4_1_system.pdb
(1, 1)
/scratch/users/enf/deep-docking/shallow/pdbbind_full_tmp//3fv1_1_1_system.pdb
(4, 0)
/scratch/users/enf/deep-docking/shallow/pdbbind_full_tmp//3fv1_4_0_system.pdb
Finished featurizing atoms
Correct number of features in grid!
About to compute sequence.
About to compute ligand smiles string.
Finished featurizing atoms
Correct number of features in grid!
About to compute sequence.
About to compute ligand smiles string.
Finished featurizing atoms
Correct number of features in grid!
About to compute sequence.
About to compute ligand smiles string.
Finished featurizing atoms
Correct number of features in grid!
About to compute sequence.
About to compute ligand smiles string.
Finished featurizing atoms
Correct number of features in grid!
About to compute sequence.
About to compute ligand smiles string.
Finished featurizing atoms
Correct number of features in grid!
About to compute sequence.
About to compute ligand smiles string.
Finished featurizing atoms
Correct number of features in grid!
About to compute sequence.
About to compute ligand smiles string.
Finished featurizing atoms
Correct number of features in grid!
About to compute sequence.
About to compute ligand smiles string.
Finished featurizing atoms
Correct number of features in grid!
About to compute sequence.
About to compute ligand smiles string.
Finished featurizing atoms
Correct number of features in grid!
About to compute sequence.
About to compute ligand smiles string.
Finished featurizing atoms
Correct number of features in grid!
About to compute sequence.
About to compute ligand smiles string.
Finished featurizing atoms
Correct number of features in grid!
About to compute sequence.
About to compute ligand smiles string.
Finished featurizing atoms
Correct number of features in grid!
About to compute sequence.
About to compute ligand smiles string.
Finished featurizing atoms
Correct number of features in grid!
About to compute sequence.
About to compute ligand smiles string.
Finished featurizing atoms
Correct number of features in grid!
About to compute sequence.
About to compute ligand smiles string.
Finished featurizing atoms
Correct number of features in grid!
About to compute sequence.
About to compute ligand smiles string.
Finished featurizing atoms
Correct number of features in grid!
About to compute sequence.
About to compute ligand smiles string.
Finished featurizing atoms
Correct number of features in grid!
About to compute sequence.
About to compute ligand smiles string.
Finished featurizing atoms
Correct number of features in grid!
About to compute sequence.
About to compute ligand smiles string.
Finished featurizing atoms
Correct number of features in grid!
About to compute sequence.
About to compute ligand smiles string.
Finished featurizing atoms
Correct number of features in grid!
About to compute sequence.
About to compute ligand smiles string.

processing 10-th pdb /scratch/users/enf/deep-docking/datasets/pdbbind/website/3d83
About to extract ligand and protein input files
Extracted Input Files:
('3d83_ligand_hyd.pdb', '3d83_ligand_hyd.pdbqt', '3d83_protein_hyd.pdb', '3d83_protein_hyd.pdbqt')
(9, 0)
/scratch/users/enf/deep-docking/shallow/pdbbind_full_tmp//3d83_9_0_system.pdb
(0, 0)
/scratch/users/enf/deep-docking/shallow/pdbbind_full_tmp//3d83_0_0_system.pdb
(7, 0)
/scratch/users/enf/deep-docking/shallow/pdbbind_full_tmp//3d83_7_0_system.pdb
(8, 1)
/scratch/users/enf/deep-docking/shallow/pdbbind_full_tmp//3d83_8_1_system.pdb
(7, 1)
/scratch/users/enf/deep-docking/shallow/pdbbind_full_tmp//3d83_7_1_system.pdb
(3, 0)
/scratch/users/enf/deep-docking/shallow/pdbbind_full_tmp//3d83_3_0_system.pdb
(6, 1)
/scratch/users/enf/deep-docking/shallow/pdbbind_full_tmp//3d83_6_1_system.pdb
(3, 1)
/scratch/users/enf/deep-docking/shallow/pdbbind_full_tmp//3d83_3_1_system.pdb
(6, 0)
/scratch/users/enf/deep-docking/shallow/pdbbind_full_tmp//3d83_6_0_system.pdb
(2, 1)
/scratch/users/enf/deep-docking/shallow/pdbbind_full_tmp//3d83_2_1_system.pdb
(10, 0)
/scratch/users/enf/deep-docking/shallow/pdbbind_full_tmp//3d83_10_0_system.pdb
(2, 0)
/scratch/users/enf/deep-docking/shallow/pdbbind_full_tmp//3d83_2_0_system.pdb
(5, 0)
/scratch/users/enf/deep-docking/shallow/pdbbind_full_tmp//3d83_5_0_system.pdb
(9, 1)
/scratch/users/enf/deep-docking/shallow/pdbbind_full_tmp//3d83_9_1_system.pdb
(8, 0)
/scratch/users/enf/deep-docking/shallow/pdbbind_full_tmp//3d83_8_0_system.pdb
(5, 1)
/scratch/users/enf/deep-docking/shallow/pdbbind_full_tmp//3d83_5_1_system.pdb
(1, 0)
/scratch/users/enf/deep-docking/shallow/pdbbind_full_tmp//3d83_1_0_system.pdb
(10, 1)
/scratch/users/enf/deep-docking/shallow/pdbbind_full_tmp//3d83_10_1_system.pdb
(4, 1)
/scratch/users/enf/deep-docking/shallow/pdbbind_full_tmp//3d83_4_1_system.pdb
(1, 1)
/scratch/users/enf/deep-docking/shallow/pdbbind_full_tmp//3d83_1_1_system.pdb
(4, 0)
/scratch/users/enf/deep-docking/shallow/pdbbind_full_tmp//3d83_4_0_system.pdb
Finished featurizing atoms
Correct number of features in grid!
About to compute sequence.
About to compute ligand smiles string.
Finished featurizing atoms
Correct number of features in grid!
About to compute sequence.
About to compute ligand smiles string.
Finished featurizing atoms
Correct number of features in grid!
About to compute sequence.
About to compute ligand smiles string.
Finished featurizing atoms
Correct number of features in grid!
About to compute sequence.
About to compute ligand smiles string.
Finished featurizing atoms
Correct number of features in grid!
About to compute sequence.
About to compute ligand smiles string.
Finished featurizing atoms
Correct number of features in grid!
About to compute sequence.
About to compute ligand smiles string.
Finished featurizing atoms
Correct number of features in grid!
About to compute sequence.
About to compute ligand smiles string.
Finished featurizing atoms
Correct number of features in grid!
About to compute sequence.
About to compute ligand smiles string.
Finished featurizing atoms
Correct number of features in grid!
About to compute sequence.
About to compute ligand smiles string.
Finished featurizing atoms
Correct number of features in grid!
About to compute sequence.
About to compute ligand smiles string.
Finished featurizing atoms
Correct number of features in grid!
About to compute sequence.
About to compute ligand smiles string.
Finished featurizing atoms
Correct number of features in grid!
About to compute sequence.
About to compute ligand smiles string.
Finished featurizing atoms
Correct number of features in grid!
About to compute sequence.
About to compute ligand smiles string.
Finished featurizing atoms
Correct number of features in grid!
About to compute sequence.
About to compute ligand smiles string.
Finished featurizing atoms
Correct number of features in grid!
About to compute sequence.
About to compute ligand smiles string.
Finished featurizing atoms
Correct number of features in grid!
About to compute sequence.
About to compute ligand smiles string.
Finished featurizing atoms
Correct number of features in grid!
About to compute sequence.
About to compute ligand smiles string.
Finished featurizing atoms
Correct number of features in grid!
About to compute sequence.
About to compute ligand smiles string.
Finished featurizing atoms
Correct number of features in grid!
About to compute sequence.
About to compute ligand smiles string.
Finished featurizing atoms
Correct number of features in grid!
About to compute sequence.
About to compute ligand smiles string.
Finished featurizing atoms
Correct number of features in grid!
About to compute sequence.
About to compute ligand smiles string.

processing 11-th pdb /scratch/users/enf/deep-docking/datasets/pdbbind/website/1qji
About to extract ligand and protein input files
Extracted Input Files:
('1qji_ligand_hyd.pdb', '1qji_ligand_hyd.pdbqt', '1qji_protein_hyd.pdb', '1qji_protein_hyd.pdbqt')
(9, 0)
/scratch/users/enf/deep-docking/shallow/pdbbind_full_tmp//1qji_9_0_system.pdb
(0, 0)
/scratch/users/enf/deep-docking/shallow/pdbbind_full_tmp//1qji_0_0_system.pdb
(7, 0)
/scratch/users/enf/deep-docking/shallow/pdbbind_full_tmp//1qji_7_0_system.pdb
(8, 1)
/scratch/users/enf/deep-docking/shallow/pdbbind_full_tmp//1qji_8_1_system.pdb
(7, 1)
/scratch/users/enf/deep-docking/shallow/pdbbind_full_tmp//1qji_7_1_system.pdb
(3, 0)
/scratch/users/enf/deep-docking/shallow/pdbbind_full_tmp//1qji_3_0_system.pdb
(6, 1)
/scratch/users/enf/deep-docking/shallow/pdbbind_full_tmp//1qji_6_1_system.pdb
(3, 1)
/scratch/users/enf/deep-docking/shallow/pdbbind_full_tmp//1qji_3_1_system.pdb
(6, 0)
/scratch/users/enf/deep-docking/shallow/pdbbind_full_tmp//1qji_6_0_system.pdb
(2, 1)
/scratch/users/enf/deep-docking/shallow/pdbbind_full_tmp//1qji_2_1_system.pdb
(10, 0)
/scratch/users/enf/deep-docking/shallow/pdbbind_full_tmp//1qji_10_0_system.pdb
(2, 0)
/scratch/users/enf/deep-docking/shallow/pdbbind_full_tmp//1qji_2_0_system.pdb
(5, 0)
/scratch/users/enf/deep-docking/shallow/pdbbind_full_tmp//1qji_5_0_system.pdb
(9, 1)
/scratch/users/enf/deep-docking/shallow/pdbbind_full_tmp//1qji_9_1_system.pdb
(8, 0)
/scratch/users/enf/deep-docking/shallow/pdbbind_full_tmp//1qji_8_0_system.pdb
(5, 1)
/scratch/users/enf/deep-docking/shallow/pdbbind_full_tmp//1qji_5_1_system.pdb
(1, 0)
/scratch/users/enf/deep-docking/shallow/pdbbind_full_tmp//1qji_1_0_system.pdb
(10, 1)
/scratch/users/enf/deep-docking/shallow/pdbbind_full_tmp//1qji_10_1_system.pdb
(4, 1)
/scratch/users/enf/deep-docking/shallow/pdbbind_full_tmp//1qji_4_1_system.pdb
(1, 1)
/scratch/users/enf/deep-docking/shallow/pdbbind_full_tmp//1qji_1_1_system.pdb
(4, 0)
/scratch/users/enf/deep-docking/shallow/pdbbind_full_tmp//1qji_4_0_system.pdb
Finished featurizing atoms
Correct number of features in grid!
About to compute sequence.
About to compute ligand smiles string.
Finished featurizing atoms
Correct number of features in grid!
About to compute sequence.
About to compute ligand smiles string.
Finished featurizing atoms
Correct number of features in grid!
About to compute sequence.
About to compute ligand smiles string.
Finished featurizing atoms
Correct number of features in grid!
About to compute sequence.
About to compute ligand smiles string.
Finished featurizing atoms
Correct number of features in grid!
About to compute sequence.
About to compute ligand smiles string.
Finished featurizing atoms
Correct number of features in grid!
About to compute sequence.
About to compute ligand smiles string.
Finished featurizing atoms
Correct number of features in grid!
About to compute sequence.
About to compute ligand smiles string.
Finished featurizing atoms
Correct number of features in grid!
About to compute sequence.
About to compute ligand smiles string.
Finished featurizing atoms
Correct number of features in grid!
About to compute sequence.
About to compute ligand smiles string.
Finished featurizing atoms
Correct number of features in grid!
About to compute sequence.
About to compute ligand smiles string.
Finished featurizing atoms
Correct number of features in grid!
About to compute sequence.
About to compute ligand smiles string.
Finished featurizing atoms
Correct number of features in grid!
About to compute sequence.
About to compute ligand smiles string.
Finished featurizing atoms
Correct number of features in grid!
About to compute sequence.
About to compute ligand smiles string.
Finished featurizing atoms
Correct number of features in grid!
About to compute sequence.
About to compute ligand smiles string.
Finished featurizing atoms
Correct number of features in grid!
About to compute sequence.
About to compute ligand smiles string.
Finished featurizing atoms
Correct number of features in grid!
About to compute sequence.
About to compute ligand smiles string.
Finished featurizing atoms
Correct number of features in grid!
About to compute sequence.
About to compute ligand smiles string.
Finished featurizing atoms
Correct number of features in grid!
About to compute sequence.
About to compute ligand smiles string.
Finished featurizing atoms
Correct number of features in grid!
About to compute sequence.
About to compute ligand smiles string.
Finished featurizing atoms
Correct number of features in grid!
About to compute sequence.
About to compute ligand smiles string.
Finished featurizing atoms
Correct number of features in grid!
About to compute sequence.
About to compute ligand smiles string.

processing 12-th pdb /scratch/users/enf/deep-docking/datasets/pdbbind/website/3h23
About to extract ligand and protein input files
Extracted Input Files:
('3h23_ligand_hyd.pdb', '3h23_ligand_hyd.pdbqt', '3h23_protein_hyd.pdb', '3h23_protein_hyd.pdbqt')
(9, 0)
/scratch/users/enf/deep-docking/shallow/pdbbind_full_tmp//3h23_9_0_system.pdb
(0, 0)
/scratch/users/enf/deep-docking/shallow/pdbbind_full_tmp//3h23_0_0_system.pdb
(7, 0)
/scratch/users/enf/deep-docking/shallow/pdbbind_full_tmp//3h23_7_0_system.pdb
(8, 1)
/scratch/users/enf/deep-docking/shallow/pdbbind_full_tmp//3h23_8_1_system.pdb
(7, 1)
/scratch/users/enf/deep-docking/shallow/pdbbind_full_tmp//3h23_7_1_system.pdb
(3, 0)
/scratch/users/enf/deep-docking/shallow/pdbbind_full_tmp//3h23_3_0_system.pdb
(6, 1)
/scratch/users/enf/deep-docking/shallow/pdbbind_full_tmp//3h23_6_1_system.pdb
(3, 1)
/scratch/users/enf/deep-docking/shallow/pdbbind_full_tmp//3h23_3_1_system.pdb
(6, 0)
/scratch/users/enf/deep-docking/shallow/pdbbind_full_tmp//3h23_6_0_system.pdb
(2, 1)
/scratch/users/enf/deep-docking/shallow/pdbbind_full_tmp//3h23_2_1_system.pdb
(10, 0)
/scratch/users/enf/deep-docking/shallow/pdbbind_full_tmp//3h23_10_0_system.pdb
(2, 0)
/scratch/users/enf/deep-docking/shallow/pdbbind_full_tmp//3h23_2_0_system.pdb
(5, 0)
/scratch/users/enf/deep-docking/shallow/pdbbind_full_tmp//3h23_5_0_system.pdb
(9, 1)
/scratch/users/enf/deep-docking/shallow/pdbbind_full_tmp//3h23_9_1_system.pdb
(8, 0)
/scratch/users/enf/deep-docking/shallow/pdbbind_full_tmp//3h23_8_0_system.pdb
(5, 1)
/scratch/users/enf/deep-docking/shallow/pdbbind_full_tmp//3h23_5_1_system.pdb
(1, 0)
/scratch/users/enf/deep-docking/shallow/pdbbind_full_tmp//3h23_1_0_system.pdb
(10, 1)
/scratch/users/enf/deep-docking/shallow/pdbbind_full_tmp//3h23_10_1_system.pdb
(4, 1)
/scratch/users/enf/deep-docking/shallow/pdbbind_full_tmp//3h23_4_1_system.pdb
(1, 1)
/scratch/users/enf/deep-docking/shallow/pdbbind_full_tmp//3h23_1_1_system.pdb
(4, 0)
/scratch/users/enf/deep-docking/shallow/pdbbind_full_tmp//3h23_4_0_system.pdb
Finished featurizing atoms
Correct number of features in grid!
About to compute sequence.
About to compute ligand smiles string.
Finished featurizing atoms
Correct number of features in grid!
About to compute sequence.
About to compute ligand smiles string.
Finished featurizing atoms
Correct number of features in grid!
About to compute sequence.
About to compute ligand smiles string.
Finished featurizing atoms
Correct number of features in grid!
About to compute sequence.
About to compute ligand smiles string.
Finished featurizing atoms
Correct number of features in grid!
About to compute sequence.
About to compute ligand smiles string.
Finished featurizing atoms
Correct number of features in grid!
About to compute sequence.
About to compute ligand smiles string.
Finished featurizing atoms
Correct number of features in grid!
About to compute sequence.
About to compute ligand smiles string.
Finished featurizing atoms
Correct number of features in grid!
About to compute sequence.
About to compute ligand smiles string.
Finished featurizing atoms
Correct number of features in grid!
About to compute sequence.
About to compute ligand smiles string.
Finished featurizing atoms
Correct number of features in grid!
About to compute sequence.
About to compute ligand smiles string.
Finished featurizing atoms
Correct number of features in grid!
About to compute sequence.
About to compute ligand smiles string.
Finished featurizing atoms
Correct number of features in grid!
About to compute sequence.
About to compute ligand smiles string.
Finished featurizing atoms
Correct number of features in grid!
About to compute sequence.
About to compute ligand smiles string.
Finished featurizing atoms
Correct number of features in grid!
About to compute sequence.
About to compute ligand smiles string.
Finished featurizing atoms
Correct number of features in grid!
About to compute sequence.
About to compute ligand smiles string.
Finished featurizing atoms
Correct number of features in grid!
About to compute sequence.
About to compute ligand smiles string.
Finished featurizing atoms
Correct number of features in grid!
About to compute sequence.
About to compute ligand smiles string.
Finished featurizing atoms
Correct number of features in grid!
About to compute sequence.
About to compute ligand smiles string.
Finished featurizing atoms
Correct number of features in grid!
About to compute sequence.
About to compute ligand smiles string.
Finished featurizing atoms
Correct number of features in grid!
About to compute sequence.
About to compute ligand smiles string.
Finished featurizing atoms
Correct number of features in grid!
About to compute sequence.
About to compute ligand smiles string.

processing 13-th pdb /scratch/users/enf/deep-docking/datasets/pdbbind/website/4b14
About to extract ligand and protein input files
Extracted Input Files:
('4b14_ligand_hyd.pdb', '4b14_ligand_hyd.pdbqt', '4b14_protein_hyd.pdb', '4b14_protein_hyd.pdbqt')
(9, 0)
/scratch/users/enf/deep-docking/shallow/pdbbind_full_tmp//4b14_9_0_system.pdb
(0, 0)
/scratch/users/enf/deep-docking/shallow/pdbbind_full_tmp//4b14_0_0_system.pdb
(7, 0)
/scratch/users/enf/deep-docking/shallow/pdbbind_full_tmp//4b14_7_0_system.pdb
(8, 1)
/scratch/users/enf/deep-docking/shallow/pdbbind_full_tmp//4b14_8_1_system.pdb
(7, 1)
/scratch/users/enf/deep-docking/shallow/pdbbind_full_tmp//4b14_7_1_system.pdb
(3, 0)
/scratch/users/enf/deep-docking/shallow/pdbbind_full_tmp//4b14_3_0_system.pdb
(6, 1)
/scratch/users/enf/deep-docking/shallow/pdbbind_full_tmp//4b14_6_1_system.pdb
(3, 1)
/scratch/users/enf/deep-docking/shallow/pdbbind_full_tmp//4b14_3_1_system.pdb
(6, 0)
/scratch/users/enf/deep-docking/shallow/pdbbind_full_tmp//4b14_6_0_system.pdb
(2, 1)
/scratch/users/enf/deep-docking/shallow/pdbbind_full_tmp//4b14_2_1_system.pdb
(10, 0)
/scratch/users/enf/deep-docking/shallow/pdbbind_full_tmp//4b14_10_0_system.pdb
(2, 0)
/scratch/users/enf/deep-docking/shallow/pdbbind_full_tmp//4b14_2_0_system.pdb
(5, 0)
/scratch/users/enf/deep-docking/shallow/pdbbind_full_tmp//4b14_5_0_system.pdb
(9, 1)
/scratch/users/enf/deep-docking/shallow/pdbbind_full_tmp//4b14_9_1_system.pdb
(8, 0)
/scratch/users/enf/deep-docking/shallow/pdbbind_full_tmp//4b14_8_0_system.pdb
(5, 1)
/scratch/users/enf/deep-docking/shallow/pdbbind_full_tmp//4b14_5_1_system.pdb
(1, 0)
/scratch/users/enf/deep-docking/shallow/pdbbind_full_tmp//4b14_1_0_system.pdb
(10, 1)
/scratch/users/enf/deep-docking/shallow/pdbbind_full_tmp//4b14_10_1_system.pdb
(4, 1)
/scratch/users/enf/deep-docking/shallow/pdbbind_full_tmp//4b14_4_1_system.pdb
(1, 1)
/scratch/users/enf/deep-docking/shallow/pdbbind_full_tmp//4b14_1_1_system.pdb
(4, 0)
/scratch/users/enf/deep-docking/shallow/pdbbind_full_tmp//4b14_4_0_system.pdb
Finished featurizing atoms
Correct number of features in grid!
About to compute sequence.
About to compute ligand smiles string.
Finished featurizing atoms
Correct number of features in grid!
About to compute sequence.
About to compute ligand smiles string.
Finished featurizing atoms
Correct number of features in grid!
About to compute sequence.
About to compute ligand smiles string.
Finished featurizing atoms
Correct number of features in grid!
About to compute sequence.
About to compute ligand smiles string.
Finished featurizing atoms
Correct number of features in grid!
About to compute sequence.
About to compute ligand smiles string.
Finished featurizing atoms
Correct number of features in grid!
About to compute sequence.
About to compute ligand smiles string.
Finished featurizing atoms
Correct number of features in grid!
About to compute sequence.
About to compute ligand smiles string.
Finished featurizing atoms
Correct number of features in grid!
About to compute sequence.
About to compute ligand smiles string.
Finished featurizing atoms
Correct number of features in grid!
About to compute sequence.
About to compute ligand smiles string.
Finished featurizing atoms
Correct number of features in grid!
About to compute sequence.
About to compute ligand smiles string.
Finished featurizing atoms
Correct number of features in grid!
About to compute sequence.
About to compute ligand smiles string.
Finished featurizing atoms
Correct number of features in grid!
About to compute sequence.
About to compute ligand smiles string.
Finished featurizing atoms
Correct number of features in grid!
About to compute sequence.
About to compute ligand smiles string.
Finished featurizing atoms
Correct number of features in grid!
About to compute sequence.
About to compute ligand smiles string.
Finished featurizing atoms
Correct number of features in grid!
About to compute sequence.
About to compute ligand smiles string.
Finished featurizing atoms
Correct number of features in grid!
About to compute sequence.
About to compute ligand smiles string.
Finished featurizing atoms
Correct number of features in grid!
About to compute sequence.
About to compute ligand smiles string.
Finished featurizing atoms
Correct number of features in grid!
About to compute sequence.
About to compute ligand smiles string.
Finished featurizing atoms
Correct number of features in grid!
About to compute sequence.
About to compute ligand smiles string.
Finished featurizing atoms
Correct number of features in grid!
About to compute sequence.
About to compute ligand smiles string.
Finished featurizing atoms
Correct number of features in grid!
About to compute sequence.
About to compute ligand smiles string.

processing 14-th pdb /scratch/users/enf/deep-docking/datasets/pdbbind/website/1dbj
About to extract ligand and protein input files
Extracted Input Files:
('1dbj_ligand_hyd.pdb', '1dbj_ligand_hyd.pdbqt', '1dbj_protein_hyd.pdb', '1dbj_protein_hyd.pdbqt')
(9, 0)
/scratch/users/enf/deep-docking/shallow/pdbbind_full_tmp//1dbj_9_0_system.pdb
(0, 0)
/scratch/users/enf/deep-docking/shallow/pdbbind_full_tmp//1dbj_0_0_system.pdb
(7, 0)
/scratch/users/enf/deep-docking/shallow/pdbbind_full_tmp//1dbj_7_0_system.pdb
(8, 1)
/scratch/users/enf/deep-docking/shallow/pdbbind_full_tmp//1dbj_8_1_system.pdb
(7, 1)
/scratch/users/enf/deep-docking/shallow/pdbbind_full_tmp//1dbj_7_1_system.pdb
(3, 0)
/scratch/users/enf/deep-docking/shallow/pdbbind_full_tmp//1dbj_3_0_system.pdb
(6, 1)
/scratch/users/enf/deep-docking/shallow/pdbbind_full_tmp//1dbj_6_1_system.pdb
(3, 1)
/scratch/users/enf/deep-docking/shallow/pdbbind_full_tmp//1dbj_3_1_system.pdb
(6, 0)
/scratch/users/enf/deep-docking/shallow/pdbbind_full_tmp//1dbj_6_0_system.pdb
(2, 1)
/scratch/users/enf/deep-docking/shallow/pdbbind_full_tmp//1dbj_2_1_system.pdb
(10, 0)
/scratch/users/enf/deep-docking/shallow/pdbbind_full_tmp//1dbj_10_0_system.pdb
(2, 0)
/scratch/users/enf/deep-docking/shallow/pdbbind_full_tmp//1dbj_2_0_system.pdb
(5, 0)
/scratch/users/enf/deep-docking/shallow/pdbbind_full_tmp//1dbj_5_0_system.pdb
(9, 1)
/scratch/users/enf/deep-docking/shallow/pdbbind_full_tmp//1dbj_9_1_system.pdb
(8, 0)
/scratch/users/enf/deep-docking/shallow/pdbbind_full_tmp//1dbj_8_0_system.pdb
(5, 1)
/scratch/users/enf/deep-docking/shallow/pdbbind_full_tmp//1dbj_5_1_system.pdb
(1, 0)
/scratch/users/enf/deep-docking/shallow/pdbbind_full_tmp//1dbj_1_0_system.pdb
(10, 1)
/scratch/users/enf/deep-docking/shallow/pdbbind_full_tmp//1dbj_10_1_system.pdb
(4, 1)
/scratch/users/enf/deep-docking/shallow/pdbbind_full_tmp//1dbj_4_1_system.pdb
(1, 1)
/scratch/users/enf/deep-docking/shallow/pdbbind_full_tmp//1dbj_1_1_system.pdb
(4, 0)
/scratch/users/enf/deep-docking/shallow/pdbbind_full_tmp//1dbj_4_0_system.pdb
Finished featurizing atoms
Correct number of features in grid!
About to compute sequence.
About to compute ligand smiles string.
Finished featurizing atoms
Correct number of features in grid!
About to compute sequence.
About to compute ligand smiles string.
Finished featurizing atoms
Correct number of features in grid!
About to compute sequence.
About to compute ligand smiles string.
Finished featurizing atoms
Correct number of features in grid!
About to compute sequence.
About to compute ligand smiles string.
Finished featurizing atoms
Correct number of features in grid!
About to compute sequence.
About to compute ligand smiles string.
Finished featurizing atoms
Correct number of features in grid!
About to compute sequence.
About to compute ligand smiles string.
Finished featurizing atoms
Correct number of features in grid!
About to compute sequence.
About to compute ligand smiles string.
Finished featurizing atoms
Correct number of features in grid!
About to compute sequence.
About to compute ligand smiles string.
Finished featurizing atoms
Correct number of features in grid!
About to compute sequence.
About to compute ligand smiles string.
Finished featurizing atoms
Correct number of features in grid!
About to compute sequence.
About to compute ligand smiles string.
Finished featurizing atoms
Correct number of features in grid!
About to compute sequence.
About to compute ligand smiles string.
Finished featurizing atoms
Correct number of features in grid!
About to compute sequence.
About to compute ligand smiles string.
Finished featurizing atoms
Correct number of features in grid!
About to compute sequence.
About to compute ligand smiles string.
Finished featurizing atoms
Correct number of features in grid!
About to compute sequence.
About to compute ligand smiles string.
Finished featurizing atoms
Correct number of features in grid!
About to compute sequence.
About to compute ligand smiles string.
Finished featurizing atoms
Correct number of features in grid!
About to compute sequence.
About to compute ligand smiles string.
Finished featurizing atoms
Correct number of features in grid!
About to compute sequence.
About to compute ligand smiles string.
Finished featurizing atoms
Correct number of features in grid!
About to compute sequence.
About to compute ligand smiles string.
Finished featurizing atoms
Correct number of features in grid!
About to compute sequence.
About to compute ligand smiles string.
Finished featurizing atoms
Correct number of features in grid!
About to compute sequence.
About to compute ligand smiles string.
Finished featurizing atoms
Correct number of features in grid!
About to compute sequence.
About to compute ligand smiles string.

processing 15-th pdb /scratch/users/enf/deep-docking/datasets/pdbbind/website/3u4r
About to extract ligand and protein input files
Extracted Input Files:
('3u4r_ligand_hyd.pdb', '3u4r_ligand_hyd.pdbqt', '3u4r_protein_hyd.pdb', '3u4r_protein_hyd.pdbqt')
(9, 0)
/scratch/users/enf/deep-docking/shallow/pdbbind_full_tmp//3u4r_9_0_system.pdb
(0, 0)
/scratch/users/enf/deep-docking/shallow/pdbbind_full_tmp//3u4r_0_0_system.pdb
(7, 0)
/scratch/users/enf/deep-docking/shallow/pdbbind_full_tmp//3u4r_7_0_system.pdb
(8, 1)
/scratch/users/enf/deep-docking/shallow/pdbbind_full_tmp//3u4r_8_1_system.pdb
(7, 1)
/scratch/users/enf/deep-docking/shallow/pdbbind_full_tmp//3u4r_7_1_system.pdb
(3, 0)
/scratch/users/enf/deep-docking/shallow/pdbbind_full_tmp//3u4r_3_0_system.pdb
(6, 1)
/scratch/users/enf/deep-docking/shallow/pdbbind_full_tmp//3u4r_6_1_system.pdb
(3, 1)
/scratch/users/enf/deep-docking/shallow/pdbbind_full_tmp//3u4r_3_1_system.pdb
(6, 0)
/scratch/users/enf/deep-docking/shallow/pdbbind_full_tmp//3u4r_6_0_system.pdb
(2, 1)
/scratch/users/enf/deep-docking/shallow/pdbbind_full_tmp//3u4r_2_1_system.pdb
(10, 0)
/scratch/users/enf/deep-docking/shallow/pdbbind_full_tmp//3u4r_10_0_system.pdb
(2, 0)
/scratch/users/enf/deep-docking/shallow/pdbbind_full_tmp//3u4r_2_0_system.pdb
(5, 0)
/scratch/users/enf/deep-docking/shallow/pdbbind_full_tmp//3u4r_5_0_system.pdb
(9, 1)
/scratch/users/enf/deep-docking/shallow/pdbbind_full_tmp//3u4r_9_1_system.pdb
(8, 0)
/scratch/users/enf/deep-docking/shallow/pdbbind_full_tmp//3u4r_8_0_system.pdb
(5, 1)
/scratch/users/enf/deep-docking/shallow/pdbbind_full_tmp//3u4r_5_1_system.pdb
(1, 0)
/scratch/users/enf/deep-docking/shallow/pdbbind_full_tmp//3u4r_1_0_system.pdb
(10, 1)
/scratch/users/enf/deep-docking/shallow/pdbbind_full_tmp//3u4r_10_1_system.pdb
(4, 1)
/scratch/users/enf/deep-docking/shallow/pdbbind_full_tmp//3u4r_4_1_system.pdb
(1, 1)
/scratch/users/enf/deep-docking/shallow/pdbbind_full_tmp//3u4r_1_1_system.pdb
(4, 0)
/scratch/users/enf/deep-docking/shallow/pdbbind_full_tmp//3u4r_4_0_system.pdb
Finished featurizing atoms
Correct number of features in grid!
About to compute sequence.
About to compute ligand smiles string.
Finished featurizing atoms
Correct number of features in grid!
About to compute sequence.
About to compute ligand smiles string.
Finished featurizing atoms
Correct number of features in grid!
About to compute sequence.
About to compute ligand smiles string.
Finished featurizing atoms
Correct number of features in grid!
About to compute sequence.
About to compute ligand smiles string.
Finished featurizing atoms
Correct number of features in grid!
About to compute sequence.
About to compute ligand smiles string.
Finished featurizing atoms
Correct number of features in grid!
About to compute sequence.
About to compute ligand smiles string.
Finished featurizing atoms
Correct number of features in grid!
About to compute sequence.
About to compute ligand smiles string.
Finished featurizing atoms
Correct number of features in grid!
About to compute sequence.
About to compute ligand smiles string.
Finished featurizing atoms
Correct number of features in grid!
About to compute sequence.
About to compute ligand smiles string.
Finished featurizing atoms
Correct number of features in grid!
About to compute sequence.
About to compute ligand smiles string.
Finished featurizing atoms
Correct number of features in grid!
About to compute sequence.
About to compute ligand smiles string.
Finished featurizing atoms
Correct number of features in grid!
About to compute sequence.
About to compute ligand smiles string.
Finished featurizing atoms
Correct number of features in grid!
About to compute sequence.
About to compute ligand smiles string.
Finished featurizing atoms
Correct number of features in grid!
About to compute sequence.
About to compute ligand smiles string.
Finished featurizing atoms
Correct number of features in grid!
About to compute sequence.
About to compute ligand smiles string.
Finished featurizing atoms
Correct number of features in grid!
About to compute sequence.
About to compute ligand smiles string.
Finished featurizing atoms
Correct number of features in grid!
About to compute sequence.
About to compute ligand smiles string.
Finished featurizing atoms
Correct number of features in grid!
About to compute sequence.
About to compute ligand smiles string.
Finished featurizing atoms
Correct number of features in grid!
About to compute sequence.
About to compute ligand smiles string.
Finished featurizing atoms
Correct number of features in grid!
About to compute sequence.
About to compute ligand smiles string.
Finished featurizing atoms
Correct number of features in grid!
About to compute sequence.
About to compute ligand smiles string.

processing 16-th pdb /scratch/users/enf/deep-docking/datasets/pdbbind/website/3rj7
About to extract ligand and protein input files
Extracted Input Files:
('3rj7_ligand_hyd.pdb', '3rj7_ligand_hyd.pdbqt', '3rj7_protein_hyd.pdb', '3rj7_protein_hyd.pdbqt')
WARNING: There is no atom named "N"in the protein residue  HIS_3_A. Please use
standard naming conventions for all protein residues. This atom is needed to
determine secondary structure. If this residue is far from the active site, this
warning may not affect the NNScore.

WARNING: There is no atom named "NE2"in the protein residue  HIS_3_A. Please use
standard naming conventions for all protein residues. This atom is needed to
determine pi-cation and salt-bridge interactions. If this residue is far from
the active site, this warning may not affect the NNScore.

WARNING: There is no atom named "ND1"in the protein residue  HIS_3_A. Please use
standard naming conventions for all protein residues. This atom is needed to
determine pi-cation and salt-bridge interactions. If this residue is far from
the active site, this warning may not affect the NNScore.

WARNING: There is no atom named "CG"in the protein residue  HIS_3_A. Please use
standard naming conventions for all protein residues. This atom is needed to
determine pi-pi and pi-cation interactions. If this residue is far from the
active site, this warning may not affect the NNScore.

WARNING: There is no atom named "ND1"in the protein residue  HIS_3_A. Please use
standard naming conventions for all protein residues. This atom is needed to
determine pi-pi and pi-cation interactions. If this residue is far from the
active site, this warning may not affect the NNScore.

WARNING: There is no atom named "CD2"in the protein residue  HIS_3_A. Please use
standard naming conventions for all protein residues. This atom is needed to
determine pi-pi and pi-cation interactions. If this residue is far from the
active site, this warning may not affect the NNScore.

WARNING: There is no atom named "CE2"in the protein residue  HIS_3_A. Please use
standard naming conventions for all protein residues. This atom is needed to
determine pi-pi and pi-cation interactions. If this residue is far from the
active site, this warning may not affect the NNScore.

WARNING: There is no atom named "NE2"in the protein residue  HIS_3_A. Please use
standard naming conventions for all protein residues. This atom is needed to
determine pi-pi and pi-cation interactions. If this residue is far from the
active site, this warning may not affect the NNScore.

(9, 0)
/scratch/users/enf/deep-docking/shallow/pdbbind_full_tmp//3rj7_9_0_system.pdb
(0, 0)
/scratch/users/enf/deep-docking/shallow/pdbbind_full_tmp//3rj7_0_0_system.pdb
(7, 0)
/scratch/users/enf/deep-docking/shallow/pdbbind_full_tmp//3rj7_7_0_system.pdb
(8, 1)
/scratch/users/enf/deep-docking/shallow/pdbbind_full_tmp//3rj7_8_1_system.pdb
(7, 1)
/scratch/users/enf/deep-docking/shallow/pdbbind_full_tmp//3rj7_7_1_system.pdb
(3, 0)
/scratch/users/enf/deep-docking/shallow/pdbbind_full_tmp//3rj7_3_0_system.pdb
(6, 1)
/scratch/users/enf/deep-docking/shallow/pdbbind_full_tmp//3rj7_6_1_system.pdb
(3, 1)
/scratch/users/enf/deep-docking/shallow/pdbbind_full_tmp//3rj7_3_1_system.pdb
(6, 0)
/scratch/users/enf/deep-docking/shallow/pdbbind_full_tmp//3rj7_6_0_system.pdb
(2, 1)
/scratch/users/enf/deep-docking/shallow/pdbbind_full_tmp//3rj7_2_1_system.pdb
(10, 0)
/scratch/users/enf/deep-docking/shallow/pdbbind_full_tmp//3rj7_10_0_system.pdb
(2, 0)
/scratch/users/enf/deep-docking/shallow/pdbbind_full_tmp//3rj7_2_0_system.pdb
(5, 0)
/scratch/users/enf/deep-docking/shallow/pdbbind_full_tmp//3rj7_5_0_system.pdb
(9, 1)
/scratch/users/enf/deep-docking/shallow/pdbbind_full_tmp//3rj7_9_1_system.pdb
(8, 0)
/scratch/users/enf/deep-docking/shallow/pdbbind_full_tmp//3rj7_8_0_system.pdb
(5, 1)
/scratch/users/enf/deep-docking/shallow/pdbbind_full_tmp//3rj7_5_1_system.pdb
(1, 0)
/scratch/users/enf/deep-docking/shallow/pdbbind_full_tmp//3rj7_1_0_system.pdb
(10, 1)
/scratch/users/enf/deep-docking/shallow/pdbbind_full_tmp//3rj7_10_1_system.pdb
(4, 1)
/scratch/users/enf/deep-docking/shallow/pdbbind_full_tmp//3rj7_4_1_system.pdb
(1, 1)
/scratch/users/enf/deep-docking/shallow/pdbbind_full_tmp//3rj7_1_1_system.pdb
(4, 0)
/scratch/users/enf/deep-docking/shallow/pdbbind_full_tmp//3rj7_4_0_system.pdb
